

================================================================
== Vivado HLS Report for 'AXIvideo2Mat'
================================================================
* Date:           Fri Apr  5 23:47:03 2019

* Version:        2018.2 (Build 2258646 on Thu Jun 14 20:25:20 MDT 2018)
* Project:        threshold1
* Solution:       solution1
* Product family: zynq
* Target device:  xc7z020clg400-1


================================================================
== Performance Estimates
================================================================
+ Timing (ns): 
    * Summary: 
    +--------+-------+----------+------------+
    |  Clock | Target| Estimated| Uncertainty|
    +--------+-------+----------+------------+
    |ap_clk  |  10.00|     7.268|        1.25|
    +--------+-------+----------+------------+

+ Latency (clock cycles): 
    * Summary: 
    +-----+--------+-----+--------+---------+
    |    Latency   |   Interval   | Pipeline|
    | min |   max  | min |   max  |   Type  |
    +-----+--------+-----+--------+---------+
    |    3|  926643|    3|  926643|   none  |
    +-----+--------+-----+--------+---------+

    + Detail: 
        * Instance: 
        N/A

        * Loop: 
        +-----------------------+-----+--------+----------+-----------+-----------+----------+----------+
        |                       |    Latency   | Iteration|  Initiation Interval  |   Trip   |          |
        |       Loop Name       | min |   max  |  Latency |  achieved |   target  |   Count  | Pipelined|
        +-----------------------+-----+--------+----------+-----------+-----------+----------+----------+
        |- loop_wait_for_start  |    0|       0|         1|          1|          1|         0|    yes   |
        |- loop_height          |    0|  926640| 7 ~ 1287 |          -|          -|  0 ~ 720 |    no    |
        | + loop_width          |    1|    1281|         2|          1|          1| 0 ~ 1280 |    yes   |
        | + loop_wait_for_eol   |    1|       1|         2|          1|          1|         0|    yes   |
        +-----------------------+-----+--------+----------+-----------+-----------+----------+----------+

============================================================
+ Verbose Summary: Synthesis Manager
============================================================
InlineROM: 1
ExposeGlobal: 0
============================================================
+ Verbose Summary: CDFG Model
============================================================
IsTopModel: 0
ResetActiveHigh: 1
IsCombinational: 2
IsDatapathOnly: 0
HasWiredReturn: 1
HasMFsm: 0
HasVarLatency: 1
IsPipeline: 0
IsRtlPipelined: 0
IsInstanceOverlapped: 0
IsDontTouch: 0
HasImplIP: 0
IsGatedGlobalClock: 0

+ Individual pipeline summary: 
  * Pipeline-0: initiation interval (II) = 1, depth = 1
  * Pipeline-1: initiation interval (II) = 1, depth = 2
  * Pipeline-2: initiation interval (II) = 1, depth = 2


============================================================
+ Verbose Summary: Schedule
============================================================
* Number of FSM states : 10
* Pipeline : 3
  Pipeline-0 : II = 1, D = 1, States = { 2 }
  Pipeline-1 : II = 1, D = 2, States = { 5 6 }
  Pipeline-2 : II = 1, D = 2, States = { 8 9 }
* Dataflow Pipeline: 0

* FSM state transitions: 
1 --> 
	2  / true
2 --> 
	3  / (tmp_user_V)
	2  / (!tmp_user_V)
3 --> 
	4  / true
4 --> 
	5  / (!exitcond3_i)
5 --> 
	6  / true
6 --> 
	7  / (exitcond_i)
	5  / (!exitcond_i)
7 --> 
	8  / true
8 --> 
	9  / true
9 --> 
	10  / (eol_2_i)
	8  / (!eol_2_i)
10 --> 
	4  / true

* FSM state operations: 

State 1 <SV = 0> <Delay = 7.26>
ST_1 : Operation 11 [1/1] (0.00ns)   --->   "call void (...)* @_ssdm_op_SpecInterface(i8* %img_data_stream_2_V, [8 x i8]* @ap_fifo_str, i32 0, i32 0, [1 x i8]* @p_str87, i32 0, i32 0, [1 x i8]* @p_str88, [1 x i8]* @p_str89, [1 x i8]* @p_str90, i32 2, i32 2, i32 16, i32 16, [1 x i8]* @p_str91, [1 x i8]* @p_str92)"   --->   Operation 11 'specinterface' <Predicate = true> <Delay = 0.00>
ST_1 : Operation 12 [1/1] (0.00ns)   --->   "call void (...)* @_ssdm_op_SpecInterface(i8* %img_data_stream_1_V, [8 x i8]* @ap_fifo_str, i32 0, i32 0, [1 x i8]* @p_str80, i32 0, i32 0, [1 x i8]* @p_str81, [1 x i8]* @p_str82, [1 x i8]* @p_str83, i32 2, i32 2, i32 16, i32 16, [1 x i8]* @p_str84, [1 x i8]* @p_str85)"   --->   Operation 12 'specinterface' <Predicate = true> <Delay = 0.00>
ST_1 : Operation 13 [1/1] (0.00ns)   --->   "call void (...)* @_ssdm_op_SpecInterface(i8* %img_data_stream_0_V, [8 x i8]* @ap_fifo_str, i32 0, i32 0, [1 x i8]* @p_str73, i32 0, i32 0, [1 x i8]* @p_str74, [1 x i8]* @p_str75, [1 x i8]* @p_str76, i32 2, i32 2, i32 16, i32 16, [1 x i8]* @p_str77, [1 x i8]* @p_str78)"   --->   Operation 13 'specinterface' <Predicate = true> <Delay = 0.00>
ST_1 : Operation 14 [1/1] (0.00ns)   --->   "call void (...)* @_ssdm_op_SpecInterface(i24* %AXI_video_strm_V_data_V, i3* %AXI_video_strm_V_keep_V, i3* %AXI_video_strm_V_strb_V, i1* %AXI_video_strm_V_user_V, i1* %AXI_video_strm_V_last_V, i1* %AXI_video_strm_V_id_V, i1* %AXI_video_strm_V_dest_V, [5 x i8]* @p_str, i32 1, i32 1, [5 x i8]* @p_str2, i32 0, i32 0, [1 x i8]* @p_str3, [1 x i8]* @p_str3, [1 x i8]* @p_str3, i32 0, i32 0, i32 0, i32 0, [1 x i8]* @p_str3, [1 x i8]* @p_str3) nounwind"   --->   Operation 14 'specinterface' <Predicate = true> <Delay = 0.00>
ST_1 : Operation 15 [1/1] (0.00ns)   --->   "call void (...)* @_ssdm_op_SpecInterface(i24* %AXI_video_strm_V_data_V, i3* %AXI_video_strm_V_keep_V, i3* %AXI_video_strm_V_strb_V, i1* %AXI_video_strm_V_user_V, i1* %AXI_video_strm_V_last_V, i1* %AXI_video_strm_V_id_V, i1* %AXI_video_strm_V_dest_V, [5 x i8]* @p_str, i32 1, i32 1, [5 x i8]* @p_str2, i32 0, i32 0, [1 x i8]* @p_str3, [1 x i8]* @p_str3, [1 x i8]* @p_str3, i32 0, i32 0, i32 0, i32 0, [1 x i8]* @p_str3, [1 x i8]* @p_str3) nounwind"   --->   Operation 15 'specinterface' <Predicate = true> <Delay = 0.00>
ST_1 : Operation 16 [1/1] (0.00ns)   --->   "call void (...)* @_ssdm_op_SpecInterface(i24* %AXI_video_strm_V_data_V, i3* %AXI_video_strm_V_keep_V, i3* %AXI_video_strm_V_strb_V, i1* %AXI_video_strm_V_user_V, i1* %AXI_video_strm_V_last_V, i1* %AXI_video_strm_V_id_V, i1* %AXI_video_strm_V_dest_V, [5 x i8]* @p_str, i32 1, i32 1, [5 x i8]* @p_str2, i32 0, i32 0, [1 x i8]* @p_str3, [1 x i8]* @p_str3, [1 x i8]* @p_str3, i32 0, i32 0, i32 0, i32 0, [1 x i8]* @p_str3, [1 x i8]* @p_str3) nounwind"   --->   Operation 16 'specinterface' <Predicate = true> <Delay = 0.00>
ST_1 : Operation 17 [1/1] (0.00ns)   --->   "call void (...)* @_ssdm_op_SpecInterface(i24* %AXI_video_strm_V_data_V, i3* %AXI_video_strm_V_keep_V, i3* %AXI_video_strm_V_strb_V, i1* %AXI_video_strm_V_user_V, i1* %AXI_video_strm_V_last_V, i1* %AXI_video_strm_V_id_V, i1* %AXI_video_strm_V_dest_V, [5 x i8]* @p_str, i32 1, i32 1, [5 x i8]* @p_str2, i32 0, i32 0, [1 x i8]* @p_str3, [1 x i8]* @p_str3, [1 x i8]* @p_str3, i32 0, i32 0, i32 0, i32 0, [1 x i8]* @p_str3, [1 x i8]* @p_str3) nounwind"   --->   Operation 17 'specinterface' <Predicate = true> <Delay = 0.00>
ST_1 : Operation 18 [1/1] (0.00ns)   --->   "call void (...)* @_ssdm_op_SpecInterface(i24* %AXI_video_strm_V_data_V, i3* %AXI_video_strm_V_keep_V, i3* %AXI_video_strm_V_strb_V, i1* %AXI_video_strm_V_user_V, i1* %AXI_video_strm_V_last_V, i1* %AXI_video_strm_V_id_V, i1* %AXI_video_strm_V_dest_V, [5 x i8]* @p_str, i32 1, i32 1, [5 x i8]* @p_str2, i32 0, i32 0, [1 x i8]* @p_str3, [1 x i8]* @p_str3, [1 x i8]* @p_str3, i32 0, i32 0, i32 0, i32 0, [1 x i8]* @p_str3, [1 x i8]* @p_str3) nounwind"   --->   Operation 18 'specinterface' <Predicate = true> <Delay = 0.00>
ST_1 : Operation 19 [1/1] (0.00ns)   --->   "call void (...)* @_ssdm_op_SpecInterface(i24* %AXI_video_strm_V_data_V, i3* %AXI_video_strm_V_keep_V, i3* %AXI_video_strm_V_strb_V, i1* %AXI_video_strm_V_user_V, i1* %AXI_video_strm_V_last_V, i1* %AXI_video_strm_V_id_V, i1* %AXI_video_strm_V_dest_V, [5 x i8]* @p_str, i32 1, i32 1, [5 x i8]* @p_str2, i32 0, i32 0, [1 x i8]* @p_str3, [1 x i8]* @p_str3, [1 x i8]* @p_str3, i32 0, i32 0, i32 0, i32 0, [1 x i8]* @p_str3, [1 x i8]* @p_str3) nounwind"   --->   Operation 19 'specinterface' <Predicate = true> <Delay = 0.00>
ST_1 : Operation 20 [1/1] (0.00ns)   --->   "call void (...)* @_ssdm_op_SpecInterface(i24* %AXI_video_strm_V_data_V, i3* %AXI_video_strm_V_keep_V, i3* %AXI_video_strm_V_strb_V, i1* %AXI_video_strm_V_user_V, i1* %AXI_video_strm_V_last_V, i1* %AXI_video_strm_V_id_V, i1* %AXI_video_strm_V_dest_V, [5 x i8]* @p_str, i32 1, i32 1, [5 x i8]* @p_str2, i32 0, i32 0, [1 x i8]* @p_str3, [1 x i8]* @p_str3, [1 x i8]* @p_str3, i32 0, i32 0, i32 0, i32 0, [1 x i8]* @p_str3, [1 x i8]* @p_str3) nounwind"   --->   Operation 20 'specinterface' <Predicate = true> <Delay = 0.00>
ST_1 : Operation 21 [1/1] (0.00ns)   --->   "call void (...)* @_ssdm_op_SpecInterface(i12* %img_cols_V, [8 x i8]* @ap_fifo_str, i32 0, i32 0, [1 x i8]* @p_str141, i32 0, i32 0, [1 x i8]* @p_str142, [1 x i8]* @p_str143, [1 x i8]* @p_str144, i32 2, i32 2, i32 16, i32 16, [1 x i8]* @p_str145, [1 x i8]* @p_str146)"   --->   Operation 21 'specinterface' <Predicate = true> <Delay = 0.00>
ST_1 : Operation 22 [1/1] (0.00ns)   --->   "call void (...)* @_ssdm_op_SpecInterface(i11* %img_rows_V, [8 x i8]* @ap_fifo_str, i32 0, i32 0, [1 x i8]* @p_str135, i32 0, i32 0, [1 x i8]* @p_str136, [1 x i8]* @p_str137, [1 x i8]* @p_str138, i32 2, i32 2, i32 16, i32 16, [1 x i8]* @p_str139, [1 x i8]* @p_str140)"   --->   Operation 22 'specinterface' <Predicate = true> <Delay = 0.00>
ST_1 : Operation 23 [1/1] (3.63ns)   --->   "%img_rows_V_read = call i11 @_ssdm_op_Read.ap_fifo.i11P(i11* %img_rows_V)"   --->   Operation 23 'read' 'img_rows_V_read' <Predicate = true> <Delay = 3.63> <Core = "FIFO">   --->   Core 32 'FIFO' <Latency = 0> <II = 1> <Delay = 3.63> <Storage> <Opcode : 'read' 'write' 'nbread' 'nbwrite'> <Ports = 0> <Width = 12> <Depth = 2> <FIFO>
ST_1 : Operation 24 [1/1] (3.63ns)   --->   "%img_cols_V_read = call i12 @_ssdm_op_Read.ap_fifo.i12P(i12* %img_cols_V)"   --->   Operation 24 'read' 'img_cols_V_read' <Predicate = true> <Delay = 3.63> <Core = "FIFO">   --->   Core 32 'FIFO' <Latency = 0> <II = 1> <Delay = 3.63> <Storage> <Opcode : 'read' 'write' 'nbread' 'nbwrite'> <Ports = 0> <Width = 12> <Depth = 2> <FIFO>
ST_1 : Operation 25 [1/1] (0.00ns)   --->   "call void (...)* @_ssdm_op_SpecInterface(i11* %img_rows_V_out, [8 x i8]* @ap_fifo_str, i32 0, i32 0, [1 x i8]* @p_str147, i32 0, i32 0, [1 x i8]* @p_str148, [1 x i8]* @p_str149, [1 x i8]* @p_str150, i32 2, i32 2, i32 16, i32 16, [1 x i8]* @p_str151, [1 x i8]* @p_str152)"   --->   Operation 25 'specinterface' <Predicate = true> <Delay = 0.00>
ST_1 : Operation 26 [1/1] (3.63ns)   --->   "call void @_ssdm_op_Write.ap_fifo.i11P(i11* %img_rows_V_out, i11 %img_rows_V_read)"   --->   Operation 26 'write' <Predicate = true> <Delay = 3.63> <Core = "FIFO">   --->   Core 32 'FIFO' <Latency = 0> <II = 1> <Delay = 3.63> <Storage> <Opcode : 'read' 'write' 'nbread' 'nbwrite'> <Ports = 0> <Width = 12> <Depth = 2> <FIFO>
ST_1 : Operation 27 [1/1] (0.00ns)   --->   "call void (...)* @_ssdm_op_SpecInterface(i12* %img_cols_V_out, [8 x i8]* @ap_fifo_str, i32 0, i32 0, [1 x i8]* @p_str153, i32 0, i32 0, [1 x i8]* @p_str154, [1 x i8]* @p_str155, [1 x i8]* @p_str156, i32 2, i32 2, i32 16, i32 16, [1 x i8]* @p_str157, [1 x i8]* @p_str158)"   --->   Operation 27 'specinterface' <Predicate = true> <Delay = 0.00>
ST_1 : Operation 28 [1/1] (3.63ns)   --->   "call void @_ssdm_op_Write.ap_fifo.i12P(i12* %img_cols_V_out, i12 %img_cols_V_read)"   --->   Operation 28 'write' <Predicate = true> <Delay = 3.63> <Core = "FIFO">   --->   Core 32 'FIFO' <Latency = 0> <II = 1> <Delay = 3.63> <Storage> <Opcode : 'read' 'write' 'nbread' 'nbwrite'> <Ports = 0> <Width = 12> <Depth = 2> <FIFO>
ST_1 : Operation 29 [1/1] (0.00ns)   --->   "call void (...)* @_ssdm_op_SpecInterface(i24* %AXI_video_strm_V_data_V, i3* %AXI_video_strm_V_keep_V, i3* %AXI_video_strm_V_strb_V, i1* %AXI_video_strm_V_user_V, i1* %AXI_video_strm_V_last_V, i1* %AXI_video_strm_V_id_V, i1* %AXI_video_strm_V_dest_V, [5 x i8]* @p_str, i32 1, i32 1, [5 x i8]* @p_str2, i32 0, i32 0, [1 x i8]* @p_str3, [1 x i8]* @p_str3, [1 x i8]* @p_str3, i32 0, i32 0, i32 0, i32 0, [1 x i8]* @p_str3, [1 x i8]* @p_str3) nounwind"   --->   Operation 29 'specinterface' <Predicate = true> <Delay = 0.00>
ST_1 : Operation 30 [1/1] (0.00ns)   --->   "%rows_V = sext i11 %img_rows_V_read to i32"   --->   Operation 30 'sext' 'rows_V' <Predicate = true> <Delay = 0.00>
ST_1 : Operation 31 [1/1] (0.00ns)   --->   "%cols_V = sext i12 %img_cols_V_read to i32"   --->   Operation 31 'sext' 'cols_V' <Predicate = true> <Delay = 0.00>
ST_1 : Operation 32 [1/1] (0.00ns)   --->   "br label %._crit_edge1.i" [C:/Xilinx/Vivado/2018.2/common/technology/autopilot/hls/hls_video_io.h:63]   --->   Operation 32 'br' <Predicate = true> <Delay = 0.00>

State 2 <SV = 1> <Delay = 0.00>
ST_2 : Operation 33 [1/1] (0.00ns)   --->   "call void (...)* @_ssdm_op_SpecLoopName([20 x i8]* @p_str24) nounwind" [C:/Xilinx/Vivado/2018.2/common/technology/autopilot/hls/hls_video_io.h:65]   --->   Operation 33 'specloopname' <Predicate = true> <Delay = 0.00>
ST_2 : Operation 34 [1/1] (0.00ns)   --->   "%tmp_i = call i32 (...)* @_ssdm_op_SpecRegionBegin([20 x i8]* @p_str24)" [C:/Xilinx/Vivado/2018.2/common/technology/autopilot/hls/hls_video_io.h:65]   --->   Operation 34 'specregionbegin' 'tmp_i' <Predicate = true> <Delay = 0.00>
ST_2 : Operation 35 [1/1] (0.00ns)   --->   "call void (...)* @_ssdm_op_SpecPipeline(i32 1, i32 1, i32 1, i32 0, [1 x i8]* @p_str3) nounwind" [C:/Xilinx/Vivado/2018.2/common/technology/autopilot/hls/hls_video_io.h:66]   --->   Operation 35 'specpipeline' <Predicate = true> <Delay = 0.00>
ST_2 : Operation 36 [1/1] (0.00ns)   --->   "call void (...)* @_ssdm_op_SpecLoopTripCount(i32 0, i32 0, i32 0, [1 x i8]* @p_str3) nounwind" [C:/Xilinx/Vivado/2018.2/common/technology/autopilot/hls/hls_video_io.h:67]   --->   Operation 36 'speclooptripcount' <Predicate = true> <Delay = 0.00>
ST_2 : Operation 37 [1/1] (0.00ns)   --->   "%empty = call { i24, i3, i3, i1, i1, i1, i1 } @_ssdm_op_Read.axis.volatile.i24P.i3P.i3P.i1P.i1P.i1P.i1P(i24* %AXI_video_strm_V_data_V, i3* %AXI_video_strm_V_keep_V, i3* %AXI_video_strm_V_strb_V, i1* %AXI_video_strm_V_user_V, i1* %AXI_video_strm_V_last_V, i1* %AXI_video_strm_V_id_V, i1* %AXI_video_strm_V_dest_V)" [C:/Xilinx/Vivado/2018.2/common/technology/autopilot/hls/hls_video_io.h:68]   --->   Operation 37 'read' 'empty' <Predicate = true> <Delay = 0.00> <Core = "AXI4Stream">   --->   Core 5 'AXI4Stream' <Latency = 0> <II = 1> <Delay = 1.00> <Adapter> <Opcode : >
ST_2 : Operation 38 [1/1] (0.00ns)   --->   "%tmp_data_V = extractvalue { i24, i3, i3, i1, i1, i1, i1 } %empty, 0" [C:/Xilinx/Vivado/2018.2/common/technology/autopilot/hls/hls_video_io.h:68]   --->   Operation 38 'extractvalue' 'tmp_data_V' <Predicate = true> <Delay = 0.00>
ST_2 : Operation 39 [1/1] (0.00ns)   --->   "%tmp_user_V = extractvalue { i24, i3, i3, i1, i1, i1, i1 } %empty, 3" [C:/Xilinx/Vivado/2018.2/common/technology/autopilot/hls/hls_video_io.h:68]   --->   Operation 39 'extractvalue' 'tmp_user_V' <Predicate = true> <Delay = 0.00>
ST_2 : Operation 40 [1/1] (0.00ns)   --->   "%tmp_last_V = extractvalue { i24, i3, i3, i1, i1, i1, i1 } %empty, 4" [C:/Xilinx/Vivado/2018.2/common/technology/autopilot/hls/hls_video_io.h:68]   --->   Operation 40 'extractvalue' 'tmp_last_V' <Predicate = true> <Delay = 0.00>
ST_2 : Operation 41 [1/1] (0.00ns)   --->   "%empty_44 = call i32 (...)* @_ssdm_op_SpecRegionEnd([20 x i8]* @p_str24, i32 %tmp_i)" [C:/Xilinx/Vivado/2018.2/common/technology/autopilot/hls/hls_video_io.h:70]   --->   Operation 41 'specregionend' 'empty_44' <Predicate = true> <Delay = 0.00>
ST_2 : Operation 42 [1/1] (0.00ns)   --->   "br i1 %tmp_user_V, label %.preheader186.i.preheader, label %._crit_edge1.i" [C:/Xilinx/Vivado/2018.2/common/technology/autopilot/hls/hls_video_io.h:65]   --->   Operation 42 'br' <Predicate = true> <Delay = 0.00>

State 3 <SV = 2> <Delay = 1.76>
ST_3 : Operation 43 [1/1] (0.00ns)   --->   "%sof_1_i = alloca i1"   --->   Operation 43 'alloca' 'sof_1_i' <Predicate = true> <Delay = 0.00>
ST_3 : Operation 44 [1/1] (1.76ns)   --->   "store i1 true, i1* %sof_1_i"   --->   Operation 44 'store' <Predicate = true> <Delay = 1.76>
ST_3 : Operation 45 [1/1] (1.76ns)   --->   "br label %.preheader186.i" [C:/Xilinx/Vivado/2018.2/common/technology/autopilot/hls/hls_video_io.h:71]   --->   Operation 45 'br' <Predicate = true> <Delay = 1.76>

State 4 <SV = 3> <Delay = 3.45>
ST_4 : Operation 46 [1/1] (0.00ns)   --->   "%axi_last_V1_i = phi i1 [ %axi_last_V_3_i, %5 ], [ %tmp_last_V, %.preheader186.i.preheader ]"   --->   Operation 46 'phi' 'axi_last_V1_i' <Predicate = true> <Delay = 0.00>
ST_4 : Operation 47 [1/1] (0.00ns)   --->   "%axi_data_V1_i = phi i24 [ %axi_data_V_3_i, %5 ], [ %tmp_data_V, %.preheader186.i.preheader ]"   --->   Operation 47 'phi' 'axi_data_V1_i' <Predicate = true> <Delay = 0.00>
ST_4 : Operation 48 [1/1] (0.00ns)   --->   "%t_V = phi i32 [ %i_V, %5 ], [ 0, %.preheader186.i.preheader ]"   --->   Operation 48 'phi' 't_V' <Predicate = true> <Delay = 0.00>
ST_4 : Operation 49 [1/1] (2.47ns)   --->   "%exitcond3_i = icmp eq i32 %t_V, %rows_V" [C:/Xilinx/Vivado/2018.2/common/technology/autopilot/hls/hls_video_io.h:71]   --->   Operation 49 'icmp' 'exitcond3_i' <Predicate = true> <Delay = 2.47> <Core = "Cmp">   --->   Core 25 'Cmp' <Latency = 0> <II = 1> <Delay = 2.47> <FuncUnit> <Opcode : 'icmp'> <InPorts = 2> <OutPorts = 1>
ST_4 : Operation 50 [1/1] (0.00ns)   --->   "call void (...)* @_ssdm_op_SpecLoopTripCount(i64 0, i64 720, i64 0)"   --->   Operation 50 'speclooptripcount' <Predicate = true> <Delay = 0.00>
ST_4 : Operation 51 [1/1] (2.55ns)   --->   "%i_V = add i32 %t_V, 1" [C:/Xilinx/Vivado/2018.2/common/technology/autopilot/hls/hls_video_io.h:71]   --->   Operation 51 'add' 'i_V' <Predicate = true> <Delay = 2.55> <Core = "AddSub">   --->   Core 14 'AddSub' <Latency = 0> <II = 1> <Delay = 2.55> <FuncUnit> <Opcode : 'add' 'sub'> <InPorts = 2> <OutPorts = 1>
ST_4 : Operation 52 [1/1] (0.00ns)   --->   "br i1 %exitcond3_i, label %.exit, label %0" [C:/Xilinx/Vivado/2018.2/common/technology/autopilot/hls/hls_video_io.h:71]   --->   Operation 52 'br' <Predicate = true> <Delay = 0.00>
ST_4 : Operation 53 [1/1] (0.00ns)   --->   "call void (...)* @_ssdm_op_SpecLoopName([12 x i8]* @p_str9) nounwind" [C:/Xilinx/Vivado/2018.2/common/technology/autopilot/hls/hls_video_io.h:71]   --->   Operation 53 'specloopname' <Predicate = (!exitcond3_i)> <Delay = 0.00>
ST_4 : Operation 54 [1/1] (0.00ns)   --->   "%tmp_14_i = call i32 (...)* @_ssdm_op_SpecRegionBegin([12 x i8]* @p_str9)" [C:/Xilinx/Vivado/2018.2/common/technology/autopilot/hls/hls_video_io.h:71]   --->   Operation 54 'specregionbegin' 'tmp_14_i' <Predicate = (!exitcond3_i)> <Delay = 0.00>
ST_4 : Operation 55 [1/1] (1.76ns)   --->   "br label %1" [C:/Xilinx/Vivado/2018.2/common/technology/autopilot/hls/hls_video_io.h:73]   --->   Operation 55 'br' <Predicate = (!exitcond3_i)> <Delay = 1.76>
ST_4 : Operation 56 [1/1] (0.00ns)   --->   "ret void"   --->   Operation 56 'ret' <Predicate = (exitcond3_i)> <Delay = 0.00>

State 5 <SV = 4> <Delay = 3.45>
ST_5 : Operation 57 [1/1] (0.00ns)   --->   "%t_V_3 = phi i32 [ 0, %0 ], [ %j_V, %._crit_edge2.i ]"   --->   Operation 57 'phi' 't_V_3' <Predicate = true> <Delay = 0.00>
ST_5 : Operation 58 [1/1] (0.00ns)   --->   "%eol_i = phi i1 [ false, %0 ], [ %axi_last_V_2_i, %._crit_edge2.i ]" [C:/Xilinx/Vivado/2018.2/common/technology/autopilot/hls/hls_video_io.h:81]   --->   Operation 58 'phi' 'eol_i' <Predicate = true> <Delay = 0.00>
ST_5 : Operation 59 [1/1] (2.47ns)   --->   "%exitcond_i = icmp eq i32 %t_V_3, %cols_V" [C:/Xilinx/Vivado/2018.2/common/technology/autopilot/hls/hls_video_io.h:73]   --->   Operation 59 'icmp' 'exitcond_i' <Predicate = true> <Delay = 2.47> <Core = "Cmp">   --->   Core 25 'Cmp' <Latency = 0> <II = 1> <Delay = 2.47> <FuncUnit> <Opcode : 'icmp'> <InPorts = 2> <OutPorts = 1>
ST_5 : Operation 60 [1/1] (2.55ns)   --->   "%j_V = add i32 %t_V_3, 1" [C:/Xilinx/Vivado/2018.2/common/technology/autopilot/hls/hls_video_io.h:73]   --->   Operation 60 'add' 'j_V' <Predicate = true> <Delay = 2.55> <Core = "AddSub">   --->   Core 14 'AddSub' <Latency = 0> <II = 1> <Delay = 2.55> <FuncUnit> <Opcode : 'add' 'sub'> <InPorts = 2> <OutPorts = 1>
ST_5 : Operation 61 [1/1] (0.00ns)   --->   "%sof_1_i_load = load i1* %sof_1_i" [C:/Xilinx/Vivado/2018.2/common/technology/autopilot/hls/hls_video_io.h:76]   --->   Operation 61 'load' 'sof_1_i_load' <Predicate = (!exitcond_i)> <Delay = 0.00>
ST_5 : Operation 62 [1/1] (0.97ns)   --->   "%brmerge_i = or i1 %sof_1_i_load, %eol_i" [C:/Xilinx/Vivado/2018.2/common/technology/autopilot/hls/hls_video_io.h:76]   --->   Operation 62 'or' 'brmerge_i' <Predicate = (!exitcond_i)> <Delay = 0.97> <Core = "LogicGate">   --->   Core 27 'LogicGate' <Latency = 0> <II = 1> <Delay = 0.97> <FuncUnit> <Opcode : 'and' 'or' 'xor'> <InPorts = 2> <OutPorts = 1>
ST_5 : Operation 63 [2/2] (0.00ns)   --->   "%empty_45 = call { i24, i3, i3, i1, i1, i1, i1 } @_ssdm_op_Read.axis.volatile.i24P.i3P.i3P.i1P.i1P.i1P.i1P(i24* %AXI_video_strm_V_data_V, i3* %AXI_video_strm_V_keep_V, i3* %AXI_video_strm_V_strb_V, i1* %AXI_video_strm_V_user_V, i1* %AXI_video_strm_V_last_V, i1* %AXI_video_strm_V_id_V, i1* %AXI_video_strm_V_dest_V)" [C:/Xilinx/Vivado/2018.2/common/technology/autopilot/hls/hls_video_io.h:81]   --->   Operation 63 'read' 'empty_45' <Predicate = (!exitcond_i & !brmerge_i)> <Delay = 0.00> <Core = "AXI4Stream">   --->   Core 5 'AXI4Stream' <Latency = 0> <II = 1> <Delay = 1.00> <Adapter> <Opcode : >
ST_5 : Operation 64 [1/1] (1.76ns)   --->   "store i1 false, i1* %sof_1_i"   --->   Operation 64 'store' <Predicate = (!exitcond_i)> <Delay = 1.76>

State 6 <SV = 5> <Delay = 5.40>
ST_6 : Operation 65 [1/1] (0.00ns)   --->   "%eol = phi i1 [ %axi_last_V1_i, %0 ], [ %axi_last_V_2_i, %._crit_edge2.i ]" [C:/Xilinx/Vivado/2018.2/common/technology/autopilot/hls/hls_video_io.h:100]   --->   Operation 65 'phi' 'eol' <Predicate = true> <Delay = 0.00>
ST_6 : Operation 66 [1/1] (0.00ns)   --->   "%axi_data_V_1_i = phi i24 [ %axi_data_V1_i, %0 ], [ %p_Val2_s, %._crit_edge2.i ]"   --->   Operation 66 'phi' 'axi_data_V_1_i' <Predicate = true> <Delay = 0.00>
ST_6 : Operation 67 [1/1] (0.00ns)   --->   "call void (...)* @_ssdm_op_SpecLoopTripCount(i64 0, i64 1280, i64 0)"   --->   Operation 67 'speclooptripcount' <Predicate = true> <Delay = 0.00>
ST_6 : Operation 68 [1/1] (0.00ns)   --->   "br i1 %exitcond_i, label %.preheader.i.preheader, label %2" [C:/Xilinx/Vivado/2018.2/common/technology/autopilot/hls/hls_video_io.h:73]   --->   Operation 68 'br' <Predicate = true> <Delay = 0.00>
ST_6 : Operation 69 [1/1] (0.00ns)   --->   "call void (...)* @_ssdm_op_SpecLoopName([11 x i8]* @p_str10) nounwind" [C:/Xilinx/Vivado/2018.2/common/technology/autopilot/hls/hls_video_io.h:73]   --->   Operation 69 'specloopname' <Predicate = (!exitcond_i)> <Delay = 0.00>
ST_6 : Operation 70 [1/1] (0.00ns)   --->   "%tmp_15_i = call i32 (...)* @_ssdm_op_SpecRegionBegin([11 x i8]* @p_str10)" [C:/Xilinx/Vivado/2018.2/common/technology/autopilot/hls/hls_video_io.h:73]   --->   Operation 70 'specregionbegin' 'tmp_15_i' <Predicate = (!exitcond_i)> <Delay = 0.00>
ST_6 : Operation 71 [1/1] (0.00ns)   --->   "call void (...)* @_ssdm_op_SpecPipeline(i32 1, i32 1, i32 1, i32 0, [1 x i8]* @p_str3) nounwind" [C:/Xilinx/Vivado/2018.2/common/technology/autopilot/hls/hls_video_io.h:75]   --->   Operation 71 'specpipeline' <Predicate = (!exitcond_i)> <Delay = 0.00>
ST_6 : Operation 72 [1/1] (1.76ns)   --->   "br i1 %brmerge_i, label %._crit_edge2.i, label %3" [C:/Xilinx/Vivado/2018.2/common/technology/autopilot/hls/hls_video_io.h:76]   --->   Operation 72 'br' <Predicate = (!exitcond_i)> <Delay = 1.76>
ST_6 : Operation 73 [1/2] (0.00ns)   --->   "%empty_45 = call { i24, i3, i3, i1, i1, i1, i1 } @_ssdm_op_Read.axis.volatile.i24P.i3P.i3P.i1P.i1P.i1P.i1P(i24* %AXI_video_strm_V_data_V, i3* %AXI_video_strm_V_keep_V, i3* %AXI_video_strm_V_strb_V, i1* %AXI_video_strm_V_user_V, i1* %AXI_video_strm_V_last_V, i1* %AXI_video_strm_V_id_V, i1* %AXI_video_strm_V_dest_V)" [C:/Xilinx/Vivado/2018.2/common/technology/autopilot/hls/hls_video_io.h:81]   --->   Operation 73 'read' 'empty_45' <Predicate = (!exitcond_i & !brmerge_i)> <Delay = 0.00> <Core = "AXI4Stream">   --->   Core 5 'AXI4Stream' <Latency = 0> <II = 1> <Delay = 1.00> <Adapter> <Opcode : >
ST_6 : Operation 74 [1/1] (0.00ns)   --->   "%tmp_data_V_1 = extractvalue { i24, i3, i3, i1, i1, i1, i1 } %empty_45, 0" [C:/Xilinx/Vivado/2018.2/common/technology/autopilot/hls/hls_video_io.h:81]   --->   Operation 74 'extractvalue' 'tmp_data_V_1' <Predicate = (!exitcond_i & !brmerge_i)> <Delay = 0.00>
ST_6 : Operation 75 [1/1] (0.00ns)   --->   "%tmp_last_V_1 = extractvalue { i24, i3, i3, i1, i1, i1, i1 } %empty_45, 4" [C:/Xilinx/Vivado/2018.2/common/technology/autopilot/hls/hls_video_io.h:81]   --->   Operation 75 'extractvalue' 'tmp_last_V_1' <Predicate = (!exitcond_i & !brmerge_i)> <Delay = 0.00>
ST_6 : Operation 76 [1/1] (1.76ns)   --->   "br label %._crit_edge2.i"   --->   Operation 76 'br' <Predicate = (!exitcond_i & !brmerge_i)> <Delay = 1.76>
ST_6 : Operation 77 [1/1] (0.00ns)   --->   "%axi_last_V_2_i = phi i1 [ %tmp_last_V_1, %3 ], [ %eol, %2 ]"   --->   Operation 77 'phi' 'axi_last_V_2_i' <Predicate = (!exitcond_i)> <Delay = 0.00>
ST_6 : Operation 78 [1/1] (0.00ns)   --->   "%p_Val2_s = phi i24 [ %tmp_data_V_1, %3 ], [ %axi_data_V_1_i, %2 ]"   --->   Operation 78 'phi' 'p_Val2_s' <Predicate = (!exitcond_i)> <Delay = 0.00>
ST_6 : Operation 79 [1/1] (0.00ns)   --->   "%tmp = trunc i24 %p_Val2_s to i8" [C:/Xilinx/Vivado/2018.2/common/technology/autopilot/hls/hls_axi_io.h:49->C:/Xilinx/Vivado/2018.2/common/technology/autopilot/hls/hls_axi_io.h:71->C:/Xilinx/Vivado/2018.2/common/technology/autopilot/hls/hls_video_io.h:92]   --->   Operation 79 'trunc' 'tmp' <Predicate = (!exitcond_i)> <Delay = 0.00>
ST_6 : Operation 80 [1/1] (0.00ns)   --->   "%tmp_8 = call i8 @_ssdm_op_PartSelect.i8.i24.i32.i32(i24 %p_Val2_s, i32 8, i32 15)" [C:/Xilinx/Vivado/2018.2/common/technology/autopilot/hls/hls_axi_io.h:49->C:/Xilinx/Vivado/2018.2/common/technology/autopilot/hls/hls_axi_io.h:71->C:/Xilinx/Vivado/2018.2/common/technology/autopilot/hls/hls_video_io.h:92]   --->   Operation 80 'partselect' 'tmp_8' <Predicate = (!exitcond_i)> <Delay = 0.00>
ST_6 : Operation 81 [1/1] (0.00ns)   --->   "%tmp_9 = call i8 @_ssdm_op_PartSelect.i8.i24.i32.i32(i24 %p_Val2_s, i32 16, i32 23)" [C:/Xilinx/Vivado/2018.2/common/technology/autopilot/hls/hls_axi_io.h:49->C:/Xilinx/Vivado/2018.2/common/technology/autopilot/hls/hls_axi_io.h:71->C:/Xilinx/Vivado/2018.2/common/technology/autopilot/hls/hls_video_io.h:92]   --->   Operation 81 'partselect' 'tmp_9' <Predicate = (!exitcond_i)> <Delay = 0.00>
ST_6 : Operation 82 [1/1] (0.00ns)   --->   "%tmp_17_i = call i32 (...)* @_ssdm_op_SpecRegionBegin([12 x i8]* @p_str26)" [C:/Xilinx/Vivado/2018.2/common/technology/autopilot/hls/hls_video_core.h:641->C:/Xilinx/Vivado/2018.2/common/technology/autopilot/hls/hls_video_core.h:662->C:/Xilinx/Vivado/2018.2/common/technology/autopilot/hls/hls_video_io.h:94]   --->   Operation 82 'specregionbegin' 'tmp_17_i' <Predicate = (!exitcond_i)> <Delay = 0.00>
ST_6 : Operation 83 [1/1] (0.00ns)   --->   "call void (...)* @_ssdm_op_SpecProtocol(i32 0, [1 x i8]* @p_str3) nounwind" [C:/Xilinx/Vivado/2018.2/common/technology/autopilot/hls/hls_video_core.h:645->C:/Xilinx/Vivado/2018.2/common/technology/autopilot/hls/hls_video_core.h:662->C:/Xilinx/Vivado/2018.2/common/technology/autopilot/hls/hls_video_io.h:94]   --->   Operation 83 'specprotocol' <Predicate = (!exitcond_i)> <Delay = 0.00>
ST_6 : Operation 84 [1/1] (3.63ns)   --->   "call void @_ssdm_op_Write.ap_fifo.volatile.i8P(i8* %img_data_stream_0_V, i8 %tmp)" [C:/Xilinx/Vivado/2018.2/common/technology/autopilot/hls/hls_video_core.h:648->C:/Xilinx/Vivado/2018.2/common/technology/autopilot/hls/hls_video_core.h:662->C:/Xilinx/Vivado/2018.2/common/technology/autopilot/hls/hls_video_io.h:94]   --->   Operation 84 'write' <Predicate = (!exitcond_i)> <Delay = 3.63> <Core = "FIFO">   --->   Core 32 'FIFO' <Latency = 0> <II = 1> <Delay = 3.63> <Storage> <Opcode : 'read' 'write' 'nbread' 'nbwrite'> <Ports = 0> <Width = 12> <Depth = 2> <FIFO>
ST_6 : Operation 85 [1/1] (3.63ns)   --->   "call void @_ssdm_op_Write.ap_fifo.volatile.i8P(i8* %img_data_stream_1_V, i8 %tmp_8)" [C:/Xilinx/Vivado/2018.2/common/technology/autopilot/hls/hls_video_core.h:648->C:/Xilinx/Vivado/2018.2/common/technology/autopilot/hls/hls_video_core.h:662->C:/Xilinx/Vivado/2018.2/common/technology/autopilot/hls/hls_video_io.h:94]   --->   Operation 85 'write' <Predicate = (!exitcond_i)> <Delay = 3.63> <Core = "FIFO">   --->   Core 32 'FIFO' <Latency = 0> <II = 1> <Delay = 3.63> <Storage> <Opcode : 'read' 'write' 'nbread' 'nbwrite'> <Ports = 0> <Width = 12> <Depth = 2> <FIFO>
ST_6 : Operation 86 [1/1] (3.63ns)   --->   "call void @_ssdm_op_Write.ap_fifo.volatile.i8P(i8* %img_data_stream_2_V, i8 %tmp_9)" [C:/Xilinx/Vivado/2018.2/common/technology/autopilot/hls/hls_video_core.h:648->C:/Xilinx/Vivado/2018.2/common/technology/autopilot/hls/hls_video_core.h:662->C:/Xilinx/Vivado/2018.2/common/technology/autopilot/hls/hls_video_io.h:94]   --->   Operation 86 'write' <Predicate = (!exitcond_i)> <Delay = 3.63> <Core = "FIFO">   --->   Core 32 'FIFO' <Latency = 0> <II = 1> <Delay = 3.63> <Storage> <Opcode : 'read' 'write' 'nbread' 'nbwrite'> <Ports = 0> <Width = 12> <Depth = 2> <FIFO>
ST_6 : Operation 87 [1/1] (0.00ns)   --->   "%empty_46 = call i32 (...)* @_ssdm_op_SpecRegionEnd([12 x i8]* @p_str26, i32 %tmp_17_i)" [C:/Xilinx/Vivado/2018.2/common/technology/autopilot/hls/hls_video_core.h:650->C:/Xilinx/Vivado/2018.2/common/technology/autopilot/hls/hls_video_core.h:662->C:/Xilinx/Vivado/2018.2/common/technology/autopilot/hls/hls_video_io.h:94]   --->   Operation 87 'specregionend' 'empty_46' <Predicate = (!exitcond_i)> <Delay = 0.00>
ST_6 : Operation 88 [1/1] (0.00ns)   --->   "%empty_47 = call i32 (...)* @_ssdm_op_SpecRegionEnd([11 x i8]* @p_str10, i32 %tmp_15_i)" [C:/Xilinx/Vivado/2018.2/common/technology/autopilot/hls/hls_video_io.h:95]   --->   Operation 88 'specregionend' 'empty_47' <Predicate = (!exitcond_i)> <Delay = 0.00>
ST_6 : Operation 89 [1/1] (0.00ns)   --->   "br label %1" [C:/Xilinx/Vivado/2018.2/common/technology/autopilot/hls/hls_video_io.h:73]   --->   Operation 89 'br' <Predicate = (!exitcond_i)> <Delay = 0.00>

State 7 <SV = 6> <Delay = 1.76>
ST_7 : Operation 90 [1/1] (1.76ns)   --->   "br label %.preheader.i" [C:/Xilinx/Vivado/2018.2/common/technology/autopilot/hls/hls_video_io.h:96]   --->   Operation 90 'br' <Predicate = true> <Delay = 1.76>

State 8 <SV = 7> <Delay = 0.97>
ST_8 : Operation 91 [1/1] (0.00ns)   --->   "%eol_2_i = phi i1 [ %tmp_last_V_2, %4 ], [ %eol_i, %.preheader.i.preheader ]"   --->   Operation 91 'phi' 'eol_2_i' <Predicate = true> <Delay = 0.00>
ST_8 : Operation 92 [2/2] (0.00ns)   --->   "%empty_48 = call { i24, i3, i3, i1, i1, i1, i1 } @_ssdm_op_Read.axis.volatile.i24P.i3P.i3P.i1P.i1P.i1P.i1P(i24* %AXI_video_strm_V_data_V, i3* %AXI_video_strm_V_keep_V, i3* %AXI_video_strm_V_strb_V, i1* %AXI_video_strm_V_user_V, i1* %AXI_video_strm_V_last_V, i1* %AXI_video_strm_V_id_V, i1* %AXI_video_strm_V_dest_V)" [C:/Xilinx/Vivado/2018.2/common/technology/autopilot/hls/hls_video_io.h:100]   --->   Operation 92 'read' 'empty_48' <Predicate = (!eol_2_i)> <Delay = 0.00> <Core = "AXI4Stream">   --->   Core 5 'AXI4Stream' <Latency = 0> <II = 1> <Delay = 1.00> <Adapter> <Opcode : >

State 9 <SV = 8> <Delay = 0.00>
ST_9 : Operation 93 [1/1] (0.00ns)   --->   "%axi_last_V_3_i = phi i1 [ %tmp_last_V_2, %4 ], [ %eol, %.preheader.i.preheader ]"   --->   Operation 93 'phi' 'axi_last_V_3_i' <Predicate = true> <Delay = 0.00>
ST_9 : Operation 94 [1/1] (0.00ns)   --->   "%axi_data_V_3_i = phi i24 [ %tmp_data_V_2, %4 ], [ %axi_data_V_1_i, %.preheader.i.preheader ]"   --->   Operation 94 'phi' 'axi_data_V_3_i' <Predicate = true> <Delay = 0.00>
ST_9 : Operation 95 [1/1] (0.00ns)   --->   "br i1 %eol_2_i, label %5, label %4" [C:/Xilinx/Vivado/2018.2/common/technology/autopilot/hls/hls_video_io.h:96]   --->   Operation 95 'br' <Predicate = true> <Delay = 0.00>
ST_9 : Operation 96 [1/1] (0.00ns)   --->   "call void (...)* @_ssdm_op_SpecLoopName([18 x i8]* @p_str25) nounwind" [C:/Xilinx/Vivado/2018.2/common/technology/autopilot/hls/hls_video_io.h:96]   --->   Operation 96 'specloopname' <Predicate = (!eol_2_i)> <Delay = 0.00>
ST_9 : Operation 97 [1/1] (0.00ns)   --->   "%tmp_16_i = call i32 (...)* @_ssdm_op_SpecRegionBegin([18 x i8]* @p_str25)" [C:/Xilinx/Vivado/2018.2/common/technology/autopilot/hls/hls_video_io.h:96]   --->   Operation 97 'specregionbegin' 'tmp_16_i' <Predicate = (!eol_2_i)> <Delay = 0.00>
ST_9 : Operation 98 [1/1] (0.00ns)   --->   "call void (...)* @_ssdm_op_SpecPipeline(i32 1, i32 1, i32 1, i32 0, [1 x i8]* @p_str3) nounwind" [C:/Xilinx/Vivado/2018.2/common/technology/autopilot/hls/hls_video_io.h:97]   --->   Operation 98 'specpipeline' <Predicate = (!eol_2_i)> <Delay = 0.00>
ST_9 : Operation 99 [1/1] (0.00ns)   --->   "call void (...)* @_ssdm_op_SpecLoopTripCount(i32 0, i32 0, i32 0, [1 x i8]* @p_str3) nounwind" [C:/Xilinx/Vivado/2018.2/common/technology/autopilot/hls/hls_video_io.h:98]   --->   Operation 99 'speclooptripcount' <Predicate = (!eol_2_i)> <Delay = 0.00>
ST_9 : Operation 100 [1/2] (0.00ns)   --->   "%empty_48 = call { i24, i3, i3, i1, i1, i1, i1 } @_ssdm_op_Read.axis.volatile.i24P.i3P.i3P.i1P.i1P.i1P.i1P(i24* %AXI_video_strm_V_data_V, i3* %AXI_video_strm_V_keep_V, i3* %AXI_video_strm_V_strb_V, i1* %AXI_video_strm_V_user_V, i1* %AXI_video_strm_V_last_V, i1* %AXI_video_strm_V_id_V, i1* %AXI_video_strm_V_dest_V)" [C:/Xilinx/Vivado/2018.2/common/technology/autopilot/hls/hls_video_io.h:100]   --->   Operation 100 'read' 'empty_48' <Predicate = (!eol_2_i)> <Delay = 0.00> <Core = "AXI4Stream">   --->   Core 5 'AXI4Stream' <Latency = 0> <II = 1> <Delay = 1.00> <Adapter> <Opcode : >
ST_9 : Operation 101 [1/1] (0.00ns)   --->   "%tmp_data_V_2 = extractvalue { i24, i3, i3, i1, i1, i1, i1 } %empty_48, 0" [C:/Xilinx/Vivado/2018.2/common/technology/autopilot/hls/hls_video_io.h:100]   --->   Operation 101 'extractvalue' 'tmp_data_V_2' <Predicate = (!eol_2_i)> <Delay = 0.00>
ST_9 : Operation 102 [1/1] (0.00ns)   --->   "%tmp_last_V_2 = extractvalue { i24, i3, i3, i1, i1, i1, i1 } %empty_48, 4" [C:/Xilinx/Vivado/2018.2/common/technology/autopilot/hls/hls_video_io.h:100]   --->   Operation 102 'extractvalue' 'tmp_last_V_2' <Predicate = (!eol_2_i)> <Delay = 0.00>
ST_9 : Operation 103 [1/1] (0.00ns)   --->   "%empty_49 = call i32 (...)* @_ssdm_op_SpecRegionEnd([18 x i8]* @p_str25, i32 %tmp_16_i)" [C:/Xilinx/Vivado/2018.2/common/technology/autopilot/hls/hls_video_io.h:103]   --->   Operation 103 'specregionend' 'empty_49' <Predicate = (!eol_2_i)> <Delay = 0.00>
ST_9 : Operation 104 [1/1] (0.00ns)   --->   "br label %.preheader.i" [C:/Xilinx/Vivado/2018.2/common/technology/autopilot/hls/hls_video_io.h:103]   --->   Operation 104 'br' <Predicate = (!eol_2_i)> <Delay = 0.00>

State 10 <SV = 9> <Delay = 0.00>
ST_10 : Operation 105 [1/1] (0.00ns)   --->   "%empty_50 = call i32 (...)* @_ssdm_op_SpecRegionEnd([12 x i8]* @p_str9, i32 %tmp_14_i)" [C:/Xilinx/Vivado/2018.2/common/technology/autopilot/hls/hls_video_io.h:104]   --->   Operation 105 'specregionend' 'empty_50' <Predicate = true> <Delay = 0.00>
ST_10 : Operation 106 [1/1] (0.00ns)   --->   "br label %.preheader186.i" [C:/Xilinx/Vivado/2018.2/common/technology/autopilot/hls/hls_video_io.h:71]   --->   Operation 106 'br' <Predicate = true> <Delay = 0.00>


============================================================
+ Verbose Summary: Timing violations
============================================================
Target clock period: 10ns, clock uncertainty: 1.25ns.

 <State 1>: 7.27ns
The critical path consists of the following:
	fifo read on port 'img_rows_V' [27]  (3.63 ns)
	fifo write on port 'img_rows_V_out' [30]  (3.63 ns)

 <State 2>: 0ns
The critical path consists of the following:

 <State 3>: 1.77ns
The critical path consists of the following:
	'alloca' operation ('sof_1_i') [49]  (0 ns)
	'store' operation of constant 1 on local variable 'sof_1_i' [50]  (1.77 ns)

 <State 4>: 3.45ns
The critical path consists of the following:
	'icmp' operation ('exitcond3_i', C:/Xilinx/Vivado/2018.2/common/technology/autopilot/hls/hls_video_io.h:71) [56]  (2.47 ns)
	blocking operation 0.978 ns on control path)

 <State 5>: 3.45ns
The critical path consists of the following:
	'icmp' operation ('exitcond_i', C:/Xilinx/Vivado/2018.2/common/technology/autopilot/hls/hls_video_io.h:73) [69]  (2.47 ns)
	blocking operation 0.978 ns on control path)

 <State 6>: 5.4ns
The critical path consists of the following:
	'phi' operation ('eol', C:/Xilinx/Vivado/2018.2/common/technology/autopilot/hls/hls_video_io.h:100) with incoming values : ('tmp.last.V', C:/Xilinx/Vivado/2018.2/common/technology/autopilot/hls/hls_video_io.h:68) ('tmp.last.V', C:/Xilinx/Vivado/2018.2/common/technology/autopilot/hls/hls_video_io.h:81) ('tmp.last.V', C:/Xilinx/Vivado/2018.2/common/technology/autopilot/hls/hls_video_io.h:100) [65]  (0 ns)
	multiplexor before 'phi' operation ('axi.data.V') with incoming values : ('tmp.data.V', C:/Xilinx/Vivado/2018.2/common/technology/autopilot/hls/hls_video_io.h:68) ('tmp.data.V', C:/Xilinx/Vivado/2018.2/common/technology/autopilot/hls/hls_video_io.h:81) ('tmp.data.V', C:/Xilinx/Vivado/2018.2/common/technology/autopilot/hls/hls_video_io.h:100) [87]  (1.77 ns)
	'phi' operation ('axi.data.V') with incoming values : ('tmp.data.V', C:/Xilinx/Vivado/2018.2/common/technology/autopilot/hls/hls_video_io.h:68) ('tmp.data.V', C:/Xilinx/Vivado/2018.2/common/technology/autopilot/hls/hls_video_io.h:81) ('tmp.data.V', C:/Xilinx/Vivado/2018.2/common/technology/autopilot/hls/hls_video_io.h:100) [87]  (0 ns)
	fifo write on port 'img_data_stream_0_V' (C:/Xilinx/Vivado/2018.2/common/technology/autopilot/hls/hls_video_core.h:648->C:/Xilinx/Vivado/2018.2/common/technology/autopilot/hls/hls_video_core.h:662->C:/Xilinx/Vivado/2018.2/common/technology/autopilot/hls/hls_video_io.h:94) [93]  (3.63 ns)

 <State 7>: 1.77ns
The critical path consists of the following:
	multiplexor before 'phi' operation ('axi.last.V') with incoming values : ('tmp.last.V', C:/Xilinx/Vivado/2018.2/common/technology/autopilot/hls/hls_video_io.h:68) ('tmp.last.V', C:/Xilinx/Vivado/2018.2/common/technology/autopilot/hls/hls_video_io.h:81) ('tmp.last.V', C:/Xilinx/Vivado/2018.2/common/technology/autopilot/hls/hls_video_io.h:100) [103]  (1.77 ns)

 <State 8>: 0.978ns
The critical path consists of the following:
	'phi' operation ('axi.last.V') with incoming values : ('tmp.last.V', C:/Xilinx/Vivado/2018.2/common/technology/autopilot/hls/hls_video_io.h:68) ('tmp.last.V', C:/Xilinx/Vivado/2018.2/common/technology/autopilot/hls/hls_video_io.h:81) ('tmp.last.V', C:/Xilinx/Vivado/2018.2/common/technology/autopilot/hls/hls_video_io.h:100) [105]  (0 ns)
	blocking operation 0.978 ns on control path)

 <State 9>: 0ns
The critical path consists of the following:

 <State 10>: 0ns
The critical path consists of the following:


============================================================
+ Verbose Summary: Binding
============================================================
N/A
* FSMD analyzer results:
  - Output states:
 - Input state : 
  - Chain level:
	State 1
	State 2
	State 3
	State 4
	State 5
	State 6
	State 7
	State 8
	State 9
	State 10


============================================================
+ Verbose Summary: Datapath Resource usage 
============================================================
N/A
