

================================================================
== Vivado HLS Report for 'CvtColor'
================================================================
* Date:           Fri Apr  5 23:47:09 2019

* Version:        2018.2 (Build 2258646 on Thu Jun 14 20:25:20 MDT 2018)
* Project:        threshold1
* Solution:       solution1
* Product family: zynq
* Target device:  xc7z020clg400-1


================================================================
== Performance Estimates
================================================================
+ Timing (ns): 
    * Summary: 
    +--------+-------+----------+------------+
    |  Clock | Target| Estimated| Uncertainty|
    +--------+-------+----------+------------+
    |ap_clk  |  10.00|     9.400|        1.25|
    +--------+-------+----------+------------+

+ Latency (clock cycles): 
    * Summary: 
    +-----+--------+-----+--------+---------+
    |    Latency   |   Interval   | Pipeline|
    | min |   max  | min |   max  |   Type  |
    +-----+--------+-----+--------+---------+
    |    1|  925921|    1|  925921|   none  |
    +-----+--------+-----+--------+---------+

    + Detail: 
        * Instance: 
        N/A

        * Loop: 
        +---------------+-----+--------+----------+-----------+-----------+----------+----------+
        |               |    Latency   | Iteration|  Initiation Interval  |   Trip   |          |
        |   Loop Name   | min |   max  |  Latency |  achieved |   target  |   Count  | Pipelined|
        +---------------+-----+--------+----------+-----------+-----------+----------+----------+
        |- loop_height  |    0|  925920| 3 ~ 1286 |          -|          -|  0 ~ 720 |    no    |
        | + loop_width  |    0|    1283|         5|          1|          1| 0 ~ 1280 |    yes   |
        +---------------+-----+--------+----------+-----------+-----------+----------+----------+



================================================================
== Utilization Estimates
================================================================
* Summary: 
+-----------------+---------+-------+--------+-------+
|       Name      | BRAM_18K| DSP48E|   FF   |  LUT  |
+-----------------+---------+-------+--------+-------+
|DSP              |        -|      3|       -|      -|
|Expression       |        -|      -|       0|     92|
|FIFO             |        -|      -|       -|      -|
|Instance         |        -|      -|       -|      -|
|Memory           |        -|      -|       -|      -|
|Multiplexer      |        -|      -|       -|    135|
|Register         |        0|      -|     238|     32|
+-----------------+---------+-------+--------+-------+
|Total            |        0|      3|     238|    259|
+-----------------+---------+-------+--------+-------+
|Available        |      280|    220|  106400|  53200|
+-----------------+---------+-------+--------+-------+
|Utilization (%)  |        0|      1|   ~0   |   ~0  |
+-----------------+---------+-------+--------+-------+

+ Detail: 
    * Instance: 
    N/A

    * DSP48: 
    +--------------------------+----------------------+--------------+
    |         Instance         |        Module        |  Expression  |
    +--------------------------+----------------------+--------------+
    |image_filter_mac_cud_U18  |image_filter_mac_cud  | i0 + i1 * i2 |
    |image_filter_mac_dEe_U19  |image_filter_mac_dEe  | i0 * i1 + i2 |
    |image_filter_mul_bkb_U17  |image_filter_mul_bkb  |    i0 * i1   |
    +--------------------------+----------------------+--------------+

    * Memory: 
    N/A

    * FIFO: 
    N/A

    * Expression: 
    +----------------------------------+----------+-------+---+----+------------+------------+
    |           Variable Name          | Operation| DSP48E| FF| LUT| Bitwidth P0| Bitwidth P1|
    +----------------------------------+----------+-------+---+----+------------+------------+
    |i_fu_234_p2                       |     +    |      0|  0|  14|          10|           1|
    |j_fu_249_p2                       |     +    |      0|  0|  13|          11|           1|
    |p_Val2_4_fu_293_p2                |     +    |      0|  0|  15|           8|           8|
    |ap_block_state7_pp0_stage0_iter4  |    and   |      0|  0|   2|           1|           1|
    |tmp_9_i_fu_229_p2                 |   icmp   |      0|  0|  13|          11|          11|
    |tmp_i_40_fu_244_p2                |   icmp   |      0|  0|  13|          12|          12|
    |ap_block_pp0_stage0_01001         |    or    |      0|  0|   2|           1|           1|
    |ap_block_state1                   |    or    |      0|  0|   2|           1|           1|
    |ap_block_state4_pp0_stage0_iter1  |    or    |      0|  0|   2|           1|           1|
    |not_carry_fu_312_p2               |    or    |      0|  0|   2|           1|           1|
    |p_dst_data_stream_V_din           |  select  |      0|  0|   8|           1|           8|
    |ap_enable_pp0                     |    xor   |      0|  0|   2|           1|           2|
    |ap_enable_reg_pp0_iter1           |    xor   |      0|  0|   2|           2|           1|
    |p_Result_2_i_i_i_i_1_fu_306_p2    |    xor   |      0|  0|   2|           1|           2|
    +----------------------------------+----------+-------+---+----+------------+------------+
    |Total                             |          |      0|  0|  92|          62|          51|
    +----------------------------------+----------+-------+---+----+------------+------------+

    * Multiplexer: 
    +-----------------------------+----+-----------+-----+-----------+
    |             Name            | LUT| Input Size| Bits| Total Bits|
    +-----------------------------+----+-----------+-----+-----------+
    |ap_NS_fsm                    |  27|          5|    1|          5|
    |ap_done                      |   9|          2|    1|          2|
    |ap_enable_reg_pp0_iter1      |   9|          2|    1|          2|
    |ap_enable_reg_pp0_iter4      |   9|          2|    1|          2|
    |i_i_reg_203                  |   9|          2|   10|         20|
    |j_i_reg_214                  |   9|          2|   11|         22|
    |p_dst_data_stream_V_blk_n    |   9|          2|    1|          2|
    |p_src_cols_V_blk_n           |   9|          2|    1|          2|
    |p_src_data_stream_0_V_blk_n  |   9|          2|    1|          2|
    |p_src_data_stream_1_V_blk_n  |   9|          2|    1|          2|
    |p_src_data_stream_2_V_blk_n  |   9|          2|    1|          2|
    |p_src_rows_V_blk_n           |   9|          2|    1|          2|
    |real_start                   |   9|          2|    1|          2|
    +-----------------------------+----+-----------+-----+-----------+
    |Total                        | 135|         29|   32|         67|
    +-----------------------------+----+-----------+-----+-----------+

    * Register: 
    +-----------------------------+----+----+-----+-----------+
    |             Name            | FF | LUT| Bits| Const Bits|
    +-----------------------------+----+----+-----+-----------+
    |ap_CS_fsm                    |   4|   0|    4|          0|
    |ap_done_reg                  |   1|   0|    1|          0|
    |ap_enable_reg_pp0_iter0      |   1|   0|    1|          0|
    |ap_enable_reg_pp0_iter1      |   1|   0|    1|          0|
    |ap_enable_reg_pp0_iter2      |   1|   0|    1|          0|
    |ap_enable_reg_pp0_iter3      |   1|   0|    1|          0|
    |ap_enable_reg_pp0_iter4      |   1|   0|    1|          0|
    |i_i_reg_203                  |  10|   0|   10|          0|
    |i_reg_365                    |  10|   0|   10|          0|
    |j_i_reg_214                  |  11|   0|   11|          0|
    |p_Val2_3_reg_404             |   8|   0|    8|          0|
    |p_src_cols_V_read_reg_351    |  12|   0|   12|          0|
    |p_src_rows_V_read_reg_356    |  11|   0|   11|          0|
    |r_V_1_reg_399                |  30|   0|   30|          0|
    |r_V_4_i_i_reg_394            |  29|   0|   29|          0|
    |start_once_reg               |   1|   0|    1|          0|
    |tmp_7_reg_379                |   8|   0|    8|          0|
    |tmp_7_reg_379_pp0_iter2_reg  |   8|   0|    8|          0|
    |tmp_8_reg_384                |   8|   0|    8|          0|
    |tmp_8_reg_384_pp0_iter2_reg  |   8|   0|    8|          0|
    |tmp_9_reg_389                |   8|   0|    8|          0|
    |tmp_i_40_reg_370             |   1|   0|    1|          0|
    |tmp_reg_409                  |   1|   0|    1|          0|
    |tmp_i_40_reg_370             |  64|  32|    1|          0|
    +-----------------------------+----+----+-----+-----------+
    |Total                        | 238|  32|  175|          0|
    +-----------------------------+----+----+-----+-----------+



================================================================
== Interface
================================================================
* Summary: 
+-------------------------------+-----+-----+------------+-----------------------+--------------+
|           RTL Ports           | Dir | Bits|  Protocol  |     Source Object     |    C Type    |
+-------------------------------+-----+-----+------------+-----------------------+--------------+
|ap_clk                         |  in |    1| ap_ctrl_hs |        CvtColor       | return value |
|ap_rst                         |  in |    1| ap_ctrl_hs |        CvtColor       | return value |
|ap_start                       |  in |    1| ap_ctrl_hs |        CvtColor       | return value |
|start_full_n                   |  in |    1| ap_ctrl_hs |        CvtColor       | return value |
|ap_done                        | out |    1| ap_ctrl_hs |        CvtColor       | return value |
|ap_continue                    |  in |    1| ap_ctrl_hs |        CvtColor       | return value |
|ap_idle                        | out |    1| ap_ctrl_hs |        CvtColor       | return value |
|ap_ready                       | out |    1| ap_ctrl_hs |        CvtColor       | return value |
|start_out                      | out |    1| ap_ctrl_hs |        CvtColor       | return value |
|start_write                    | out |    1| ap_ctrl_hs |        CvtColor       | return value |
|p_src_rows_V_dout              |  in |   11|   ap_fifo  |      p_src_rows_V     |    pointer   |
|p_src_rows_V_empty_n           |  in |    1|   ap_fifo  |      p_src_rows_V     |    pointer   |
|p_src_rows_V_read              | out |    1|   ap_fifo  |      p_src_rows_V     |    pointer   |
|p_src_cols_V_dout              |  in |   12|   ap_fifo  |      p_src_cols_V     |    pointer   |
|p_src_cols_V_empty_n           |  in |    1|   ap_fifo  |      p_src_cols_V     |    pointer   |
|p_src_cols_V_read              | out |    1|   ap_fifo  |      p_src_cols_V     |    pointer   |
|p_src_data_stream_0_V_dout     |  in |    8|   ap_fifo  | p_src_data_stream_0_V |    pointer   |
|p_src_data_stream_0_V_empty_n  |  in |    1|   ap_fifo  | p_src_data_stream_0_V |    pointer   |
|p_src_data_stream_0_V_read     | out |    1|   ap_fifo  | p_src_data_stream_0_V |    pointer   |
|p_src_data_stream_1_V_dout     |  in |    8|   ap_fifo  | p_src_data_stream_1_V |    pointer   |
|p_src_data_stream_1_V_empty_n  |  in |    1|   ap_fifo  | p_src_data_stream_1_V |    pointer   |
|p_src_data_stream_1_V_read     | out |    1|   ap_fifo  | p_src_data_stream_1_V |    pointer   |
|p_src_data_stream_2_V_dout     |  in |    8|   ap_fifo  | p_src_data_stream_2_V |    pointer   |
|p_src_data_stream_2_V_empty_n  |  in |    1|   ap_fifo  | p_src_data_stream_2_V |    pointer   |
|p_src_data_stream_2_V_read     | out |    1|   ap_fifo  | p_src_data_stream_2_V |    pointer   |
|p_dst_data_stream_V_din        | out |    8|   ap_fifo  |  p_dst_data_stream_V  |    pointer   |
|p_dst_data_stream_V_full_n     |  in |    1|   ap_fifo  |  p_dst_data_stream_V  |    pointer   |
|p_dst_data_stream_V_write      | out |    1|   ap_fifo  |  p_dst_data_stream_V  |    pointer   |
+-------------------------------+-----+-----+------------+-----------------------+--------------+

============================================================
+ Verbose Summary: Synthesis Manager
============================================================
InlineROM: 1
ExposeGlobal: 0
============================================================
+ Verbose Summary: CDFG Model
============================================================
IsTopModel: 0
ResetActiveHigh: 1
IsCombinational: 2
IsDatapathOnly: 0
HasWiredReturn: 1
HasMFsm: 0
HasVarLatency: 1
IsPipeline: 0
IsRtlPipelined: 0
IsInstanceOverlapped: 0
IsDontTouch: 0
HasImplIP: 0
IsGatedGlobalClock: 0

+ Individual pipeline summary: 
  * Pipeline-0: initiation interval (II) = 1, depth = 5


============================================================
+ Verbose Summary: Schedule
============================================================
* Number of FSM states : 8
* Pipeline : 1
  Pipeline-0 : II = 1, D = 5, States = { 3 4 5 6 7 }
* Dataflow Pipeline: 0

* FSM state transitions: 
1 --> 
	2  / true
2 --> 
	3  / (tmp_9_i)
3 --> 
	8  / (!tmp_i_40)
	4  / (tmp_i_40)
4 --> 
	5  / true
5 --> 
	6  / true
6 --> 
	7  / true
7 --> 
	3  / true
8 --> 
	2  / true

* FSM state operations: 

State 1 <SV = 0> <Delay = 3.63>
ST_1 : Operation 9 [1/1] (0.00ns)   --->   "call void (...)* @_ssdm_op_SpecInterface(i8* %p_dst_data_stream_V, [8 x i8]* @ap_fifo_str, i32 0, i32 0, [1 x i8]* @p_str94, i32 0, i32 0, [1 x i8]* @p_str95, [1 x i8]* @p_str96, [1 x i8]* @p_str97, i32 2, i32 2, i32 16, i32 16, [1 x i8]* @p_str98, [1 x i8]* @p_str99)"   --->   Operation 9 'specinterface' <Predicate = true> <Delay = 0.00>
ST_1 : Operation 10 [1/1] (0.00ns)   --->   "call void (...)* @_ssdm_op_SpecInterface(i8* %p_src_data_stream_2_V, [8 x i8]* @ap_fifo_str, i32 0, i32 0, [1 x i8]* @p_str87, i32 0, i32 0, [1 x i8]* @p_str88, [1 x i8]* @p_str89, [1 x i8]* @p_str90, i32 2, i32 2, i32 16, i32 16, [1 x i8]* @p_str91, [1 x i8]* @p_str92)"   --->   Operation 10 'specinterface' <Predicate = true> <Delay = 0.00>
ST_1 : Operation 11 [1/1] (0.00ns)   --->   "call void (...)* @_ssdm_op_SpecInterface(i8* %p_src_data_stream_1_V, [8 x i8]* @ap_fifo_str, i32 0, i32 0, [1 x i8]* @p_str80, i32 0, i32 0, [1 x i8]* @p_str81, [1 x i8]* @p_str82, [1 x i8]* @p_str83, i32 2, i32 2, i32 16, i32 16, [1 x i8]* @p_str84, [1 x i8]* @p_str85)"   --->   Operation 11 'specinterface' <Predicate = true> <Delay = 0.00>
ST_1 : Operation 12 [1/1] (0.00ns)   --->   "call void (...)* @_ssdm_op_SpecInterface(i8* %p_src_data_stream_0_V, [8 x i8]* @ap_fifo_str, i32 0, i32 0, [1 x i8]* @p_str73, i32 0, i32 0, [1 x i8]* @p_str74, [1 x i8]* @p_str75, [1 x i8]* @p_str76, i32 2, i32 2, i32 16, i32 16, [1 x i8]* @p_str77, [1 x i8]* @p_str78)"   --->   Operation 12 'specinterface' <Predicate = true> <Delay = 0.00>
ST_1 : Operation 13 [1/1] (0.00ns)   --->   "call void (...)* @_ssdm_op_SpecInterface(i11* %p_src_rows_V, [8 x i8]* @ap_fifo_str, i32 0, i32 0, [1 x i8]* @p_str174, i32 0, i32 0, [1 x i8]* @p_str175, [1 x i8]* @p_str176, [1 x i8]* @p_str177, i32 2, i32 2, i32 16, i32 16, [1 x i8]* @p_str178, [1 x i8]* @p_str179)"   --->   Operation 13 'specinterface' <Predicate = true> <Delay = 0.00>
ST_1 : Operation 14 [1/1] (0.00ns)   --->   "call void (...)* @_ssdm_op_SpecInterface(i12* %p_src_cols_V, [8 x i8]* @ap_fifo_str, i32 0, i32 0, [1 x i8]* @p_str180, i32 0, i32 0, [1 x i8]* @p_str181, [1 x i8]* @p_str182, [1 x i8]* @p_str183, i32 2, i32 2, i32 16, i32 16, [1 x i8]* @p_str184, [1 x i8]* @p_str185)"   --->   Operation 14 'specinterface' <Predicate = true> <Delay = 0.00>
ST_1 : Operation 15 [1/1] (3.63ns)   --->   "%p_src_cols_V_read = call i12 @_ssdm_op_Read.ap_fifo.i12P(i12* %p_src_cols_V)"   --->   Operation 15 'read' 'p_src_cols_V_read' <Predicate = true> <Delay = 3.63> <Core = "FIFO">   --->   Core 32 'FIFO' <Latency = 0> <II = 1> <Delay = 3.63> <Storage> <Opcode : 'read' 'write' 'nbread' 'nbwrite'> <Ports = 0> <Width = 8> <Depth = 2> <FIFO>
ST_1 : Operation 16 [1/1] (3.63ns)   --->   "%p_src_rows_V_read = call i11 @_ssdm_op_Read.ap_fifo.i11P(i11* %p_src_rows_V)"   --->   Operation 16 'read' 'p_src_rows_V_read' <Predicate = true> <Delay = 3.63> <Core = "FIFO">   --->   Core 32 'FIFO' <Latency = 0> <II = 1> <Delay = 3.63> <Storage> <Opcode : 'read' 'write' 'nbread' 'nbwrite'> <Ports = 0> <Width = 8> <Depth = 2> <FIFO>
ST_1 : Operation 17 [1/1] (1.76ns)   --->   "br label %0" [C:/Xilinx/Vivado/2018.2/common/technology/autopilot/hls/hls_video_imgproc.h:1947]   --->   Operation 17 'br' <Predicate = true> <Delay = 1.76>

State 2 <SV = 1> <Delay = 2.85>
ST_2 : Operation 18 [1/1] (0.00ns)   --->   "%i_i = phi i10 [ 0, %entry ], [ %i, %3 ]"   --->   Operation 18 'phi' 'i_i' <Predicate = true> <Delay = 0.00>
ST_2 : Operation 19 [1/1] (0.00ns)   --->   "%i_cast_cast_i = zext i10 %i_i to i11" [C:/Xilinx/Vivado/2018.2/common/technology/autopilot/hls/hls_video_imgproc.h:1947]   --->   Operation 19 'zext' 'i_cast_cast_i' <Predicate = true> <Delay = 0.00>
ST_2 : Operation 20 [1/1] (1.88ns)   --->   "%tmp_9_i = icmp slt i11 %i_cast_cast_i, %p_src_rows_V_read" [C:/Xilinx/Vivado/2018.2/common/technology/autopilot/hls/hls_video_imgproc.h:1947]   --->   Operation 20 'icmp' 'tmp_9_i' <Predicate = true> <Delay = 1.88> <Core = "Cmp">   --->   Core 25 'Cmp' <Latency = 0> <II = 1> <Delay = 1.99> <FuncUnit> <Opcode : 'icmp'> <InPorts = 2> <OutPorts = 1>
ST_2 : Operation 21 [1/1] (0.00ns)   --->   "call void (...)* @_ssdm_op_SpecLoopTripCount(i64 0, i64 720, i64 0)"   --->   Operation 21 'speclooptripcount' <Predicate = true> <Delay = 0.00>
ST_2 : Operation 22 [1/1] (1.73ns)   --->   "%i = add i10 %i_i, 1" [C:/Xilinx/Vivado/2018.2/common/technology/autopilot/hls/hls_video_imgproc.h:1947]   --->   Operation 22 'add' 'i' <Predicate = true> <Delay = 1.73> <Core = "AddSub">   --->   Core 14 'AddSub' <Latency = 0> <II = 1> <Delay = 1.91> <FuncUnit> <Opcode : 'add' 'sub'> <InPorts = 2> <OutPorts = 1>
ST_2 : Operation 23 [1/1] (0.00ns)   --->   "br i1 %tmp_9_i, label %1, label %.exit" [C:/Xilinx/Vivado/2018.2/common/technology/autopilot/hls/hls_video_imgproc.h:1947]   --->   Operation 23 'br' <Predicate = true> <Delay = 0.00>
ST_2 : Operation 24 [1/1] (0.00ns)   --->   "call void (...)* @_ssdm_op_SpecLoopName([12 x i8]* @p_str9) nounwind" [C:/Xilinx/Vivado/2018.2/common/technology/autopilot/hls/hls_video_imgproc.h:1947]   --->   Operation 24 'specloopname' <Predicate = (tmp_9_i)> <Delay = 0.00>
ST_2 : Operation 25 [1/1] (0.00ns)   --->   "%tmp_i = call i32 (...)* @_ssdm_op_SpecRegionBegin([12 x i8]* @p_str9)" [C:/Xilinx/Vivado/2018.2/common/technology/autopilot/hls/hls_video_imgproc.h:1947]   --->   Operation 25 'specregionbegin' 'tmp_i' <Predicate = (tmp_9_i)> <Delay = 0.00>
ST_2 : Operation 26 [1/1] (1.76ns)   --->   "br label %2" [C:/Xilinx/Vivado/2018.2/common/technology/autopilot/hls/hls_video_imgproc.h:1948]   --->   Operation 26 'br' <Predicate = (tmp_9_i)> <Delay = 1.76>
ST_2 : Operation 27 [1/1] (0.00ns)   --->   "ret void"   --->   Operation 27 'ret' <Predicate = (!tmp_9_i)> <Delay = 0.00>

State 3 <SV = 2> <Delay = 1.99>
ST_3 : Operation 28 [1/1] (0.00ns)   --->   "%j_i = phi i11 [ 0, %1 ], [ %j, %"operator>>.exit.i_ifconv" ]"   --->   Operation 28 'phi' 'j_i' <Predicate = true> <Delay = 0.00>
ST_3 : Operation 29 [1/1] (0.00ns)   --->   "%j_cast_cast_i = zext i11 %j_i to i12" [C:/Xilinx/Vivado/2018.2/common/technology/autopilot/hls/hls_video_imgproc.h:1948]   --->   Operation 29 'zext' 'j_cast_cast_i' <Predicate = true> <Delay = 0.00>
ST_3 : Operation 30 [1/1] (1.99ns)   --->   "%tmp_i_40 = icmp slt i12 %j_cast_cast_i, %p_src_cols_V_read" [C:/Xilinx/Vivado/2018.2/common/technology/autopilot/hls/hls_video_imgproc.h:1948]   --->   Operation 30 'icmp' 'tmp_i_40' <Predicate = true> <Delay = 1.99> <Core = "Cmp">   --->   Core 25 'Cmp' <Latency = 0> <II = 1> <Delay = 1.99> <FuncUnit> <Opcode : 'icmp'> <InPorts = 2> <OutPorts = 1>
ST_3 : Operation 31 [1/1] (0.00ns)   --->   "call void (...)* @_ssdm_op_SpecLoopTripCount(i64 0, i64 1280, i64 0)"   --->   Operation 31 'speclooptripcount' <Predicate = true> <Delay = 0.00>
ST_3 : Operation 32 [1/1] (1.63ns)   --->   "%j = add i11 %j_i, 1" [C:/Xilinx/Vivado/2018.2/common/technology/autopilot/hls/hls_video_imgproc.h:1948]   --->   Operation 32 'add' 'j' <Predicate = true> <Delay = 1.63> <Core = "AddSub">   --->   Core 14 'AddSub' <Latency = 0> <II = 1> <Delay = 1.91> <FuncUnit> <Opcode : 'add' 'sub'> <InPorts = 2> <OutPorts = 1>
ST_3 : Operation 33 [1/1] (0.00ns)   --->   "br i1 %tmp_i_40, label %"operator>>.exit.i_ifconv", label %3" [C:/Xilinx/Vivado/2018.2/common/technology/autopilot/hls/hls_video_imgproc.h:1948]   --->   Operation 33 'br' <Predicate = true> <Delay = 0.00>

State 4 <SV = 3> <Delay = 3.63>
ST_4 : Operation 34 [1/1] (0.00ns)   --->   "%tmp_11_i = call i32 (...)* @_ssdm_op_SpecRegionBegin([12 x i8]* @p_str22)" [C:/Xilinx/Vivado/2018.2/common/technology/autopilot/hls/hls_video_core.h:617->C:/Xilinx/Vivado/2018.2/common/technology/autopilot/hls/hls_video_core.h:656->C:/Xilinx/Vivado/2018.2/common/technology/autopilot/hls/hls_video_imgproc.h:1951]   --->   Operation 34 'specregionbegin' 'tmp_11_i' <Predicate = (tmp_i_40)> <Delay = 0.00>
ST_4 : Operation 35 [1/1] (0.00ns)   --->   "call void (...)* @_ssdm_op_SpecProtocol(i32 0, [1 x i8]* @p_str3) nounwind" [C:/Xilinx/Vivado/2018.2/common/technology/autopilot/hls/hls_video_core.h:621->C:/Xilinx/Vivado/2018.2/common/technology/autopilot/hls/hls_video_core.h:656->C:/Xilinx/Vivado/2018.2/common/technology/autopilot/hls/hls_video_imgproc.h:1951]   --->   Operation 35 'specprotocol' <Predicate = (tmp_i_40)> <Delay = 0.00>
ST_4 : Operation 36 [1/1] (3.63ns)   --->   "%tmp_7 = call i8 @_ssdm_op_Read.ap_fifo.volatile.i8P(i8* %p_src_data_stream_0_V)" [C:/Xilinx/Vivado/2018.2/common/technology/autopilot/hls/hls_video_core.h:624->C:/Xilinx/Vivado/2018.2/common/technology/autopilot/hls/hls_video_core.h:656->C:/Xilinx/Vivado/2018.2/common/technology/autopilot/hls/hls_video_imgproc.h:1951]   --->   Operation 36 'read' 'tmp_7' <Predicate = (tmp_i_40)> <Delay = 3.63> <Core = "FIFO">   --->   Core 32 'FIFO' <Latency = 0> <II = 1> <Delay = 3.63> <Storage> <Opcode : 'read' 'write' 'nbread' 'nbwrite'> <Ports = 0> <Width = 8> <Depth = 2> <FIFO>
ST_4 : Operation 37 [1/1] (3.63ns)   --->   "%tmp_8 = call i8 @_ssdm_op_Read.ap_fifo.volatile.i8P(i8* %p_src_data_stream_1_V)" [C:/Xilinx/Vivado/2018.2/common/technology/autopilot/hls/hls_video_core.h:624->C:/Xilinx/Vivado/2018.2/common/technology/autopilot/hls/hls_video_core.h:656->C:/Xilinx/Vivado/2018.2/common/technology/autopilot/hls/hls_video_imgproc.h:1951]   --->   Operation 37 'read' 'tmp_8' <Predicate = (tmp_i_40)> <Delay = 3.63> <Core = "FIFO">   --->   Core 32 'FIFO' <Latency = 0> <II = 1> <Delay = 3.63> <Storage> <Opcode : 'read' 'write' 'nbread' 'nbwrite'> <Ports = 0> <Width = 8> <Depth = 2> <FIFO>
ST_4 : Operation 38 [1/1] (3.63ns)   --->   "%tmp_9 = call i8 @_ssdm_op_Read.ap_fifo.volatile.i8P(i8* %p_src_data_stream_2_V)" [C:/Xilinx/Vivado/2018.2/common/technology/autopilot/hls/hls_video_core.h:624->C:/Xilinx/Vivado/2018.2/common/technology/autopilot/hls/hls_video_core.h:656->C:/Xilinx/Vivado/2018.2/common/technology/autopilot/hls/hls_video_imgproc.h:1951]   --->   Operation 38 'read' 'tmp_9' <Predicate = (tmp_i_40)> <Delay = 3.63> <Core = "FIFO">   --->   Core 32 'FIFO' <Latency = 0> <II = 1> <Delay = 3.63> <Storage> <Opcode : 'read' 'write' 'nbread' 'nbwrite'> <Ports = 0> <Width = 8> <Depth = 2> <FIFO>
ST_4 : Operation 39 [1/1] (0.00ns)   --->   "%empty = call i32 (...)* @_ssdm_op_SpecRegionEnd([12 x i8]* @p_str22, i32 %tmp_11_i)" [C:/Xilinx/Vivado/2018.2/common/technology/autopilot/hls/hls_video_core.h:626->C:/Xilinx/Vivado/2018.2/common/technology/autopilot/hls/hls_video_core.h:656->C:/Xilinx/Vivado/2018.2/common/technology/autopilot/hls/hls_video_imgproc.h:1951]   --->   Operation 39 'specregionend' 'empty' <Predicate = (tmp_i_40)> <Delay = 0.00>

State 5 <SV = 4> <Delay = 6.38>
ST_5 : Operation 40 [1/1] (0.00ns)   --->   "%OP2_V_2_i_cast_i = zext i8 %tmp_9 to i29" [C:/Xilinx/Vivado/2018.2/common/technology/autopilot/hls/hls_video_imgproc.h:1477->C:/Xilinx/Vivado/2018.2/common/technology/autopilot/hls/hls_video_imgproc.h:1514->C:/Xilinx/Vivado/2018.2/common/technology/autopilot/hls/hls_video_imgproc.h:1952]   --->   Operation 40 'zext' 'OP2_V_2_i_cast_i' <Predicate = (tmp_i_40)> <Delay = 0.00>
ST_5 : Operation 41 [1/1] (6.38ns)   --->   "%r_V_4_i_i = mul i29 %OP2_V_2_i_cast_i, 1254096" [C:/Xilinx/Vivado/2018.2/common/technology/autopilot/hls/hls_video_imgproc.h:1477->C:/Xilinx/Vivado/2018.2/common/technology/autopilot/hls/hls_video_imgproc.h:1514->C:/Xilinx/Vivado/2018.2/common/technology/autopilot/hls/hls_video_imgproc.h:1952]   --->   Operation 41 'mul' 'r_V_4_i_i' <Predicate = (tmp_i_40)> <Delay = 6.38> <Core = "DSP48">   --->   Core 61 'DSP48' <Latency = 4> <II = 1> <Delay = 2.05> <IPBlock> <Opcode : 'mul' 'add' 'sub' 'select'> <InPorts = 0> <OutPorts = 1> <Sync> <CReg>

State 6 <SV = 5> <Delay = 9.40>
ST_6 : Operation 42 [1/1] (0.00ns)   --->   "%OP2_V_i_cast_i = zext i8 %tmp_7 to i28" [C:/Xilinx/Vivado/2018.2/common/technology/autopilot/hls/hls_video_imgproc.h:1473->C:/Xilinx/Vivado/2018.2/common/technology/autopilot/hls/hls_video_imgproc.h:1514->C:/Xilinx/Vivado/2018.2/common/technology/autopilot/hls/hls_video_imgproc.h:1952]   --->   Operation 42 'zext' 'OP2_V_i_cast_i' <Predicate = (tmp_i_40)> <Delay = 0.00>
ST_6 : Operation 43 [1/1] (3.36ns)   --->   "%r_V = mul i28 %OP2_V_i_cast_i, 478150" [C:/Xilinx/Vivado/2018.2/common/technology/autopilot/hls/hls_video_imgproc.h:1473->C:/Xilinx/Vivado/2018.2/common/technology/autopilot/hls/hls_video_imgproc.h:1514->C:/Xilinx/Vivado/2018.2/common/technology/autopilot/hls/hls_video_imgproc.h:1952]   --->   Operation 43 'mul' 'r_V' <Predicate = (tmp_i_40)> <Delay = 3.36> <Core = "DSP48">   --->   Core 61 'DSP48' <Latency = 4> <II = 1> <Delay = 2.05> <IPBlock> <Opcode : 'mul' 'add' 'sub' 'select'> <InPorts = 0> <OutPorts = 1> <Sync> <CReg>
ST_6 : Operation 44 [1/1] (0.00ns)   --->   "%OP2_V_1_i_cast_i = zext i8 %tmp_8 to i30" [C:/Xilinx/Vivado/2018.2/common/technology/autopilot/hls/hls_video_imgproc.h:1477->C:/Xilinx/Vivado/2018.2/common/technology/autopilot/hls/hls_video_imgproc.h:1514->C:/Xilinx/Vivado/2018.2/common/technology/autopilot/hls/hls_video_imgproc.h:1952]   --->   Operation 44 'zext' 'OP2_V_1_i_cast_i' <Predicate = (tmp_i_40)> <Delay = 0.00>
ST_6 : Operation 45 [1/1] (3.36ns)   --->   "%r_V_3_i_i = mul i30 %OP2_V_1_i_cast_i, 2462056" [C:/Xilinx/Vivado/2018.2/common/technology/autopilot/hls/hls_video_imgproc.h:1477->C:/Xilinx/Vivado/2018.2/common/technology/autopilot/hls/hls_video_imgproc.h:1514->C:/Xilinx/Vivado/2018.2/common/technology/autopilot/hls/hls_video_imgproc.h:1952]   --->   Operation 45 'mul' 'r_V_3_i_i' <Predicate = (tmp_i_40)> <Delay = 3.36> <Core = "DSP48">   --->   Core 61 'DSP48' <Latency = 4> <II = 1> <Delay = 2.05> <IPBlock> <Opcode : 'mul' 'add' 'sub' 'select'> <InPorts = 0> <OutPorts = 1> <Sync> <CReg>
ST_6 : Operation 46 [1/1] (0.00ns)   --->   "%tmp1_i_cast_i = zext i28 %r_V to i29" [C:/Xilinx/Vivado/2018.2/common/technology/autopilot/hls/hls_video_imgproc.h:1477->C:/Xilinx/Vivado/2018.2/common/technology/autopilot/hls/hls_video_imgproc.h:1514->C:/Xilinx/Vivado/2018.2/common/technology/autopilot/hls/hls_video_imgproc.h:1952]   --->   Operation 46 'zext' 'tmp1_i_cast_i' <Predicate = (tmp_i_40)> <Delay = 0.00>
ST_6 : Operation 47 [1/1] (3.02ns)   --->   "%p_Val2_1 = add i29 %r_V_4_i_i, %tmp1_i_cast_i" [C:/Xilinx/Vivado/2018.2/common/technology/autopilot/hls/hls_video_imgproc.h:1477->C:/Xilinx/Vivado/2018.2/common/technology/autopilot/hls/hls_video_imgproc.h:1514->C:/Xilinx/Vivado/2018.2/common/technology/autopilot/hls/hls_video_imgproc.h:1952]   --->   Operation 47 'add' 'p_Val2_1' <Predicate = (tmp_i_40)> <Delay = 3.02> <Core = "DSP48">   --->   Core 61 'DSP48' <Latency = 4> <II = 1> <Delay = 2.05> <IPBlock> <Opcode : 'mul' 'add' 'sub' 'select'> <InPorts = 0> <OutPorts = 1> <Sync> <CReg>
ST_6 : Operation 48 [1/1] (0.00ns)   --->   "%tmp_1_i_cast_i = zext i29 %p_Val2_1 to i30" [C:/Xilinx/Vivado/2018.2/common/technology/autopilot/hls/hls_video_imgproc.h:1477->C:/Xilinx/Vivado/2018.2/common/technology/autopilot/hls/hls_video_imgproc.h:1514->C:/Xilinx/Vivado/2018.2/common/technology/autopilot/hls/hls_video_imgproc.h:1952]   --->   Operation 48 'zext' 'tmp_1_i_cast_i' <Predicate = (tmp_i_40)> <Delay = 0.00>
ST_6 : Operation 49 [1/1] (3.02ns)   --->   "%r_V_1 = add i30 %r_V_3_i_i, %tmp_1_i_cast_i" [C:/Xilinx/Vivado/2018.2/common/technology/autopilot/hls/hls_video_imgproc.h:1477->C:/Xilinx/Vivado/2018.2/common/technology/autopilot/hls/hls_video_imgproc.h:1514->C:/Xilinx/Vivado/2018.2/common/technology/autopilot/hls/hls_video_imgproc.h:1952]   --->   Operation 49 'add' 'r_V_1' <Predicate = (tmp_i_40)> <Delay = 3.02> <Core = "DSP48">   --->   Core 61 'DSP48' <Latency = 4> <II = 1> <Delay = 2.05> <IPBlock> <Opcode : 'mul' 'add' 'sub' 'select'> <InPorts = 0> <OutPorts = 1> <Sync> <CReg>
ST_6 : Operation 50 [1/1] (0.00ns)   --->   "%p_Val2_3 = call i8 @_ssdm_op_PartSelect.i8.i30.i32.i32(i30 %r_V_1, i32 22, i32 29)" [C:/Xilinx/Vivado/2018.2/common/technology/autopilot/hls/hls_video_types.h:409->C:/Xilinx/Vivado/2018.2/common/technology/autopilot/hls/hls_video_types.h:500->C:/Xilinx/Vivado/2018.2/common/technology/autopilot/hls/hls_video_imgproc.h:1478->C:/Xilinx/Vivado/2018.2/common/technology/autopilot/hls/hls_video_imgproc.h:1514->C:/Xilinx/Vivado/2018.2/common/technology/autopilot/hls/hls_video_imgproc.h:1952]   --->   Operation 50 'partselect' 'p_Val2_3' <Predicate = (tmp_i_40)> <Delay = 0.00>
ST_6 : Operation 51 [1/1] (0.00ns)   --->   "%tmp = call i1 @_ssdm_op_BitSelect.i1.i30.i32(i30 %r_V_1, i32 21)" [C:/Xilinx/Vivado/2018.2/common/technology/autopilot/hls/hls_video_types.h:409->C:/Xilinx/Vivado/2018.2/common/technology/autopilot/hls/hls_video_types.h:500->C:/Xilinx/Vivado/2018.2/common/technology/autopilot/hls/hls_video_imgproc.h:1478->C:/Xilinx/Vivado/2018.2/common/technology/autopilot/hls/hls_video_imgproc.h:1514->C:/Xilinx/Vivado/2018.2/common/technology/autopilot/hls/hls_video_imgproc.h:1952]   --->   Operation 51 'bitselect' 'tmp' <Predicate = (tmp_i_40)> <Delay = 0.00>

State 7 <SV = 6> <Delay = 6.79>
ST_7 : Operation 52 [1/1] (0.00ns)   --->   "call void (...)* @_ssdm_op_SpecLoopName([11 x i8]* @p_str10) nounwind" [C:/Xilinx/Vivado/2018.2/common/technology/autopilot/hls/hls_video_imgproc.h:1948]   --->   Operation 52 'specloopname' <Predicate = (tmp_i_40)> <Delay = 0.00>
ST_7 : Operation 53 [1/1] (0.00ns)   --->   "%tmp_10_i = call i32 (...)* @_ssdm_op_SpecRegionBegin([11 x i8]* @p_str10)" [C:/Xilinx/Vivado/2018.2/common/technology/autopilot/hls/hls_video_imgproc.h:1948]   --->   Operation 53 'specregionbegin' 'tmp_10_i' <Predicate = (tmp_i_40)> <Delay = 0.00>
ST_7 : Operation 54 [1/1] (0.00ns)   --->   "call void (...)* @_ssdm_op_SpecPipeline(i32 -1, i32 1, i32 1, i32 0, [1 x i8]* @p_str3) nounwind" [C:/Xilinx/Vivado/2018.2/common/technology/autopilot/hls/hls_video_imgproc.h:1950]   --->   Operation 54 'specpipeline' <Predicate = (tmp_i_40)> <Delay = 0.00>
ST_7 : Operation 55 [1/1] (0.00ns)   --->   "%tmp_3_i_i_i_i = zext i1 %tmp to i8" [C:/Xilinx/Vivado/2018.2/common/technology/autopilot/hls/hls_video_types.h:409->C:/Xilinx/Vivado/2018.2/common/technology/autopilot/hls/hls_video_types.h:500->C:/Xilinx/Vivado/2018.2/common/technology/autopilot/hls/hls_video_imgproc.h:1478->C:/Xilinx/Vivado/2018.2/common/technology/autopilot/hls/hls_video_imgproc.h:1514->C:/Xilinx/Vivado/2018.2/common/technology/autopilot/hls/hls_video_imgproc.h:1952]   --->   Operation 55 'zext' 'tmp_3_i_i_i_i' <Predicate = (tmp_i_40)> <Delay = 0.00>
ST_7 : Operation 56 [1/1] (0.00ns) (grouped into LUT with out node p_Val2_s)   --->   "%tmp_4 = call i1 @_ssdm_op_BitSelect.i1.i30.i32(i30 %r_V_1, i32 29)" [C:/Xilinx/Vivado/2018.2/common/technology/autopilot/hls/hls_video_types.h:409->C:/Xilinx/Vivado/2018.2/common/technology/autopilot/hls/hls_video_types.h:500->C:/Xilinx/Vivado/2018.2/common/technology/autopilot/hls/hls_video_imgproc.h:1478->C:/Xilinx/Vivado/2018.2/common/technology/autopilot/hls/hls_video_imgproc.h:1514->C:/Xilinx/Vivado/2018.2/common/technology/autopilot/hls/hls_video_imgproc.h:1952]   --->   Operation 56 'bitselect' 'tmp_4' <Predicate = (tmp_i_40)> <Delay = 0.00>
ST_7 : Operation 57 [1/1] (1.91ns)   --->   "%p_Val2_4 = add i8 %p_Val2_3, %tmp_3_i_i_i_i" [C:/Xilinx/Vivado/2018.2/common/technology/autopilot/hls/hls_video_types.h:409->C:/Xilinx/Vivado/2018.2/common/technology/autopilot/hls/hls_video_types.h:500->C:/Xilinx/Vivado/2018.2/common/technology/autopilot/hls/hls_video_imgproc.h:1478->C:/Xilinx/Vivado/2018.2/common/technology/autopilot/hls/hls_video_imgproc.h:1514->C:/Xilinx/Vivado/2018.2/common/technology/autopilot/hls/hls_video_imgproc.h:1952]   --->   Operation 57 'add' 'p_Val2_4' <Predicate = (tmp_i_40)> <Delay = 1.91> <Core = "AddSub">   --->   Core 14 'AddSub' <Latency = 0> <II = 1> <Delay = 1.91> <FuncUnit> <Opcode : 'add' 'sub'> <InPorts = 2> <OutPorts = 1>
ST_7 : Operation 58 [1/1] (0.00ns) (grouped into LUT with out node p_Val2_s)   --->   "%tmp_5 = call i1 @_ssdm_op_BitSelect.i1.i8.i32(i8 %p_Val2_4, i32 7)" [C:/Xilinx/Vivado/2018.2/common/technology/autopilot/hls/hls_video_types.h:409->C:/Xilinx/Vivado/2018.2/common/technology/autopilot/hls/hls_video_types.h:500->C:/Xilinx/Vivado/2018.2/common/technology/autopilot/hls/hls_video_imgproc.h:1478->C:/Xilinx/Vivado/2018.2/common/technology/autopilot/hls/hls_video_imgproc.h:1514->C:/Xilinx/Vivado/2018.2/common/technology/autopilot/hls/hls_video_imgproc.h:1952]   --->   Operation 58 'bitselect' 'tmp_5' <Predicate = (tmp_i_40)> <Delay = 0.00>
ST_7 : Operation 59 [1/1] (0.00ns) (grouped into LUT with out node p_Val2_s)   --->   "%p_Result_2_i_i_i_i_1 = xor i1 %tmp_4, true" [C:/Xilinx/Vivado/2018.2/common/technology/autopilot/hls/hls_video_types.h:409->C:/Xilinx/Vivado/2018.2/common/technology/autopilot/hls/hls_video_types.h:500->C:/Xilinx/Vivado/2018.2/common/technology/autopilot/hls/hls_video_imgproc.h:1478->C:/Xilinx/Vivado/2018.2/common/technology/autopilot/hls/hls_video_imgproc.h:1514->C:/Xilinx/Vivado/2018.2/common/technology/autopilot/hls/hls_video_imgproc.h:1952]   --->   Operation 59 'xor' 'p_Result_2_i_i_i_i_1' <Predicate = (tmp_i_40)> <Delay = 0.00> <Core = "LogicGate">   --->   Core 27 'LogicGate' <Latency = 0> <II = 1> <Delay = 0.97> <FuncUnit> <Opcode : 'and' 'or' 'xor'> <InPorts = 2> <OutPorts = 1>
ST_7 : Operation 60 [1/1] (0.00ns) (grouped into LUT with out node p_Val2_s)   --->   "%not_carry = or i1 %tmp_5, %p_Result_2_i_i_i_i_1" [C:/Xilinx/Vivado/2018.2/common/technology/autopilot/hls/hls_video_types.h:409->C:/Xilinx/Vivado/2018.2/common/technology/autopilot/hls/hls_video_types.h:500->C:/Xilinx/Vivado/2018.2/common/technology/autopilot/hls/hls_video_imgproc.h:1478->C:/Xilinx/Vivado/2018.2/common/technology/autopilot/hls/hls_video_imgproc.h:1514->C:/Xilinx/Vivado/2018.2/common/technology/autopilot/hls/hls_video_imgproc.h:1952]   --->   Operation 60 'or' 'not_carry' <Predicate = (tmp_i_40)> <Delay = 0.00> <Core = "LogicGate">   --->   Core 27 'LogicGate' <Latency = 0> <II = 1> <Delay = 0.97> <FuncUnit> <Opcode : 'and' 'or' 'xor'> <InPorts = 2> <OutPorts = 1>
ST_7 : Operation 61 [1/1] (1.24ns) (out node of the LUT)   --->   "%p_Val2_s = select i1 %not_carry, i8 %p_Val2_4, i8 -1" [C:/Xilinx/Vivado/2018.2/common/technology/autopilot/hls/hls_video_types.h:409->C:/Xilinx/Vivado/2018.2/common/technology/autopilot/hls/hls_video_types.h:500->C:/Xilinx/Vivado/2018.2/common/technology/autopilot/hls/hls_video_imgproc.h:1478->C:/Xilinx/Vivado/2018.2/common/technology/autopilot/hls/hls_video_imgproc.h:1514->C:/Xilinx/Vivado/2018.2/common/technology/autopilot/hls/hls_video_imgproc.h:1952]   --->   Operation 61 'select' 'p_Val2_s' <Predicate = (tmp_i_40)> <Delay = 1.24> <Core = "Sel">   --->   Core 26 'Sel' <Latency = 0> <II = 1> <Delay = 1.24> <FuncUnit> <Opcode : 'select'> <InPorts = 3> <OutPorts = 1>
ST_7 : Operation 62 [1/1] (0.00ns)   --->   "%tmp_12_i = call i32 (...)* @_ssdm_op_SpecRegionBegin([12 x i8]* @p_str19)" [C:/Xilinx/Vivado/2018.2/common/technology/autopilot/hls/hls_video_core.h:641->C:/Xilinx/Vivado/2018.2/common/technology/autopilot/hls/hls_video_core.h:662->C:/Xilinx/Vivado/2018.2/common/technology/autopilot/hls/hls_video_imgproc.h:1953]   --->   Operation 62 'specregionbegin' 'tmp_12_i' <Predicate = (tmp_i_40)> <Delay = 0.00>
ST_7 : Operation 63 [1/1] (0.00ns)   --->   "call void (...)* @_ssdm_op_SpecProtocol(i32 0, [1 x i8]* @p_str3) nounwind" [C:/Xilinx/Vivado/2018.2/common/technology/autopilot/hls/hls_video_core.h:645->C:/Xilinx/Vivado/2018.2/common/technology/autopilot/hls/hls_video_core.h:662->C:/Xilinx/Vivado/2018.2/common/technology/autopilot/hls/hls_video_imgproc.h:1953]   --->   Operation 63 'specprotocol' <Predicate = (tmp_i_40)> <Delay = 0.00>
ST_7 : Operation 64 [1/1] (3.63ns)   --->   "call void @_ssdm_op_Write.ap_fifo.volatile.i8P(i8* %p_dst_data_stream_V, i8 %p_Val2_s)" [C:/Xilinx/Vivado/2018.2/common/technology/autopilot/hls/hls_video_core.h:648->C:/Xilinx/Vivado/2018.2/common/technology/autopilot/hls/hls_video_core.h:662->C:/Xilinx/Vivado/2018.2/common/technology/autopilot/hls/hls_video_imgproc.h:1953]   --->   Operation 64 'write' <Predicate = (tmp_i_40)> <Delay = 3.63> <Core = "FIFO">   --->   Core 32 'FIFO' <Latency = 0> <II = 1> <Delay = 3.63> <Storage> <Opcode : 'read' 'write' 'nbread' 'nbwrite'> <Ports = 0> <Width = 8> <Depth = 2> <FIFO>
ST_7 : Operation 65 [1/1] (0.00ns)   --->   "%empty_41 = call i32 (...)* @_ssdm_op_SpecRegionEnd([12 x i8]* @p_str19, i32 %tmp_12_i)" [C:/Xilinx/Vivado/2018.2/common/technology/autopilot/hls/hls_video_core.h:650->C:/Xilinx/Vivado/2018.2/common/technology/autopilot/hls/hls_video_core.h:662->C:/Xilinx/Vivado/2018.2/common/technology/autopilot/hls/hls_video_imgproc.h:1953]   --->   Operation 65 'specregionend' 'empty_41' <Predicate = (tmp_i_40)> <Delay = 0.00>
ST_7 : Operation 66 [1/1] (0.00ns)   --->   "%empty_42 = call i32 (...)* @_ssdm_op_SpecRegionEnd([11 x i8]* @p_str10, i32 %tmp_10_i)" [C:/Xilinx/Vivado/2018.2/common/technology/autopilot/hls/hls_video_imgproc.h:1954]   --->   Operation 66 'specregionend' 'empty_42' <Predicate = (tmp_i_40)> <Delay = 0.00>
ST_7 : Operation 67 [1/1] (0.00ns)   --->   "br label %2" [C:/Xilinx/Vivado/2018.2/common/technology/autopilot/hls/hls_video_imgproc.h:1948]   --->   Operation 67 'br' <Predicate = (tmp_i_40)> <Delay = 0.00>

State 8 <SV = 3> <Delay = 0.00>
ST_8 : Operation 68 [1/1] (0.00ns)   --->   "%empty_43 = call i32 (...)* @_ssdm_op_SpecRegionEnd([12 x i8]* @p_str9, i32 %tmp_i)" [C:/Xilinx/Vivado/2018.2/common/technology/autopilot/hls/hls_video_imgproc.h:1955]   --->   Operation 68 'specregionend' 'empty_43' <Predicate = true> <Delay = 0.00>
ST_8 : Operation 69 [1/1] (0.00ns)   --->   "br label %0" [C:/Xilinx/Vivado/2018.2/common/technology/autopilot/hls/hls_video_imgproc.h:1947]   --->   Operation 69 'br' <Predicate = true> <Delay = 0.00>


============================================================
+ Verbose Summary: Binding
============================================================
STG Binding: 
---------------- STG Properties BEGIN ----------------
- Is combinational: 0
- Is one-state seq: 0
- Is datapath-only: 0
- Is pipelined: 0
- Is top level: 0
Port [ Return ] is wired: 1; IO mode=ap_ctrl_hs:ce=0
Port [ p_src_rows_V]:  wired=1; compound=1; hidden=0; nouse=0; global=0; static=0; extern=0; dir=0; type=3; pingpong=0; private_global=0; IO mode=ap_fifo:ce=0
Port [ p_src_cols_V]:  wired=1; compound=1; hidden=0; nouse=0; global=0; static=0; extern=0; dir=0; type=3; pingpong=0; private_global=0; IO mode=ap_fifo:ce=0
Port [ p_src_data_stream_0_V]:  wired=1; compound=1; hidden=0; nouse=0; global=0; static=0; extern=0; dir=0; type=3; pingpong=0; private_global=0; IO mode=ap_fifo:ce=0
Port [ p_src_data_stream_1_V]:  wired=1; compound=1; hidden=0; nouse=0; global=0; static=0; extern=0; dir=0; type=3; pingpong=0; private_global=0; IO mode=ap_fifo:ce=0
Port [ p_src_data_stream_2_V]:  wired=1; compound=1; hidden=0; nouse=0; global=0; static=0; extern=0; dir=0; type=3; pingpong=0; private_global=0; IO mode=ap_fifo:ce=0
Port [ p_dst_data_stream_V]:  wired=1; compound=1; hidden=0; nouse=0; global=0; static=0; extern=0; dir=1; type=3; pingpong=0; private_global=0; IO mode=ap_fifo:ce=0
---------------- STG Properties END ------------------

---------------- Datapath Model BEGIN ----------------

<LifeTime>
<method=bitvector/>
StgValue_9           (specinterface    ) [ 000000000]
StgValue_10          (specinterface    ) [ 000000000]
StgValue_11          (specinterface    ) [ 000000000]
StgValue_12          (specinterface    ) [ 000000000]
StgValue_13          (specinterface    ) [ 000000000]
StgValue_14          (specinterface    ) [ 000000000]
p_src_cols_V_read    (read             ) [ 001111111]
p_src_rows_V_read    (read             ) [ 001111111]
StgValue_17          (br               ) [ 011111111]
i_i                  (phi              ) [ 001000000]
i_cast_cast_i        (zext             ) [ 000000000]
tmp_9_i              (icmp             ) [ 001111111]
StgValue_21          (speclooptripcount) [ 000000000]
i                    (add              ) [ 011111111]
StgValue_23          (br               ) [ 000000000]
StgValue_24          (specloopname     ) [ 000000000]
tmp_i                (specregionbegin  ) [ 000111111]
StgValue_26          (br               ) [ 001111111]
StgValue_27          (ret              ) [ 000000000]
j_i                  (phi              ) [ 000100000]
j_cast_cast_i        (zext             ) [ 000000000]
tmp_i_40             (icmp             ) [ 001111111]
StgValue_31          (speclooptripcount) [ 000000000]
j                    (add              ) [ 001111111]
StgValue_33          (br               ) [ 000000000]
tmp_11_i             (specregionbegin  ) [ 000000000]
StgValue_35          (specprotocol     ) [ 000000000]
tmp_7                (read             ) [ 000101100]
tmp_8                (read             ) [ 000101100]
tmp_9                (read             ) [ 000101000]
empty                (specregionend    ) [ 000000000]
OP2_V_2_i_cast_i     (zext             ) [ 000000000]
r_V_4_i_i            (mul              ) [ 000100100]
OP2_V_i_cast_i       (zext             ) [ 000000000]
r_V                  (mul              ) [ 000000000]
OP2_V_1_i_cast_i     (zext             ) [ 000000000]
r_V_3_i_i            (mul              ) [ 000000000]
tmp1_i_cast_i        (zext             ) [ 000000000]
p_Val2_1             (add              ) [ 000000000]
tmp_1_i_cast_i       (zext             ) [ 000000000]
r_V_1                (add              ) [ 000100010]
p_Val2_3             (partselect       ) [ 000100010]
tmp                  (bitselect        ) [ 000100010]
StgValue_52          (specloopname     ) [ 000000000]
tmp_10_i             (specregionbegin  ) [ 000000000]
StgValue_54          (specpipeline     ) [ 000000000]
tmp_3_i_i_i_i        (zext             ) [ 000000000]
tmp_4                (bitselect        ) [ 000000000]
p_Val2_4             (add              ) [ 000000000]
tmp_5                (bitselect        ) [ 000000000]
p_Result_2_i_i_i_i_1 (xor              ) [ 000000000]
not_carry            (or               ) [ 000000000]
p_Val2_s             (select           ) [ 000000000]
tmp_12_i             (specregionbegin  ) [ 000000000]
StgValue_63          (specprotocol     ) [ 000000000]
StgValue_64          (write            ) [ 000000000]
empty_41             (specregionend    ) [ 000000000]
empty_42             (specregionend    ) [ 000000000]
StgValue_67          (br               ) [ 001111111]
empty_43             (specregionend    ) [ 000000000]
StgValue_69          (br               ) [ 011111111]
</LifeTime>

<model>

<comp_list>
<comp id="0" class="1000" name="p_src_rows_V">
<pin_list>
<pin id="1" dir="1" index="0" bw="1" slack="0"/>
</pin_list>
<bind>
<StgValue><ssdm name="p_src_rows_V"/></StgValue>
</bind>
</comp>

<comp id="2" class="1000" name="p_src_cols_V">
<pin_list>
<pin id="3" dir="1" index="0" bw="1" slack="0"/>
</pin_list>
<bind>
<StgValue><ssdm name="p_src_cols_V"/></StgValue>
</bind>
</comp>

<comp id="4" class="1000" name="p_src_data_stream_0_V">
<pin_list>
<pin id="5" dir="1" index="0" bw="1" slack="0"/>
</pin_list>
<bind>
<StgValue><ssdm name="p_src_data_stream_0_V"/></StgValue>
</bind>
</comp>

<comp id="6" class="1000" name="p_src_data_stream_1_V">
<pin_list>
<pin id="7" dir="1" index="0" bw="1" slack="0"/>
</pin_list>
<bind>
<StgValue><ssdm name="p_src_data_stream_1_V"/></StgValue>
</bind>
</comp>

<comp id="8" class="1000" name="p_src_data_stream_2_V">
<pin_list>
<pin id="9" dir="1" index="0" bw="1" slack="0"/>
</pin_list>
<bind>
<StgValue><ssdm name="p_src_data_stream_2_V"/></StgValue>
</bind>
</comp>

<comp id="10" class="1000" name="p_dst_data_stream_V">
<pin_list>
<pin id="11" dir="1" index="0" bw="1" slack="0"/>
</pin_list>
<bind>
<StgValue><ssdm name="p_dst_data_stream_V"/></StgValue>
</bind>
</comp>

<comp id="12" class="1001" name="const_12">
<pin_list>
<pin id="13" dir="1" index="0" bw="1" slack="2147483647"/>
</pin_list>
<bind>
<StgValue><ssdm name="_ssdm_op_SpecInterface"/></StgValue>
</bind>
</comp>

<comp id="14" class="1001" name="const_14">
<pin_list>
<pin id="15" dir="1" index="0" bw="1" slack="2147483647"/>
</pin_list>
<bind>
<StgValue><ssdm name="ap_fifo_str"/></StgValue>
</bind>
</comp>

<comp id="16" class="1001" name="const_16">
<pin_list>
<pin id="17" dir="1" index="0" bw="1" slack="2147483647"/>
</pin_list>
<bind>
<StgValue><ssdm name=""/></StgValue>
</bind>
</comp>

<comp id="18" class="1001" name="const_18">
<pin_list>
<pin id="19" dir="1" index="0" bw="1" slack="2147483647"/>
</pin_list>
<bind>
<StgValue><ssdm name="p_str94"/></StgValue>
</bind>
</comp>

<comp id="20" class="1001" name="const_20">
<pin_list>
<pin id="21" dir="1" index="0" bw="1" slack="2147483647"/>
</pin_list>
<bind>
<StgValue><ssdm name="p_str95"/></StgValue>
</bind>
</comp>

<comp id="22" class="1001" name="const_22">
<pin_list>
<pin id="23" dir="1" index="0" bw="1" slack="2147483647"/>
</pin_list>
<bind>
<StgValue><ssdm name="p_str96"/></StgValue>
</bind>
</comp>

<comp id="24" class="1001" name="const_24">
<pin_list>
<pin id="25" dir="1" index="0" bw="1" slack="2147483647"/>
</pin_list>
<bind>
<StgValue><ssdm name="p_str97"/></StgValue>
</bind>
</comp>

<comp id="26" class="1001" name="const_26">
<pin_list>
<pin id="27" dir="1" index="0" bw="1" slack="2147483647"/>
</pin_list>
<bind>
<StgValue><ssdm name=""/></StgValue>
</bind>
</comp>

<comp id="28" class="1001" name="const_28">
<pin_list>
<pin id="29" dir="1" index="0" bw="1" slack="2147483647"/>
</pin_list>
<bind>
<StgValue><ssdm name=""/></StgValue>
</bind>
</comp>

<comp id="30" class="1001" name="const_30">
<pin_list>
<pin id="31" dir="1" index="0" bw="1" slack="2147483647"/>
</pin_list>
<bind>
<StgValue><ssdm name="p_str98"/></StgValue>
</bind>
</comp>

<comp id="32" class="1001" name="const_32">
<pin_list>
<pin id="33" dir="1" index="0" bw="1" slack="2147483647"/>
</pin_list>
<bind>
<StgValue><ssdm name="p_str99"/></StgValue>
</bind>
</comp>

<comp id="34" class="1001" name="const_34">
<pin_list>
<pin id="35" dir="1" index="0" bw="1" slack="2147483647"/>
</pin_list>
<bind>
<StgValue><ssdm name="p_str87"/></StgValue>
</bind>
</comp>

<comp id="36" class="1001" name="const_36">
<pin_list>
<pin id="37" dir="1" index="0" bw="1" slack="2147483647"/>
</pin_list>
<bind>
<StgValue><ssdm name="p_str88"/></StgValue>
</bind>
</comp>

<comp id="38" class="1001" name="const_38">
<pin_list>
<pin id="39" dir="1" index="0" bw="1" slack="2147483647"/>
</pin_list>
<bind>
<StgValue><ssdm name="p_str89"/></StgValue>
</bind>
</comp>

<comp id="40" class="1001" name="const_40">
<pin_list>
<pin id="41" dir="1" index="0" bw="1" slack="2147483647"/>
</pin_list>
<bind>
<StgValue><ssdm name="p_str90"/></StgValue>
</bind>
</comp>

<comp id="42" class="1001" name="const_42">
<pin_list>
<pin id="43" dir="1" index="0" bw="1" slack="2147483647"/>
</pin_list>
<bind>
<StgValue><ssdm name="p_str91"/></StgValue>
</bind>
</comp>

<comp id="44" class="1001" name="const_44">
<pin_list>
<pin id="45" dir="1" index="0" bw="1" slack="2147483647"/>
</pin_list>
<bind>
<StgValue><ssdm name="p_str92"/></StgValue>
</bind>
</comp>

<comp id="46" class="1001" name="const_46">
<pin_list>
<pin id="47" dir="1" index="0" bw="1" slack="2147483647"/>
</pin_list>
<bind>
<StgValue><ssdm name="p_str80"/></StgValue>
</bind>
</comp>

<comp id="48" class="1001" name="const_48">
<pin_list>
<pin id="49" dir="1" index="0" bw="1" slack="2147483647"/>
</pin_list>
<bind>
<StgValue><ssdm name="p_str81"/></StgValue>
</bind>
</comp>

<comp id="50" class="1001" name="const_50">
<pin_list>
<pin id="51" dir="1" index="0" bw="1" slack="2147483647"/>
</pin_list>
<bind>
<StgValue><ssdm name="p_str82"/></StgValue>
</bind>
</comp>

<comp id="52" class="1001" name="const_52">
<pin_list>
<pin id="53" dir="1" index="0" bw="1" slack="2147483647"/>
</pin_list>
<bind>
<StgValue><ssdm name="p_str83"/></StgValue>
</bind>
</comp>

<comp id="54" class="1001" name="const_54">
<pin_list>
<pin id="55" dir="1" index="0" bw="1" slack="2147483647"/>
</pin_list>
<bind>
<StgValue><ssdm name="p_str84"/></StgValue>
</bind>
</comp>

<comp id="56" class="1001" name="const_56">
<pin_list>
<pin id="57" dir="1" index="0" bw="1" slack="2147483647"/>
</pin_list>
<bind>
<StgValue><ssdm name="p_str85"/></StgValue>
</bind>
</comp>

<comp id="58" class="1001" name="const_58">
<pin_list>
<pin id="59" dir="1" index="0" bw="1" slack="2147483647"/>
</pin_list>
<bind>
<StgValue><ssdm name="p_str73"/></StgValue>
</bind>
</comp>

<comp id="60" class="1001" name="const_60">
<pin_list>
<pin id="61" dir="1" index="0" bw="1" slack="2147483647"/>
</pin_list>
<bind>
<StgValue><ssdm name="p_str74"/></StgValue>
</bind>
</comp>

<comp id="62" class="1001" name="const_62">
<pin_list>
<pin id="63" dir="1" index="0" bw="1" slack="2147483647"/>
</pin_list>
<bind>
<StgValue><ssdm name="p_str75"/></StgValue>
</bind>
</comp>

<comp id="64" class="1001" name="const_64">
<pin_list>
<pin id="65" dir="1" index="0" bw="1" slack="2147483647"/>
</pin_list>
<bind>
<StgValue><ssdm name="p_str76"/></StgValue>
</bind>
</comp>

<comp id="66" class="1001" name="const_66">
<pin_list>
<pin id="67" dir="1" index="0" bw="1" slack="2147483647"/>
</pin_list>
<bind>
<StgValue><ssdm name="p_str77"/></StgValue>
</bind>
</comp>

<comp id="68" class="1001" name="const_68">
<pin_list>
<pin id="69" dir="1" index="0" bw="1" slack="2147483647"/>
</pin_list>
<bind>
<StgValue><ssdm name="p_str78"/></StgValue>
</bind>
</comp>

<comp id="70" class="1001" name="const_70">
<pin_list>
<pin id="71" dir="1" index="0" bw="1" slack="2147483647"/>
</pin_list>
<bind>
<StgValue><ssdm name="p_str174"/></StgValue>
</bind>
</comp>

<comp id="72" class="1001" name="const_72">
<pin_list>
<pin id="73" dir="1" index="0" bw="1" slack="2147483647"/>
</pin_list>
<bind>
<StgValue><ssdm name="p_str175"/></StgValue>
</bind>
</comp>

<comp id="74" class="1001" name="const_74">
<pin_list>
<pin id="75" dir="1" index="0" bw="1" slack="2147483647"/>
</pin_list>
<bind>
<StgValue><ssdm name="p_str176"/></StgValue>
</bind>
</comp>

<comp id="76" class="1001" name="const_76">
<pin_list>
<pin id="77" dir="1" index="0" bw="1" slack="2147483647"/>
</pin_list>
<bind>
<StgValue><ssdm name="p_str177"/></StgValue>
</bind>
</comp>

<comp id="78" class="1001" name="const_78">
<pin_list>
<pin id="79" dir="1" index="0" bw="1" slack="2147483647"/>
</pin_list>
<bind>
<StgValue><ssdm name="p_str178"/></StgValue>
</bind>
</comp>

<comp id="80" class="1001" name="const_80">
<pin_list>
<pin id="81" dir="1" index="0" bw="1" slack="2147483647"/>
</pin_list>
<bind>
<StgValue><ssdm name="p_str179"/></StgValue>
</bind>
</comp>

<comp id="82" class="1001" name="const_82">
<pin_list>
<pin id="83" dir="1" index="0" bw="1" slack="2147483647"/>
</pin_list>
<bind>
<StgValue><ssdm name="p_str180"/></StgValue>
</bind>
</comp>

<comp id="84" class="1001" name="const_84">
<pin_list>
<pin id="85" dir="1" index="0" bw="1" slack="2147483647"/>
</pin_list>
<bind>
<StgValue><ssdm name="p_str181"/></StgValue>
</bind>
</comp>

<comp id="86" class="1001" name="const_86">
<pin_list>
<pin id="87" dir="1" index="0" bw="1" slack="2147483647"/>
</pin_list>
<bind>
<StgValue><ssdm name="p_str182"/></StgValue>
</bind>
</comp>

<comp id="88" class="1001" name="const_88">
<pin_list>
<pin id="89" dir="1" index="0" bw="1" slack="2147483647"/>
</pin_list>
<bind>
<StgValue><ssdm name="p_str183"/></StgValue>
</bind>
</comp>

<comp id="90" class="1001" name="const_90">
<pin_list>
<pin id="91" dir="1" index="0" bw="1" slack="2147483647"/>
</pin_list>
<bind>
<StgValue><ssdm name="p_str184"/></StgValue>
</bind>
</comp>

<comp id="92" class="1001" name="const_92">
<pin_list>
<pin id="93" dir="1" index="0" bw="1" slack="2147483647"/>
</pin_list>
<bind>
<StgValue><ssdm name="p_str185"/></StgValue>
</bind>
</comp>

<comp id="94" class="1001" name="const_94">
<pin_list>
<pin id="95" dir="1" index="0" bw="1" slack="0"/>
</pin_list>
<bind>
<StgValue><ssdm name="_ssdm_op_Read.ap_fifo.i12P"/></StgValue>
</bind>
</comp>

<comp id="96" class="1001" name="const_96">
<pin_list>
<pin id="97" dir="1" index="0" bw="1" slack="0"/>
</pin_list>
<bind>
<StgValue><ssdm name="_ssdm_op_Read.ap_fifo.i11P"/></StgValue>
</bind>
</comp>

<comp id="98" class="1001" name="const_98">
<pin_list>
<pin id="99" dir="1" index="0" bw="1" slack="1"/>
</pin_list>
<bind>
<StgValue><ssdm name=""/></StgValue>
</bind>
</comp>

<comp id="100" class="1001" name="const_100">
<pin_list>
<pin id="101" dir="1" index="0" bw="1" slack="2147483647"/>
</pin_list>
<bind>
<StgValue><ssdm name="_ssdm_op_SpecLoopTripCount"/></StgValue>
</bind>
</comp>

<comp id="102" class="1001" name="const_102">
<pin_list>
<pin id="103" dir="1" index="0" bw="1" slack="2147483647"/>
</pin_list>
<bind>
<StgValue><ssdm name=""/></StgValue>
</bind>
</comp>

<comp id="104" class="1001" name="const_104">
<pin_list>
<pin id="105" dir="1" index="0" bw="1" slack="2147483647"/>
</pin_list>
<bind>
<StgValue><ssdm name=""/></StgValue>
</bind>
</comp>

<comp id="106" class="1001" name="const_106">
<pin_list>
<pin id="107" dir="1" index="0" bw="1" slack="0"/>
</pin_list>
<bind>
<StgValue><ssdm name=""/></StgValue>
</bind>
</comp>

<comp id="108" class="1001" name="const_108">
<pin_list>
<pin id="109" dir="1" index="0" bw="1" slack="2147483647"/>
</pin_list>
<bind>
<StgValue><ssdm name="_ssdm_op_SpecLoopName"/></StgValue>
</bind>
</comp>

<comp id="110" class="1001" name="const_110">
<pin_list>
<pin id="111" dir="1" index="0" bw="1" slack="2147483647"/>
</pin_list>
<bind>
<StgValue><ssdm name="p_str9"/></StgValue>
</bind>
</comp>

<comp id="112" class="1001" name="const_112">
<pin_list>
<pin id="113" dir="1" index="0" bw="1" slack="2147483647"/>
</pin_list>
<bind>
<StgValue><ssdm name="_ssdm_op_SpecRegionBegin"/></StgValue>
</bind>
</comp>

<comp id="114" class="1001" name="const_114">
<pin_list>
<pin id="115" dir="1" index="0" bw="1" slack="1"/>
</pin_list>
<bind>
<StgValue><ssdm name=""/></StgValue>
</bind>
</comp>

<comp id="116" class="1001" name="const_116">
<pin_list>
<pin id="117" dir="1" index="0" bw="1" slack="2147483647"/>
</pin_list>
<bind>
<StgValue><ssdm name=""/></StgValue>
</bind>
</comp>

<comp id="118" class="1001" name="const_118">
<pin_list>
<pin id="119" dir="1" index="0" bw="1" slack="0"/>
</pin_list>
<bind>
<StgValue><ssdm name=""/></StgValue>
</bind>
</comp>

<comp id="120" class="1001" name="const_120">
<pin_list>
<pin id="121" dir="1" index="0" bw="1" slack="2147483647"/>
</pin_list>
<bind>
<StgValue><ssdm name="p_str22"/></StgValue>
</bind>
</comp>

<comp id="122" class="1001" name="const_122">
<pin_list>
<pin id="123" dir="1" index="0" bw="1" slack="2147483647"/>
</pin_list>
<bind>
<StgValue><ssdm name="_ssdm_op_SpecProtocol"/></StgValue>
</bind>
</comp>

<comp id="124" class="1001" name="const_124">
<pin_list>
<pin id="125" dir="1" index="0" bw="1" slack="2147483647"/>
</pin_list>
<bind>
<StgValue><ssdm name="p_str3"/></StgValue>
</bind>
</comp>

<comp id="126" class="1001" name="const_126">
<pin_list>
<pin id="127" dir="1" index="0" bw="1" slack="0"/>
</pin_list>
<bind>
<StgValue><ssdm name="_ssdm_op_Read.ap_fifo.volatile.i8P"/></StgValue>
</bind>
</comp>

<comp id="128" class="1001" name="const_128">
<pin_list>
<pin id="129" dir="1" index="0" bw="1" slack="2147483647"/>
</pin_list>
<bind>
<StgValue><ssdm name="_ssdm_op_SpecRegionEnd"/></StgValue>
</bind>
</comp>

<comp id="130" class="1001" name="const_130">
<pin_list>
<pin id="131" dir="1" index="0" bw="1" slack="0"/>
</pin_list>
<bind>
<StgValue><ssdm name=""/></StgValue>
</bind>
</comp>

<comp id="132" class="1001" name="const_132">
<pin_list>
<pin id="133" dir="1" index="0" bw="1" slack="0"/>
</pin_list>
<bind>
<StgValue><ssdm name=""/></StgValue>
</bind>
</comp>

<comp id="134" class="1001" name="const_134">
<pin_list>
<pin id="135" dir="1" index="0" bw="1" slack="0"/>
</pin_list>
<bind>
<StgValue><ssdm name=""/></StgValue>
</bind>
</comp>

<comp id="136" class="1001" name="const_136">
<pin_list>
<pin id="137" dir="1" index="0" bw="1" slack="0"/>
</pin_list>
<bind>
<StgValue><ssdm name="_ssdm_op_PartSelect.i8.i30.i32.i32"/></StgValue>
</bind>
</comp>

<comp id="138" class="1001" name="const_138">
<pin_list>
<pin id="139" dir="1" index="0" bw="1" slack="0"/>
</pin_list>
<bind>
<StgValue><ssdm name=""/></StgValue>
</bind>
</comp>

<comp id="140" class="1001" name="const_140">
<pin_list>
<pin id="141" dir="1" index="0" bw="1" slack="0"/>
</pin_list>
<bind>
<StgValue><ssdm name=""/></StgValue>
</bind>
</comp>

<comp id="142" class="1001" name="const_142">
<pin_list>
<pin id="143" dir="1" index="0" bw="1" slack="0"/>
</pin_list>
<bind>
<StgValue><ssdm name="_ssdm_op_BitSelect.i1.i30.i32"/></StgValue>
</bind>
</comp>

<comp id="144" class="1001" name="const_144">
<pin_list>
<pin id="145" dir="1" index="0" bw="1" slack="0"/>
</pin_list>
<bind>
<StgValue><ssdm name=""/></StgValue>
</bind>
</comp>

<comp id="146" class="1001" name="const_146">
<pin_list>
<pin id="147" dir="1" index="0" bw="1" slack="2147483647"/>
</pin_list>
<bind>
<StgValue><ssdm name="p_str10"/></StgValue>
</bind>
</comp>

<comp id="148" class="1001" name="const_148">
<pin_list>
<pin id="149" dir="1" index="0" bw="1" slack="2147483647"/>
</pin_list>
<bind>
<StgValue><ssdm name="_ssdm_op_SpecPipeline"/></StgValue>
</bind>
</comp>

<comp id="150" class="1001" name="const_150">
<pin_list>
<pin id="151" dir="1" index="0" bw="1" slack="2147483647"/>
</pin_list>
<bind>
<StgValue><ssdm name=""/></StgValue>
</bind>
</comp>

<comp id="152" class="1001" name="const_152">
<pin_list>
<pin id="153" dir="1" index="0" bw="1" slack="2147483647"/>
</pin_list>
<bind>
<StgValue><ssdm name=""/></StgValue>
</bind>
</comp>

<comp id="154" class="1001" name="const_154">
<pin_list>
<pin id="155" dir="1" index="0" bw="1" slack="0"/>
</pin_list>
<bind>
<StgValue><ssdm name="_ssdm_op_BitSelect.i1.i8.i32"/></StgValue>
</bind>
</comp>

<comp id="156" class="1001" name="const_156">
<pin_list>
<pin id="157" dir="1" index="0" bw="1" slack="0"/>
</pin_list>
<bind>
<StgValue><ssdm name=""/></StgValue>
</bind>
</comp>

<comp id="158" class="1001" name="const_158">
<pin_list>
<pin id="159" dir="1" index="0" bw="1" slack="0"/>
</pin_list>
<bind>
<StgValue><ssdm name=""/></StgValue>
</bind>
</comp>

<comp id="160" class="1001" name="const_160">
<pin_list>
<pin id="161" dir="1" index="0" bw="1" slack="0"/>
</pin_list>
<bind>
<StgValue><ssdm name=""/></StgValue>
</bind>
</comp>

<comp id="162" class="1001" name="const_162">
<pin_list>
<pin id="163" dir="1" index="0" bw="1" slack="2147483647"/>
</pin_list>
<bind>
<StgValue><ssdm name="p_str19"/></StgValue>
</bind>
</comp>

<comp id="164" class="1001" name="const_164">
<pin_list>
<pin id="165" dir="1" index="0" bw="1" slack="0"/>
</pin_list>
<bind>
<StgValue><ssdm name="_ssdm_op_Write.ap_fifo.volatile.i8P"/></StgValue>
</bind>
</comp>

<comp id="166" class="1004" name="p_src_cols_V_read_read_fu_166">
<pin_list>
<pin id="167" dir="0" index="0" bw="12" slack="0"/>
<pin id="168" dir="0" index="1" bw="12" slack="0"/>
<pin id="169" dir="1" index="2" bw="12" slack="2"/>
</pin_list>
<bind>
<opcode="read(1150) " fcode="read"/>
<opset="p_src_cols_V_read/1 "/>
</bind>
</comp>

<comp id="172" class="1004" name="p_src_rows_V_read_read_fu_172">
<pin_list>
<pin id="173" dir="0" index="0" bw="11" slack="0"/>
<pin id="174" dir="0" index="1" bw="11" slack="0"/>
<pin id="175" dir="1" index="2" bw="11" slack="1"/>
</pin_list>
<bind>
<opcode="read(1150) " fcode="read"/>
<opset="p_src_rows_V_read/1 "/>
</bind>
</comp>

<comp id="178" class="1004" name="tmp_7_read_fu_178">
<pin_list>
<pin id="179" dir="0" index="0" bw="8" slack="0"/>
<pin id="180" dir="0" index="1" bw="8" slack="0"/>
<pin id="181" dir="1" index="2" bw="8" slack="2"/>
</pin_list>
<bind>
<opcode="read(1150) " fcode="read"/>
<opset="tmp_7/4 "/>
</bind>
</comp>

<comp id="184" class="1004" name="tmp_8_read_fu_184">
<pin_list>
<pin id="185" dir="0" index="0" bw="8" slack="0"/>
<pin id="186" dir="0" index="1" bw="8" slack="0"/>
<pin id="187" dir="1" index="2" bw="8" slack="2"/>
</pin_list>
<bind>
<opcode="read(1150) " fcode="read"/>
<opset="tmp_8/4 "/>
</bind>
</comp>

<comp id="190" class="1004" name="tmp_9_read_fu_190">
<pin_list>
<pin id="191" dir="0" index="0" bw="8" slack="0"/>
<pin id="192" dir="0" index="1" bw="8" slack="0"/>
<pin id="193" dir="1" index="2" bw="8" slack="1"/>
</pin_list>
<bind>
<opcode="read(1150) " fcode="read"/>
<opset="tmp_9/4 "/>
</bind>
</comp>

<comp id="196" class="1004" name="StgValue_64_write_fu_196">
<pin_list>
<pin id="197" dir="0" index="0" bw="0" slack="0"/>
<pin id="198" dir="0" index="1" bw="8" slack="0"/>
<pin id="199" dir="0" index="2" bw="8" slack="0"/>
<pin id="200" dir="1" index="3" bw="0" slack="2147483647"/>
</pin_list>
<bind>
<opcode="write(1151) " fcode="write"/>
<opset="StgValue_64/7 "/>
</bind>
</comp>

<comp id="203" class="1005" name="i_i_reg_203">
<pin_list>
<pin id="204" dir="0" index="0" bw="10" slack="1"/>
<pin id="205" dir="1" index="1" bw="10" slack="1"/>
</pin_list>
<bind>
<opset="i_i (phireg) "/>
</bind>
</comp>

<comp id="207" class="1004" name="i_i_phi_fu_207">
<pin_list>
<pin id="208" dir="0" index="0" bw="1" slack="1"/>
<pin id="209" dir="0" index="1" bw="0" slack="2147483647"/>
<pin id="210" dir="0" index="2" bw="10" slack="0"/>
<pin id="211" dir="0" index="3" bw="0" slack="2147483647"/>
<pin id="212" dir="1" index="4" bw="10" slack="0"/>
</pin_list>
<bind>
<opcode="phi(47) " fcode="phi"/>
<opset="i_i/2 "/>
</bind>
</comp>

<comp id="214" class="1005" name="j_i_reg_214">
<pin_list>
<pin id="215" dir="0" index="0" bw="11" slack="1"/>
<pin id="216" dir="1" index="1" bw="11" slack="1"/>
</pin_list>
<bind>
<opset="j_i (phireg) "/>
</bind>
</comp>

<comp id="218" class="1004" name="j_i_phi_fu_218">
<pin_list>
<pin id="219" dir="0" index="0" bw="1" slack="1"/>
<pin id="220" dir="0" index="1" bw="0" slack="2147483647"/>
<pin id="221" dir="0" index="2" bw="11" slack="0"/>
<pin id="222" dir="0" index="3" bw="0" slack="2147483647"/>
<pin id="223" dir="1" index="4" bw="11" slack="0"/>
</pin_list>
<bind>
<opcode="phi(47) " fcode="phi"/>
<opset="j_i/3 "/>
</bind>
</comp>

<comp id="225" class="1004" name="i_cast_cast_i_fu_225">
<pin_list>
<pin id="226" dir="0" index="0" bw="10" slack="0"/>
<pin id="227" dir="1" index="1" bw="11" slack="0"/>
</pin_list>
<bind>
<opcode="zext(34) " fcode="zext"/>
<opset="i_cast_cast_i/2 "/>
</bind>
</comp>

<comp id="229" class="1004" name="tmp_9_i_fu_229">
<pin_list>
<pin id="230" dir="0" index="0" bw="11" slack="0"/>
<pin id="231" dir="0" index="1" bw="11" slack="1"/>
<pin id="232" dir="1" index="2" bw="1" slack="1"/>
</pin_list>
<bind>
<opcode="icmp(45) " fcode="icmp"/>
<opset="tmp_9_i/2 "/>
</bind>
</comp>

<comp id="234" class="1004" name="i_fu_234">
<pin_list>
<pin id="235" dir="0" index="0" bw="10" slack="0"/>
<pin id="236" dir="0" index="1" bw="1" slack="0"/>
<pin id="237" dir="1" index="2" bw="10" slack="0"/>
</pin_list>
<bind>
<opcode="add(8) " fcode="add"/>
<opset="i/2 "/>
</bind>
</comp>

<comp id="240" class="1004" name="j_cast_cast_i_fu_240">
<pin_list>
<pin id="241" dir="0" index="0" bw="11" slack="0"/>
<pin id="242" dir="1" index="1" bw="12" slack="0"/>
</pin_list>
<bind>
<opcode="zext(34) " fcode="zext"/>
<opset="j_cast_cast_i/3 "/>
</bind>
</comp>

<comp id="244" class="1004" name="tmp_i_40_fu_244">
<pin_list>
<pin id="245" dir="0" index="0" bw="12" slack="0"/>
<pin id="246" dir="0" index="1" bw="12" slack="2"/>
<pin id="247" dir="1" index="2" bw="1" slack="1"/>
</pin_list>
<bind>
<opcode="icmp(45) " fcode="icmp"/>
<opset="tmp_i_40/3 "/>
</bind>
</comp>

<comp id="249" class="1004" name="j_fu_249">
<pin_list>
<pin id="250" dir="0" index="0" bw="11" slack="0"/>
<pin id="251" dir="0" index="1" bw="1" slack="0"/>
<pin id="252" dir="1" index="2" bw="11" slack="0"/>
</pin_list>
<bind>
<opcode="add(8) " fcode="add"/>
<opset="j/3 "/>
</bind>
</comp>

<comp id="255" class="1004" name="OP2_V_2_i_cast_i_fu_255">
<pin_list>
<pin id="256" dir="0" index="0" bw="8" slack="1"/>
<pin id="257" dir="1" index="1" bw="29" slack="0"/>
</pin_list>
<bind>
<opcode="zext(34) " fcode="zext"/>
<opset="OP2_V_2_i_cast_i/5 "/>
</bind>
</comp>

<comp id="258" class="1004" name="OP2_V_i_cast_i_fu_258">
<pin_list>
<pin id="259" dir="0" index="0" bw="8" slack="2"/>
<pin id="260" dir="1" index="1" bw="28" slack="0"/>
</pin_list>
<bind>
<opcode="zext(34) " fcode="zext"/>
<opset="OP2_V_i_cast_i/6 "/>
</bind>
</comp>

<comp id="261" class="1004" name="OP2_V_1_i_cast_i_fu_261">
<pin_list>
<pin id="262" dir="0" index="0" bw="8" slack="2"/>
<pin id="263" dir="1" index="1" bw="30" slack="0"/>
</pin_list>
<bind>
<opcode="zext(34) " fcode="zext"/>
<opset="OP2_V_1_i_cast_i/6 "/>
</bind>
</comp>

<comp id="264" class="1004" name="tmp_1_i_cast_i_fu_264">
<pin_list>
<pin id="265" dir="0" index="0" bw="29" slack="0"/>
<pin id="266" dir="1" index="1" bw="30" slack="0"/>
</pin_list>
<bind>
<opcode="zext(34) " fcode="zext"/>
<opset="tmp_1_i_cast_i/6 "/>
</bind>
</comp>

<comp id="267" class="1004" name="p_Val2_3_fu_267">
<pin_list>
<pin id="268" dir="0" index="0" bw="8" slack="0"/>
<pin id="269" dir="0" index="1" bw="30" slack="0"/>
<pin id="270" dir="0" index="2" bw="6" slack="0"/>
<pin id="271" dir="0" index="3" bw="6" slack="0"/>
<pin id="272" dir="1" index="4" bw="8" slack="1"/>
</pin_list>
<bind>
<opcode="partselect(1002) " fcode="partselect"/>
<opset="p_Val2_3/6 "/>
</bind>
</comp>

<comp id="276" class="1004" name="tmp_fu_276">
<pin_list>
<pin id="277" dir="0" index="0" bw="1" slack="0"/>
<pin id="278" dir="0" index="1" bw="30" slack="0"/>
<pin id="279" dir="0" index="2" bw="6" slack="0"/>
<pin id="280" dir="1" index="3" bw="1" slack="1"/>
</pin_list>
<bind>
<opcode="bitselect(1000) " fcode="bitselect"/>
<opset="tmp/6 "/>
</bind>
</comp>

<comp id="283" class="1004" name="tmp_3_i_i_i_i_fu_283">
<pin_list>
<pin id="284" dir="0" index="0" bw="1" slack="1"/>
<pin id="285" dir="1" index="1" bw="8" slack="0"/>
</pin_list>
<bind>
<opcode="zext(34) " fcode="zext"/>
<opset="tmp_3_i_i_i_i/7 "/>
</bind>
</comp>

<comp id="286" class="1004" name="tmp_4_fu_286">
<pin_list>
<pin id="287" dir="0" index="0" bw="1" slack="0"/>
<pin id="288" dir="0" index="1" bw="30" slack="1"/>
<pin id="289" dir="0" index="2" bw="6" slack="0"/>
<pin id="290" dir="1" index="3" bw="1" slack="0"/>
</pin_list>
<bind>
<opcode="bitselect(1000) " fcode="bitselect"/>
<opset="tmp_4/7 "/>
</bind>
</comp>

<comp id="293" class="1004" name="p_Val2_4_fu_293">
<pin_list>
<pin id="294" dir="0" index="0" bw="8" slack="1"/>
<pin id="295" dir="0" index="1" bw="1" slack="0"/>
<pin id="296" dir="1" index="2" bw="8" slack="0"/>
</pin_list>
<bind>
<opcode="add(8) " fcode="add"/>
<opset="p_Val2_4/7 "/>
</bind>
</comp>

<comp id="298" class="1004" name="tmp_5_fu_298">
<pin_list>
<pin id="299" dir="0" index="0" bw="1" slack="0"/>
<pin id="300" dir="0" index="1" bw="8" slack="0"/>
<pin id="301" dir="0" index="2" bw="4" slack="0"/>
<pin id="302" dir="1" index="3" bw="1" slack="0"/>
</pin_list>
<bind>
<opcode="bitselect(1000) " fcode="bitselect"/>
<opset="tmp_5/7 "/>
</bind>
</comp>

<comp id="306" class="1004" name="p_Result_2_i_i_i_i_1_fu_306">
<pin_list>
<pin id="307" dir="0" index="0" bw="1" slack="0"/>
<pin id="308" dir="0" index="1" bw="1" slack="0"/>
<pin id="309" dir="1" index="2" bw="1" slack="0"/>
</pin_list>
<bind>
<opcode="xor(25) " fcode="xor"/>
<opset="p_Result_2_i_i_i_i_1/7 "/>
</bind>
</comp>

<comp id="312" class="1004" name="not_carry_fu_312">
<pin_list>
<pin id="313" dir="0" index="0" bw="1" slack="0"/>
<pin id="314" dir="0" index="1" bw="1" slack="0"/>
<pin id="315" dir="1" index="2" bw="1" slack="0"/>
</pin_list>
<bind>
<opcode="or(24) " fcode="or"/>
<opset="not_carry/7 "/>
</bind>
</comp>

<comp id="318" class="1004" name="p_Val2_s_fu_318">
<pin_list>
<pin id="319" dir="0" index="0" bw="1" slack="0"/>
<pin id="320" dir="0" index="1" bw="8" slack="0"/>
<pin id="321" dir="0" index="2" bw="8" slack="0"/>
<pin id="322" dir="1" index="3" bw="8" slack="0"/>
</pin_list>
<bind>
<opcode="select(49) " fcode="select"/>
<opset="p_Val2_s/7 "/>
</bind>
</comp>

<comp id="327" class="1007" name="r_V_4_i_i_fu_327">
<pin_list>
<pin id="328" dir="0" index="0" bw="8" slack="0"/>
<pin id="329" dir="0" index="1" bw="29" slack="0"/>
<pin id="330" dir="1" index="2" bw="29" slack="1"/>
</pin_list>
<bind>
<opcode="mul(12) " fcode="mul"/>
<opset="r_V_4_i_i/5 "/>
</bind>
</comp>

<comp id="333" class="1007" name="grp_fu_333">
<pin_list>
<pin id="334" dir="0" index="0" bw="8" slack="0"/>
<pin id="335" dir="0" index="1" bw="28" slack="0"/>
<pin id="336" dir="0" index="2" bw="29" slack="2147483647"/>
<pin id="337" dir="1" index="3" bw="29" slack="0"/>
</pin_list>
<bind>
<opcode="muladd(1172) " fcode="muladd"/>
<opset="r_V/6 tmp1_i_cast_i/6 p_Val2_1/6 "/>
</bind>
</comp>

<comp id="341" class="1007" name="grp_fu_341">
<pin_list>
<pin id="342" dir="0" index="0" bw="8" slack="0"/>
<pin id="343" dir="0" index="1" bw="30" slack="0"/>
<pin id="344" dir="0" index="2" bw="29" slack="0"/>
<pin id="345" dir="1" index="3" bw="30" slack="0"/>
</pin_list>
<bind>
<opcode="muladd(1172) " fcode="muladd"/>
<opset="r_V_3_i_i/6 r_V_1/6 "/>
</bind>
</comp>

<comp id="351" class="1005" name="p_src_cols_V_read_reg_351">
<pin_list>
<pin id="352" dir="0" index="0" bw="12" slack="2"/>
<pin id="353" dir="1" index="1" bw="12" slack="2"/>
</pin_list>
<bind>
<opset="p_src_cols_V_read "/>
</bind>
</comp>

<comp id="356" class="1005" name="p_src_rows_V_read_reg_356">
<pin_list>
<pin id="357" dir="0" index="0" bw="11" slack="1"/>
<pin id="358" dir="1" index="1" bw="11" slack="1"/>
</pin_list>
<bind>
<opset="p_src_rows_V_read "/>
</bind>
</comp>

<comp id="361" class="1005" name="tmp_9_i_reg_361">
<pin_list>
<pin id="362" dir="0" index="0" bw="1" slack="1"/>
<pin id="363" dir="1" index="1" bw="1" slack="2147483647"/>
</pin_list>
<bind>
<opset="tmp_9_i "/>
</bind>
</comp>

<comp id="365" class="1005" name="i_reg_365">
<pin_list>
<pin id="366" dir="0" index="0" bw="10" slack="0"/>
<pin id="367" dir="1" index="1" bw="10" slack="0"/>
</pin_list>
<bind>
<opset="i "/>
</bind>
</comp>

<comp id="370" class="1005" name="tmp_i_40_reg_370">
<pin_list>
<pin id="371" dir="0" index="0" bw="1" slack="1"/>
<pin id="372" dir="1" index="1" bw="1" slack="2147483647"/>
</pin_list>
<bind>
<opset="tmp_i_40 "/>
</bind>
</comp>

<comp id="374" class="1005" name="j_reg_374">
<pin_list>
<pin id="375" dir="0" index="0" bw="11" slack="0"/>
<pin id="376" dir="1" index="1" bw="11" slack="0"/>
</pin_list>
<bind>
<opset="j "/>
</bind>
</comp>

<comp id="379" class="1005" name="tmp_7_reg_379">
<pin_list>
<pin id="380" dir="0" index="0" bw="8" slack="2"/>
<pin id="381" dir="1" index="1" bw="8" slack="2"/>
</pin_list>
<bind>
<opset="tmp_7 "/>
</bind>
</comp>

<comp id="384" class="1005" name="tmp_8_reg_384">
<pin_list>
<pin id="385" dir="0" index="0" bw="8" slack="2"/>
<pin id="386" dir="1" index="1" bw="8" slack="2"/>
</pin_list>
<bind>
<opset="tmp_8 "/>
</bind>
</comp>

<comp id="389" class="1005" name="tmp_9_reg_389">
<pin_list>
<pin id="390" dir="0" index="0" bw="8" slack="1"/>
<pin id="391" dir="1" index="1" bw="8" slack="1"/>
</pin_list>
<bind>
<opset="tmp_9 "/>
</bind>
</comp>

<comp id="394" class="1005" name="r_V_4_i_i_reg_394">
<pin_list>
<pin id="395" dir="0" index="0" bw="29" slack="1"/>
<pin id="396" dir="1" index="1" bw="29" slack="1"/>
</pin_list>
<bind>
<opset="r_V_4_i_i "/>
</bind>
</comp>

<comp id="399" class="1005" name="r_V_1_reg_399">
<pin_list>
<pin id="400" dir="0" index="0" bw="30" slack="1"/>
<pin id="401" dir="1" index="1" bw="30" slack="1"/>
</pin_list>
<bind>
<opset="r_V_1 "/>
</bind>
</comp>

<comp id="404" class="1005" name="p_Val2_3_reg_404">
<pin_list>
<pin id="405" dir="0" index="0" bw="8" slack="1"/>
<pin id="406" dir="1" index="1" bw="8" slack="1"/>
</pin_list>
<bind>
<opset="p_Val2_3 "/>
</bind>
</comp>

<comp id="409" class="1005" name="tmp_reg_409">
<pin_list>
<pin id="410" dir="0" index="0" bw="1" slack="1"/>
<pin id="411" dir="1" index="1" bw="1" slack="1"/>
</pin_list>
<bind>
<opset="tmp "/>
</bind>
</comp>

</comp_list>

<net_list>
<net id="170"><net_src comp="94" pin="0"/><net_sink comp="166" pin=0"/></net>

<net id="171"><net_src comp="2" pin="0"/><net_sink comp="166" pin=1"/></net>

<net id="176"><net_src comp="96" pin="0"/><net_sink comp="172" pin=0"/></net>

<net id="177"><net_src comp="0" pin="0"/><net_sink comp="172" pin=1"/></net>

<net id="182"><net_src comp="126" pin="0"/><net_sink comp="178" pin=0"/></net>

<net id="183"><net_src comp="4" pin="0"/><net_sink comp="178" pin=1"/></net>

<net id="188"><net_src comp="126" pin="0"/><net_sink comp="184" pin=0"/></net>

<net id="189"><net_src comp="6" pin="0"/><net_sink comp="184" pin=1"/></net>

<net id="194"><net_src comp="126" pin="0"/><net_sink comp="190" pin=0"/></net>

<net id="195"><net_src comp="8" pin="0"/><net_sink comp="190" pin=1"/></net>

<net id="201"><net_src comp="164" pin="0"/><net_sink comp="196" pin=0"/></net>

<net id="202"><net_src comp="10" pin="0"/><net_sink comp="196" pin=1"/></net>

<net id="206"><net_src comp="98" pin="0"/><net_sink comp="203" pin=0"/></net>

<net id="213"><net_src comp="203" pin="1"/><net_sink comp="207" pin=0"/></net>

<net id="217"><net_src comp="114" pin="0"/><net_sink comp="214" pin=0"/></net>

<net id="224"><net_src comp="214" pin="1"/><net_sink comp="218" pin=0"/></net>

<net id="228"><net_src comp="207" pin="4"/><net_sink comp="225" pin=0"/></net>

<net id="233"><net_src comp="225" pin="1"/><net_sink comp="229" pin=0"/></net>

<net id="238"><net_src comp="207" pin="4"/><net_sink comp="234" pin=0"/></net>

<net id="239"><net_src comp="106" pin="0"/><net_sink comp="234" pin=1"/></net>

<net id="243"><net_src comp="218" pin="4"/><net_sink comp="240" pin=0"/></net>

<net id="248"><net_src comp="240" pin="1"/><net_sink comp="244" pin=0"/></net>

<net id="253"><net_src comp="218" pin="4"/><net_sink comp="249" pin=0"/></net>

<net id="254"><net_src comp="118" pin="0"/><net_sink comp="249" pin=1"/></net>

<net id="273"><net_src comp="136" pin="0"/><net_sink comp="267" pin=0"/></net>

<net id="274"><net_src comp="138" pin="0"/><net_sink comp="267" pin=2"/></net>

<net id="275"><net_src comp="140" pin="0"/><net_sink comp="267" pin=3"/></net>

<net id="281"><net_src comp="142" pin="0"/><net_sink comp="276" pin=0"/></net>

<net id="282"><net_src comp="144" pin="0"/><net_sink comp="276" pin=2"/></net>

<net id="291"><net_src comp="142" pin="0"/><net_sink comp="286" pin=0"/></net>

<net id="292"><net_src comp="140" pin="0"/><net_sink comp="286" pin=2"/></net>

<net id="297"><net_src comp="283" pin="1"/><net_sink comp="293" pin=1"/></net>

<net id="303"><net_src comp="154" pin="0"/><net_sink comp="298" pin=0"/></net>

<net id="304"><net_src comp="293" pin="2"/><net_sink comp="298" pin=1"/></net>

<net id="305"><net_src comp="156" pin="0"/><net_sink comp="298" pin=2"/></net>

<net id="310"><net_src comp="286" pin="3"/><net_sink comp="306" pin=0"/></net>

<net id="311"><net_src comp="158" pin="0"/><net_sink comp="306" pin=1"/></net>

<net id="316"><net_src comp="298" pin="3"/><net_sink comp="312" pin=0"/></net>

<net id="317"><net_src comp="306" pin="2"/><net_sink comp="312" pin=1"/></net>

<net id="323"><net_src comp="312" pin="2"/><net_sink comp="318" pin=0"/></net>

<net id="324"><net_src comp="293" pin="2"/><net_sink comp="318" pin=1"/></net>

<net id="325"><net_src comp="160" pin="0"/><net_sink comp="318" pin=2"/></net>

<net id="326"><net_src comp="318" pin="3"/><net_sink comp="196" pin=2"/></net>

<net id="331"><net_src comp="255" pin="1"/><net_sink comp="327" pin=0"/></net>

<net id="332"><net_src comp="130" pin="0"/><net_sink comp="327" pin=1"/></net>

<net id="338"><net_src comp="258" pin="1"/><net_sink comp="333" pin=0"/></net>

<net id="339"><net_src comp="132" pin="0"/><net_sink comp="333" pin=1"/></net>

<net id="340"><net_src comp="333" pin="3"/><net_sink comp="264" pin=0"/></net>

<net id="346"><net_src comp="261" pin="1"/><net_sink comp="341" pin=0"/></net>

<net id="347"><net_src comp="134" pin="0"/><net_sink comp="341" pin=1"/></net>

<net id="348"><net_src comp="264" pin="1"/><net_sink comp="341" pin=2"/></net>

<net id="349"><net_src comp="341" pin="3"/><net_sink comp="267" pin=1"/></net>

<net id="350"><net_src comp="341" pin="3"/><net_sink comp="276" pin=1"/></net>

<net id="354"><net_src comp="166" pin="2"/><net_sink comp="351" pin=0"/></net>

<net id="355"><net_src comp="351" pin="1"/><net_sink comp="244" pin=1"/></net>

<net id="359"><net_src comp="172" pin="2"/><net_sink comp="356" pin=0"/></net>

<net id="360"><net_src comp="356" pin="1"/><net_sink comp="229" pin=1"/></net>

<net id="364"><net_src comp="229" pin="2"/><net_sink comp="361" pin=0"/></net>

<net id="368"><net_src comp="234" pin="2"/><net_sink comp="365" pin=0"/></net>

<net id="369"><net_src comp="365" pin="1"/><net_sink comp="207" pin=2"/></net>

<net id="373"><net_src comp="244" pin="2"/><net_sink comp="370" pin=0"/></net>

<net id="377"><net_src comp="249" pin="2"/><net_sink comp="374" pin=0"/></net>

<net id="378"><net_src comp="374" pin="1"/><net_sink comp="218" pin=2"/></net>

<net id="382"><net_src comp="178" pin="2"/><net_sink comp="379" pin=0"/></net>

<net id="383"><net_src comp="379" pin="1"/><net_sink comp="258" pin=0"/></net>

<net id="387"><net_src comp="184" pin="2"/><net_sink comp="384" pin=0"/></net>

<net id="388"><net_src comp="384" pin="1"/><net_sink comp="261" pin=0"/></net>

<net id="392"><net_src comp="190" pin="2"/><net_sink comp="389" pin=0"/></net>

<net id="393"><net_src comp="389" pin="1"/><net_sink comp="255" pin=0"/></net>

<net id="397"><net_src comp="327" pin="2"/><net_sink comp="394" pin=0"/></net>

<net id="398"><net_src comp="394" pin="1"/><net_sink comp="333" pin=0"/></net>

<net id="402"><net_src comp="341" pin="3"/><net_sink comp="399" pin=0"/></net>

<net id="403"><net_src comp="399" pin="1"/><net_sink comp="286" pin=1"/></net>

<net id="407"><net_src comp="267" pin="4"/><net_sink comp="404" pin=0"/></net>

<net id="408"><net_src comp="404" pin="1"/><net_sink comp="293" pin=0"/></net>

<net id="412"><net_src comp="276" pin="3"/><net_sink comp="409" pin=0"/></net>

<net id="413"><net_src comp="409" pin="1"/><net_sink comp="283" pin=0"/></net>

</net_list>

</model> 
---------------- Datapath Model END ------------------

* FSMD analyzer results:
  - Output states:
	Port: p_dst_data_stream_V | {7 }
 - Input state : 
	Port: CvtColor : p_src_rows_V | {1 }
	Port: CvtColor : p_src_cols_V | {1 }
	Port: CvtColor : p_src_data_stream_0_V | {4 }
	Port: CvtColor : p_src_data_stream_1_V | {4 }
	Port: CvtColor : p_src_data_stream_2_V | {4 }
  - Chain level:
	State 1
	State 2
		i_cast_cast_i : 1
		tmp_9_i : 2
		i : 1
		StgValue_23 : 3
	State 3
		j_cast_cast_i : 1
		tmp_i_40 : 2
		j : 1
		StgValue_33 : 3
	State 4
		empty : 1
	State 5
		r_V_4_i_i : 1
	State 6
		r_V : 1
		r_V_3_i_i : 1
		tmp1_i_cast_i : 2
		p_Val2_1 : 3
		tmp_1_i_cast_i : 4
		r_V_1 : 5
		p_Val2_3 : 6
		tmp : 6
	State 7
		p_Val2_4 : 1
		tmp_5 : 2
		p_Result_2_i_i_i_i_1 : 1
		not_carry : 3
		p_Val2_s : 3
		StgValue_64 : 4
		empty_41 : 1
		empty_42 : 1
	State 8


============================================================
+ Verbose Summary: Datapath Resource usage 
============================================================

* Functional unit list:
|----------|-------------------------------|---------|---------|---------|
| Operation|        Functional Unit        |  DSP48E |    FF   |   LUT   |
|----------|-------------------------------|---------|---------|---------|
|          |            i_fu_234           |    0    |    0    |    14   |
|    add   |            j_fu_249           |    0    |    0    |    13   |
|          |        p_Val2_4_fu_293        |    0    |    0    |    15   |
|----------|-------------------------------|---------|---------|---------|
|   icmp   |         tmp_9_i_fu_229        |    0    |    0    |    13   |
|          |        tmp_i_40_fu_244        |    0    |    0    |    13   |
|----------|-------------------------------|---------|---------|---------|
|  select  |        p_Val2_s_fu_318        |    0    |    0    |    8    |
|----------|-------------------------------|---------|---------|---------|
|    xor   |  p_Result_2_i_i_i_i_1_fu_306  |    0    |    0    |    2    |
|----------|-------------------------------|---------|---------|---------|
|    or    |        not_carry_fu_312       |    0    |    0    |    2    |
|----------|-------------------------------|---------|---------|---------|
|  muladd  |           grp_fu_333          |    1    |    0    |    0    |
|          |           grp_fu_341          |    1    |    0    |    0    |
|----------|-------------------------------|---------|---------|---------|
|    mul   |        r_V_4_i_i_fu_327       |    1    |    0    |    0    |
|----------|-------------------------------|---------|---------|---------|
|          | p_src_cols_V_read_read_fu_166 |    0    |    0    |    0    |
|          | p_src_rows_V_read_read_fu_172 |    0    |    0    |    0    |
|   read   |       tmp_7_read_fu_178       |    0    |    0    |    0    |
|          |       tmp_8_read_fu_184       |    0    |    0    |    0    |
|          |       tmp_9_read_fu_190       |    0    |    0    |    0    |
|----------|-------------------------------|---------|---------|---------|
|   write  |    StgValue_64_write_fu_196   |    0    |    0    |    0    |
|----------|-------------------------------|---------|---------|---------|
|          |      i_cast_cast_i_fu_225     |    0    |    0    |    0    |
|          |      j_cast_cast_i_fu_240     |    0    |    0    |    0    |
|          |    OP2_V_2_i_cast_i_fu_255    |    0    |    0    |    0    |
|   zext   |     OP2_V_i_cast_i_fu_258     |    0    |    0    |    0    |
|          |    OP2_V_1_i_cast_i_fu_261    |    0    |    0    |    0    |
|          |     tmp_1_i_cast_i_fu_264     |    0    |    0    |    0    |
|          |      tmp_3_i_i_i_i_fu_283     |    0    |    0    |    0    |
|----------|-------------------------------|---------|---------|---------|
|partselect|        p_Val2_3_fu_267        |    0    |    0    |    0    |
|----------|-------------------------------|---------|---------|---------|
|          |           tmp_fu_276          |    0    |    0    |    0    |
| bitselect|          tmp_4_fu_286         |    0    |    0    |    0    |
|          |          tmp_5_fu_298         |    0    |    0    |    0    |
|----------|-------------------------------|---------|---------|---------|
|   Total  |                               |    3    |    0    |    80   |
|----------|-------------------------------|---------|---------|---------|

Memories:
N/A

* Register list:
+-------------------------+--------+
|                         |   FF   |
+-------------------------+--------+
|       i_i_reg_203       |   10   |
|        i_reg_365        |   10   |
|       j_i_reg_214       |   11   |
|        j_reg_374        |   11   |
|     p_Val2_3_reg_404    |    8   |
|p_src_cols_V_read_reg_351|   12   |
|p_src_rows_V_read_reg_356|   11   |
|      r_V_1_reg_399      |   30   |
|    r_V_4_i_i_reg_394    |   29   |
|      tmp_7_reg_379      |    8   |
|      tmp_8_reg_384      |    8   |
|     tmp_9_i_reg_361     |    1   |
|      tmp_9_reg_389      |    8   |
|     tmp_i_40_reg_370    |    1   |
|       tmp_reg_409       |    1   |
+-------------------------+--------+
|          Total          |   159  |
+-------------------------+--------+

* Multiplexer (MUX) list: 
|------------|------|------|------|--------||---------||---------|
|    Comp    |  Pin | Size |  BW  | S x BW ||  Delay  ||   LUT   |
|------------|------|------|------|--------||---------||---------|
| grp_fu_333 |  p0  |   2  |   8  |   16   ||    9    |
|------------|------|------|------|--------||---------||---------|
|    Total   |      |      |      |   16   ||  1.769  ||    9    |
|------------|------|------|------|--------||---------||---------|



* Summary:
+-----------+--------+--------+--------+--------+
|           | DSP48E |  Delay |   FF   |   LUT  |
+-----------+--------+--------+--------+--------+
|  Function |    3   |    -   |    0   |   80   |
|   Memory  |    -   |    -   |    -   |    -   |
|Multiplexer|    -   |    1   |    -   |    9   |
|  Register |    -   |    -   |   159  |    -   |
+-----------+--------+--------+--------+--------+
|   Total   |    3   |    1   |   159  |   89   |
+-----------+--------+--------+--------+--------+
