

================================================================
== Vivado HLS Report for 'Mat2AXIvideo'
================================================================
* Date:           Fri Apr  5 23:47:06 2019

* Version:        2018.2 (Build 2258646 on Thu Jun 14 20:25:20 MDT 2018)
* Project:        threshold1
* Solution:       solution1
* Product family: zynq
* Target device:  xc7z020clg400-1


================================================================
== Performance Estimates
================================================================
+ Timing (ns): 
    * Summary: 
    +--------+-------+----------+------------+
    |  Clock | Target| Estimated| Uncertainty|
    +--------+-------+----------+------------+
    |ap_clk  |  10.00|     3.634|        1.25|
    +--------+-------+----------+------------+

+ Latency (clock cycles): 
    * Summary: 
    +--------+--------+--------+--------+---------+
    |     Latency     |     Interval    | Pipeline|
    |   min  |   max  |   min  |   max  |   Type  |
    +--------+--------+--------+--------+---------+
    |  924481|  924481|  924481|  924481|   none  |
    +--------+--------+--------+--------+---------+

    + Detail: 
        * Instance: 
        N/A

        * Loop: 
        +---------------+--------+--------+----------+-----------+-----------+------+----------+
        |               |     Latency     | Iteration|  Initiation Interval  | Trip |          |
        |   Loop Name   |   min  |   max  |  Latency |  achieved |   target  | Count| Pipelined|
        +---------------+--------+--------+----------+-----------+-----------+------+----------+
        |- loop_height  |  924480|  924480|      1284|          -|          -|   720|    no    |
        | + loop_width  |    1281|    1281|         3|          1|          1|  1280|    yes   |
        +---------------+--------+--------+----------+-----------+-----------+------+----------+

============================================================
+ Verbose Summary: Synthesis Manager
============================================================
InlineROM: 1
ExposeGlobal: 0
============================================================
+ Verbose Summary: CDFG Model
============================================================
IsTopModel: 0
ResetActiveHigh: 1
IsCombinational: 2
IsDatapathOnly: 0
HasWiredReturn: 1
HasMFsm: 0
HasVarLatency: 1
IsPipeline: 0
IsRtlPipelined: 0
IsInstanceOverlapped: 0
IsDontTouch: 0
HasImplIP: 0
IsGatedGlobalClock: 0

+ Individual pipeline summary: 
  * Pipeline-0: initiation interval (II) = 1, depth = 3


============================================================
+ Verbose Summary: Schedule
============================================================
* Number of FSM states : 6
* Pipeline : 1
  Pipeline-0 : II = 1, D = 3, States = { 3 4 5 }
* Dataflow Pipeline: 0

* FSM state transitions: 
1 --> 
	2  / true
2 --> 
	3  / (!exitcond2)
3 --> 
	6  / (exitcond)
	4  / (!exitcond)
4 --> 
	5  / true
5 --> 
	3  / true
6 --> 
	2  / true

* FSM state operations: 

State 1 <SV = 0> <Delay = 1.76>
ST_1 : Operation 7 [1/1] (0.00ns)   --->   "%tmp_user_V = alloca i1"   --->   Operation 7 'alloca' 'tmp_user_V' <Predicate = true> <Delay = 0.00>
ST_1 : Operation 8 [1/1] (0.00ns)   --->   "call void (...)* @_ssdm_op_SpecInterface(i8* %img_data_stream_V, [8 x i8]* @ap_fifo_str, i32 0, i32 0, [1 x i8]* @p_str101, i32 0, i32 0, [1 x i8]* @p_str102, [1 x i8]* @p_str103, [1 x i8]* @p_str104, i32 2, i32 2, i32 16, i32 16, [1 x i8]* @p_str105, [1 x i8]* @p_str106)"   --->   Operation 8 'specinterface' <Predicate = true> <Delay = 0.00>
ST_1 : Operation 9 [1/1] (0.00ns)   --->   "call void (...)* @_ssdm_op_SpecInterface(i24* %AXI_video_strm_V_data_V, i3* %AXI_video_strm_V_keep_V, i3* %AXI_video_strm_V_strb_V, i1* %AXI_video_strm_V_user_V, i1* %AXI_video_strm_V_last_V, i1* %AXI_video_strm_V_id_V, i1* %AXI_video_strm_V_dest_V, [5 x i8]* @p_str, i32 1, i32 1, [5 x i8]* @p_str2, i32 0, i32 0, [1 x i8]* @p_str3, [1 x i8]* @p_str3, [1 x i8]* @p_str3, i32 0, i32 0, i32 0, i32 0, [1 x i8]* @p_str3, [1 x i8]* @p_str3) nounwind"   --->   Operation 9 'specinterface' <Predicate = true> <Delay = 0.00>
ST_1 : Operation 10 [1/1] (1.76ns)   --->   "store i1 true, i1* %tmp_user_V"   --->   Operation 10 'store' <Predicate = true> <Delay = 1.76>
ST_1 : Operation 11 [1/1] (1.76ns)   --->   "br label %0" [C:/Xilinx/Vivado/2018.2/common/technology/autopilot/hls/hls_video_io.h:125]   --->   Operation 11 'br' <Predicate = true> <Delay = 1.76>

State 2 <SV = 1> <Delay = 2.74>
ST_2 : Operation 12 [1/1] (0.00ns)   --->   "%t_V = phi i10 [ 0, %._crit_edge ], [ %i_V, %3 ]"   --->   Operation 12 'phi' 't_V' <Predicate = true> <Delay = 0.00>
ST_2 : Operation 13 [1/1] (1.77ns)   --->   "%exitcond2 = icmp eq i10 %t_V, -304" [C:/Xilinx/Vivado/2018.2/common/technology/autopilot/hls/hls_video_io.h:125]   --->   Operation 13 'icmp' 'exitcond2' <Predicate = true> <Delay = 1.77> <Core = "Cmp">   --->   Core 25 'Cmp' <Latency = 0> <II = 1> <Delay = 1.77> <FuncUnit> <Opcode : 'icmp'> <InPorts = 2> <OutPorts = 1>
ST_2 : Operation 14 [1/1] (0.00ns)   --->   "call void (...)* @_ssdm_op_SpecLoopTripCount(i64 720, i64 720, i64 720)"   --->   Operation 14 'speclooptripcount' <Predicate = true> <Delay = 0.00>
ST_2 : Operation 15 [1/1] (1.73ns)   --->   "%i_V = add i10 %t_V, 1" [C:/Xilinx/Vivado/2018.2/common/technology/autopilot/hls/hls_video_io.h:125]   --->   Operation 15 'add' 'i_V' <Predicate = true> <Delay = 1.73> <Core = "AddSub">   --->   Core 14 'AddSub' <Latency = 0> <II = 1> <Delay = 1.73> <FuncUnit> <Opcode : 'add' 'sub'> <InPorts = 2> <OutPorts = 1>
ST_2 : Operation 16 [1/1] (0.00ns)   --->   "br i1 %exitcond2, label %4, label %1" [C:/Xilinx/Vivado/2018.2/common/technology/autopilot/hls/hls_video_io.h:125]   --->   Operation 16 'br' <Predicate = true> <Delay = 0.00>
ST_2 : Operation 17 [1/1] (0.00ns)   --->   "call void (...)* @_ssdm_op_SpecLoopName([12 x i8]* @p_str9) nounwind" [C:/Xilinx/Vivado/2018.2/common/technology/autopilot/hls/hls_video_io.h:125]   --->   Operation 17 'specloopname' <Predicate = (!exitcond2)> <Delay = 0.00>
ST_2 : Operation 18 [1/1] (0.00ns)   --->   "%tmp = call i32 (...)* @_ssdm_op_SpecRegionBegin([12 x i8]* @p_str9)" [C:/Xilinx/Vivado/2018.2/common/technology/autopilot/hls/hls_video_io.h:125]   --->   Operation 18 'specregionbegin' 'tmp' <Predicate = (!exitcond2)> <Delay = 0.00>
ST_2 : Operation 19 [1/1] (1.76ns)   --->   "br label %2" [C:/Xilinx/Vivado/2018.2/common/technology/autopilot/hls/hls_video_io.h:126]   --->   Operation 19 'br' <Predicate = (!exitcond2)> <Delay = 1.76>
ST_2 : Operation 20 [1/1] (0.00ns)   --->   "ret void"   --->   Operation 20 'ret' <Predicate = (exitcond2)> <Delay = 0.00>

State 3 <SV = 2> <Delay = 2.85>
ST_3 : Operation 21 [1/1] (0.00ns)   --->   "%t_V_2 = phi i11 [ 0, %1 ], [ %j_V, %.critedge ]"   --->   Operation 21 'phi' 't_V_2' <Predicate = true> <Delay = 0.00>
ST_3 : Operation 22 [1/1] (1.88ns)   --->   "%exitcond = icmp eq i11 %t_V_2, -768" [C:/Xilinx/Vivado/2018.2/common/technology/autopilot/hls/hls_video_io.h:126]   --->   Operation 22 'icmp' 'exitcond' <Predicate = true> <Delay = 1.88> <Core = "Cmp">   --->   Core 25 'Cmp' <Latency = 0> <II = 1> <Delay = 1.77> <FuncUnit> <Opcode : 'icmp'> <InPorts = 2> <OutPorts = 1>
ST_3 : Operation 23 [1/1] (0.00ns)   --->   "call void (...)* @_ssdm_op_SpecLoopTripCount(i64 1280, i64 1280, i64 1280)"   --->   Operation 23 'speclooptripcount' <Predicate = true> <Delay = 0.00>
ST_3 : Operation 24 [1/1] (1.63ns)   --->   "%j_V = add i11 %t_V_2, 1" [C:/Xilinx/Vivado/2018.2/common/technology/autopilot/hls/hls_video_io.h:126]   --->   Operation 24 'add' 'j_V' <Predicate = true> <Delay = 1.63> <Core = "AddSub">   --->   Core 14 'AddSub' <Latency = 0> <II = 1> <Delay = 1.73> <FuncUnit> <Opcode : 'add' 'sub'> <InPorts = 2> <OutPorts = 1>
ST_3 : Operation 25 [1/1] (0.00ns)   --->   "br i1 %exitcond, label %3, label %.critedge" [C:/Xilinx/Vivado/2018.2/common/technology/autopilot/hls/hls_video_io.h:126]   --->   Operation 25 'br' <Predicate = true> <Delay = 0.00>
ST_3 : Operation 26 [1/1] (1.88ns)   --->   "%axi_last_V = icmp eq i11 %t_V_2, -769" [C:/Xilinx/Vivado/2018.2/common/technology/autopilot/hls/hls_video_io.h:135]   --->   Operation 26 'icmp' 'axi_last_V' <Predicate = (!exitcond)> <Delay = 1.88> <Core = "Cmp">   --->   Core 25 'Cmp' <Latency = 0> <II = 1> <Delay = 1.77> <FuncUnit> <Opcode : 'icmp'> <InPorts = 2> <OutPorts = 1>

State 4 <SV = 3> <Delay = 3.63>
ST_4 : Operation 27 [1/1] (0.00ns)   --->   "%tmp_user_V_load = load i1* %tmp_user_V" [C:/Xilinx/Vivado/2018.2/common/technology/autopilot/hls/hls_video_io.h:146]   --->   Operation 27 'load' 'tmp_user_V_load' <Predicate = (!exitcond)> <Delay = 0.00>
ST_4 : Operation 28 [1/1] (0.00ns)   --->   "%tmp_9 = call i32 (...)* @_ssdm_op_SpecRegionBegin([12 x i8]* @p_str14)" [C:/Xilinx/Vivado/2018.2/common/technology/autopilot/hls/hls_video_core.h:617->C:/Xilinx/Vivado/2018.2/common/technology/autopilot/hls/hls_video_core.h:656->C:/Xilinx/Vivado/2018.2/common/technology/autopilot/hls/hls_video_io.h:140]   --->   Operation 28 'specregionbegin' 'tmp_9' <Predicate = (!exitcond)> <Delay = 0.00>
ST_4 : Operation 29 [1/1] (0.00ns)   --->   "call void (...)* @_ssdm_op_SpecProtocol(i32 0, [1 x i8]* @p_str3) nounwind" [C:/Xilinx/Vivado/2018.2/common/technology/autopilot/hls/hls_video_core.h:621->C:/Xilinx/Vivado/2018.2/common/technology/autopilot/hls/hls_video_core.h:656->C:/Xilinx/Vivado/2018.2/common/technology/autopilot/hls/hls_video_io.h:140]   --->   Operation 29 'specprotocol' <Predicate = (!exitcond)> <Delay = 0.00>
ST_4 : Operation 30 [1/1] (3.63ns)   --->   "%tmp_3 = call i8 @_ssdm_op_Read.ap_fifo.volatile.i8P(i8* %img_data_stream_V)" [C:/Xilinx/Vivado/2018.2/common/technology/autopilot/hls/hls_video_core.h:624->C:/Xilinx/Vivado/2018.2/common/technology/autopilot/hls/hls_video_core.h:656->C:/Xilinx/Vivado/2018.2/common/technology/autopilot/hls/hls_video_io.h:140]   --->   Operation 30 'read' 'tmp_3' <Predicate = (!exitcond)> <Delay = 3.63> <Core = "FIFO">   --->   Core 32 'FIFO' <Latency = 0> <II = 1> <Delay = 3.63> <Storage> <Opcode : 'read' 'write' 'nbread' 'nbwrite'> <Ports = 0> <Width = 8> <Depth = 2> <FIFO>
ST_4 : Operation 31 [1/1] (0.00ns)   --->   "%empty = call i32 (...)* @_ssdm_op_SpecRegionEnd([12 x i8]* @p_str14, i32 %tmp_9)" [C:/Xilinx/Vivado/2018.2/common/technology/autopilot/hls/hls_video_core.h:626->C:/Xilinx/Vivado/2018.2/common/technology/autopilot/hls/hls_video_core.h:656->C:/Xilinx/Vivado/2018.2/common/technology/autopilot/hls/hls_video_io.h:140]   --->   Operation 31 'specregionend' 'empty' <Predicate = (!exitcond)> <Delay = 0.00>
ST_4 : Operation 32 [1/1] (0.00ns)   --->   "%p_Result_s = call i24 @_ssdm_op_BitConcatenate.i24.i16.i8(i16 -1, i8 %tmp_3)" [C:/Xilinx/Vivado/2018.2/common/technology/autopilot/hls/hls_axi_io.h:78->C:/Xilinx/Vivado/2018.2/common/technology/autopilot/hls/hls_axi_io.h:100->C:/Xilinx/Vivado/2018.2/common/technology/autopilot/hls/hls_video_io.h:143]   --->   Operation 32 'bitconcatenate' 'p_Result_s' <Predicate = (!exitcond)> <Delay = 0.00>
ST_4 : Operation 33 [2/2] (0.00ns)   --->   "call void @_ssdm_op_Write.axis.volatile.i24P.i3P.i3P.i1P.i1P.i1P.i1P(i24* %AXI_video_strm_V_data_V, i3* %AXI_video_strm_V_keep_V, i3* %AXI_video_strm_V_strb_V, i1* %AXI_video_strm_V_user_V, i1* %AXI_video_strm_V_last_V, i1* %AXI_video_strm_V_id_V, i1* %AXI_video_strm_V_dest_V, i24 %p_Result_s, i3 -1, i3 undef, i1 %tmp_user_V_load, i1 %axi_last_V, i1 undef, i1 undef)" [C:/Xilinx/Vivado/2018.2/common/technology/autopilot/hls/hls_video_io.h:146]   --->   Operation 33 'write' <Predicate = (!exitcond)> <Delay = 0.00> <Core = "AXI4Stream">   --->   Core 5 'AXI4Stream' <Latency = 0> <II = 1> <Delay = 1.00> <Adapter> <Opcode : >
ST_4 : Operation 34 [1/1] (1.76ns)   --->   "store i1 false, i1* %tmp_user_V"   --->   Operation 34 'store' <Predicate = (!exitcond)> <Delay = 1.76>

State 5 <SV = 4> <Delay = 0.00>
ST_5 : Operation 35 [1/1] (0.00ns)   --->   "call void (...)* @_ssdm_op_SpecLoopName([11 x i8]* @p_str10) nounwind" [C:/Xilinx/Vivado/2018.2/common/technology/autopilot/hls/hls_video_io.h:126]   --->   Operation 35 'specloopname' <Predicate = (!exitcond)> <Delay = 0.00>
ST_5 : Operation 36 [1/1] (0.00ns)   --->   "%tmp_8 = call i32 (...)* @_ssdm_op_SpecRegionBegin([11 x i8]* @p_str10)" [C:/Xilinx/Vivado/2018.2/common/technology/autopilot/hls/hls_video_io.h:126]   --->   Operation 36 'specregionbegin' 'tmp_8' <Predicate = (!exitcond)> <Delay = 0.00>
ST_5 : Operation 37 [1/1] (0.00ns)   --->   "call void (...)* @_ssdm_op_SpecPipeline(i32 1, i32 1, i32 1, i32 0, [1 x i8]* @p_str3) nounwind" [C:/Xilinx/Vivado/2018.2/common/technology/autopilot/hls/hls_video_io.h:128]   --->   Operation 37 'specpipeline' <Predicate = (!exitcond)> <Delay = 0.00>
ST_5 : Operation 38 [1/1] (0.00ns)   --->   "call void (...)* @_ssdm_op_SpecLoopName([14 x i8]* @p_str11) nounwind" [C:/Xilinx/Vivado/2018.2/common/technology/autopilot/hls/hls_video_io.h:142]   --->   Operation 38 'specloopname' <Predicate = (!exitcond)> <Delay = 0.00>
ST_5 : Operation 39 [1/2] (0.00ns)   --->   "call void @_ssdm_op_Write.axis.volatile.i24P.i3P.i3P.i1P.i1P.i1P.i1P(i24* %AXI_video_strm_V_data_V, i3* %AXI_video_strm_V_keep_V, i3* %AXI_video_strm_V_strb_V, i1* %AXI_video_strm_V_user_V, i1* %AXI_video_strm_V_last_V, i1* %AXI_video_strm_V_id_V, i1* %AXI_video_strm_V_dest_V, i24 %p_Result_s, i3 -1, i3 undef, i1 %tmp_user_V_load, i1 %axi_last_V, i1 undef, i1 undef)" [C:/Xilinx/Vivado/2018.2/common/technology/autopilot/hls/hls_video_io.h:146]   --->   Operation 39 'write' <Predicate = (!exitcond)> <Delay = 0.00> <Core = "AXI4Stream">   --->   Core 5 'AXI4Stream' <Latency = 0> <II = 1> <Delay = 1.00> <Adapter> <Opcode : >
ST_5 : Operation 40 [1/1] (0.00ns)   --->   "%empty_38 = call i32 (...)* @_ssdm_op_SpecRegionEnd([11 x i8]* @p_str10, i32 %tmp_8)" [C:/Xilinx/Vivado/2018.2/common/technology/autopilot/hls/hls_video_io.h:147]   --->   Operation 40 'specregionend' 'empty_38' <Predicate = (!exitcond)> <Delay = 0.00>
ST_5 : Operation 41 [1/1] (0.00ns)   --->   "br label %2" [C:/Xilinx/Vivado/2018.2/common/technology/autopilot/hls/hls_video_io.h:126]   --->   Operation 41 'br' <Predicate = (!exitcond)> <Delay = 0.00>

State 6 <SV = 3> <Delay = 0.00>
ST_6 : Operation 42 [1/1] (0.00ns)   --->   "%empty_39 = call i32 (...)* @_ssdm_op_SpecRegionEnd([12 x i8]* @p_str9, i32 %tmp)" [C:/Xilinx/Vivado/2018.2/common/technology/autopilot/hls/hls_video_io.h:148]   --->   Operation 42 'specregionend' 'empty_39' <Predicate = true> <Delay = 0.00>
ST_6 : Operation 43 [1/1] (0.00ns)   --->   "br label %0" [C:/Xilinx/Vivado/2018.2/common/technology/autopilot/hls/hls_video_io.h:125]   --->   Operation 43 'br' <Predicate = true> <Delay = 0.00>


============================================================
+ Verbose Summary: Timing violations
============================================================
Target clock period: 10ns, clock uncertainty: 1.25ns.

 <State 1>: 1.77ns
The critical path consists of the following:
	'alloca' operation ('tmp.user.V') [9]  (0 ns)
	'store' operation of constant 1 on local variable 'tmp.user.V' [12]  (1.77 ns)

 <State 2>: 2.75ns
The critical path consists of the following:
	'icmp' operation ('exitcond2', C:/Xilinx/Vivado/2018.2/common/technology/autopilot/hls/hls_video_io.h:125) [16]  (1.77 ns)
	blocking operation 0.978 ns on control path)

 <State 3>: 2.86ns
The critical path consists of the following:
	'icmp' operation ('exitcond', C:/Xilinx/Vivado/2018.2/common/technology/autopilot/hls/hls_video_io.h:126) [26]  (1.88 ns)
	blocking operation 0.978 ns on control path)

 <State 4>: 3.63ns
The critical path consists of the following:
	fifo read on port 'img_data_stream_V' (C:/Xilinx/Vivado/2018.2/common/technology/autopilot/hls/hls_video_core.h:624->C:/Xilinx/Vivado/2018.2/common/technology/autopilot/hls/hls_video_core.h:656->C:/Xilinx/Vivado/2018.2/common/technology/autopilot/hls/hls_video_io.h:140) [38]  (3.63 ns)

 <State 5>: 0ns
The critical path consists of the following:

 <State 6>: 0ns
The critical path consists of the following:


============================================================
+ Verbose Summary: Binding
============================================================
N/A
* FSMD analyzer results:
  - Output states:
 - Input state : 
  - Chain level:
	State 1
	State 2
	State 3
	State 4
	State 5
	State 6


============================================================
+ Verbose Summary: Datapath Resource usage 
============================================================
N/A
