

================================================================
== Vivado HLS Report for 'Threshold'
================================================================
* Date:           Fri Apr  5 23:47:06 2019

* Version:        2018.2 (Build 2258646 on Thu Jun 14 20:25:20 MDT 2018)
* Project:        threshold1
* Solution:       solution1
* Product family: zynq
* Target device:  xc7z020clg400-1


================================================================
== Performance Estimates
================================================================
+ Timing (ns): 
    * Summary: 
    +--------+-------+----------+------------+
    |  Clock | Target| Estimated| Uncertainty|
    +--------+-------+----------+------------+
    |ap_clk  |  10.00|     5.185|        1.25|
    +--------+-------+----------+------------+

+ Latency (clock cycles): 
    * Summary: 
    +--------+--------+--------+--------+---------+
    |     Latency     |     Interval    | Pipeline|
    |   min  |   max  |   min  |   max  |   Type  |
    +--------+--------+--------+--------+---------+
    |  924481|  924481|  924481|  924481|   none  |
    +--------+--------+--------+--------+---------+

    + Detail: 
        * Instance: 
        N/A

        * Loop: 
        +---------------+--------+--------+----------+-----------+-----------+------+----------+
        |               |     Latency     | Iteration|  Initiation Interval  | Trip |          |
        |   Loop Name   |   min  |   max  |  Latency |  achieved |   target  | Count| Pipelined|
        +---------------+--------+--------+----------+-----------+-----------+------+----------+
        |- loop_height  |  924480|  924480|      1284|          -|          -|   720|    no    |
        | + loop_width  |    1281|    1281|         3|          1|          1|  1280|    yes   |
        +---------------+--------+--------+----------+-----------+-----------+------+----------+

============================================================
+ Verbose Summary: Synthesis Manager
============================================================
InlineROM: 1
ExposeGlobal: 0
============================================================
+ Verbose Summary: CDFG Model
============================================================
IsTopModel: 0
ResetActiveHigh: 1
IsCombinational: 2
IsDatapathOnly: 0
HasWiredReturn: 1
HasMFsm: 0
HasVarLatency: 1
IsPipeline: 0
IsRtlPipelined: 0
IsInstanceOverlapped: 0
IsDontTouch: 0
HasImplIP: 0
IsGatedGlobalClock: 0

+ Individual pipeline summary: 
  * Pipeline-0: initiation interval (II) = 1, depth = 3


============================================================
+ Verbose Summary: Schedule
============================================================
* Number of FSM states : 6
* Pipeline : 1
  Pipeline-0 : II = 1, D = 3, States = { 3 4 5 }
* Dataflow Pipeline: 0

* FSM state transitions: 
1 --> 
	2  / true
2 --> 
	3  / (!exitcond1)
3 --> 
	6  / (exitcond)
	4  / (!exitcond)
4 --> 
	5  / true
5 --> 
	3  / true
6 --> 
	2  / true

* FSM state operations: 

State 1 <SV = 0> <Delay = 1.76>
ST_1 : Operation 7 [1/1] (0.00ns)   --->   "call void (...)* @_ssdm_op_SpecInterface(i8* %dst_data_stream_V, [8 x i8]* @ap_fifo_str, i32 0, i32 0, [1 x i8]* @p_str101, i32 0, i32 0, [1 x i8]* @p_str102, [1 x i8]* @p_str103, [1 x i8]* @p_str104, i32 2, i32 2, i32 16, i32 16, [1 x i8]* @p_str105, [1 x i8]* @p_str106)"   --->   Operation 7 'specinterface' <Predicate = true> <Delay = 0.00>
ST_1 : Operation 8 [1/1] (0.00ns)   --->   "call void (...)* @_ssdm_op_SpecInterface(i8* %src_data_stream_V, [8 x i8]* @ap_fifo_str, i32 0, i32 0, [1 x i8]* @p_str94, i32 0, i32 0, [1 x i8]* @p_str95, [1 x i8]* @p_str96, [1 x i8]* @p_str97, i32 2, i32 2, i32 16, i32 16, [1 x i8]* @p_str98, [1 x i8]* @p_str99)"   --->   Operation 8 'specinterface' <Predicate = true> <Delay = 0.00>
ST_1 : Operation 9 [1/1] (1.76ns)   --->   "br label %0" [C:/Xilinx/Vivado/2018.2/common/technology/autopilot/hls/hls_video_arithm.h:1435]   --->   Operation 9 'br' <Predicate = true> <Delay = 1.76>

State 2 <SV = 1> <Delay = 2.74>
ST_2 : Operation 10 [1/1] (0.00ns)   --->   "%t_V = phi i10 [ 0, %._crit_edge1 ], [ %i_V, %3 ]"   --->   Operation 10 'phi' 't_V' <Predicate = true> <Delay = 0.00>
ST_2 : Operation 11 [1/1] (1.77ns)   --->   "%exitcond1 = icmp eq i10 %t_V, -304" [C:/Xilinx/Vivado/2018.2/common/technology/autopilot/hls/hls_video_arithm.h:1435]   --->   Operation 11 'icmp' 'exitcond1' <Predicate = true> <Delay = 1.77> <Core = "Cmp">   --->   Core 25 'Cmp' <Latency = 0> <II = 1> <Delay = 1.77> <FuncUnit> <Opcode : 'icmp'> <InPorts = 2> <OutPorts = 1>
ST_2 : Operation 12 [1/1] (0.00ns)   --->   "call void (...)* @_ssdm_op_SpecLoopTripCount(i64 720, i64 720, i64 720)"   --->   Operation 12 'speclooptripcount' <Predicate = true> <Delay = 0.00>
ST_2 : Operation 13 [1/1] (1.73ns)   --->   "%i_V = add i10 %t_V, 1" [C:/Xilinx/Vivado/2018.2/common/technology/autopilot/hls/hls_video_arithm.h:1435]   --->   Operation 13 'add' 'i_V' <Predicate = true> <Delay = 1.73> <Core = "AddSub">   --->   Core 14 'AddSub' <Latency = 0> <II = 1> <Delay = 1.73> <FuncUnit> <Opcode : 'add' 'sub'> <InPorts = 2> <OutPorts = 1>
ST_2 : Operation 14 [1/1] (0.00ns)   --->   "br i1 %exitcond1, label %4, label %1" [C:/Xilinx/Vivado/2018.2/common/technology/autopilot/hls/hls_video_arithm.h:1435]   --->   Operation 14 'br' <Predicate = true> <Delay = 0.00>
ST_2 : Operation 15 [1/1] (0.00ns)   --->   "call void (...)* @_ssdm_op_SpecLoopName([12 x i8]* @p_str9) nounwind" [C:/Xilinx/Vivado/2018.2/common/technology/autopilot/hls/hls_video_arithm.h:1435]   --->   Operation 15 'specloopname' <Predicate = (!exitcond1)> <Delay = 0.00>
ST_2 : Operation 16 [1/1] (0.00ns)   --->   "%tmp = call i32 (...)* @_ssdm_op_SpecRegionBegin([12 x i8]* @p_str9)" [C:/Xilinx/Vivado/2018.2/common/technology/autopilot/hls/hls_video_arithm.h:1435]   --->   Operation 16 'specregionbegin' 'tmp' <Predicate = (!exitcond1)> <Delay = 0.00>
ST_2 : Operation 17 [1/1] (1.76ns)   --->   "br label %2" [C:/Xilinx/Vivado/2018.2/common/technology/autopilot/hls/hls_video_arithm.h:1436]   --->   Operation 17 'br' <Predicate = (!exitcond1)> <Delay = 1.76>
ST_2 : Operation 18 [1/1] (0.00ns)   --->   "ret void" [C:/Xilinx/Vivado/2018.2/common/technology/autopilot/hls/hls_video_arithm.h:1465]   --->   Operation 18 'ret' <Predicate = (exitcond1)> <Delay = 0.00>

State 3 <SV = 2> <Delay = 1.88>
ST_3 : Operation 19 [1/1] (0.00ns)   --->   "%t_V_1 = phi i11 [ 0, %1 ], [ %j_V, %.critedge ]"   --->   Operation 19 'phi' 't_V_1' <Predicate = true> <Delay = 0.00>
ST_3 : Operation 20 [1/1] (1.88ns)   --->   "%exitcond = icmp eq i11 %t_V_1, -768" [C:/Xilinx/Vivado/2018.2/common/technology/autopilot/hls/hls_video_arithm.h:1436]   --->   Operation 20 'icmp' 'exitcond' <Predicate = true> <Delay = 1.88> <Core = "Cmp">   --->   Core 25 'Cmp' <Latency = 0> <II = 1> <Delay = 1.77> <FuncUnit> <Opcode : 'icmp'> <InPorts = 2> <OutPorts = 1>
ST_3 : Operation 21 [1/1] (0.00ns)   --->   "call void (...)* @_ssdm_op_SpecLoopTripCount(i64 1280, i64 1280, i64 1280)"   --->   Operation 21 'speclooptripcount' <Predicate = true> <Delay = 0.00>
ST_3 : Operation 22 [1/1] (1.63ns)   --->   "%j_V = add i11 %t_V_1, 1" [C:/Xilinx/Vivado/2018.2/common/technology/autopilot/hls/hls_video_arithm.h:1436]   --->   Operation 22 'add' 'j_V' <Predicate = true> <Delay = 1.63> <Core = "AddSub">   --->   Core 14 'AddSub' <Latency = 0> <II = 1> <Delay = 1.73> <FuncUnit> <Opcode : 'add' 'sub'> <InPorts = 2> <OutPorts = 1>
ST_3 : Operation 23 [1/1] (0.00ns)   --->   "br i1 %exitcond, label %3, label %.critedge" [C:/Xilinx/Vivado/2018.2/common/technology/autopilot/hls/hls_video_arithm.h:1436]   --->   Operation 23 'br' <Predicate = true> <Delay = 0.00>

State 4 <SV = 3> <Delay = 5.18>
ST_4 : Operation 24 [1/1] (0.00ns)   --->   "%tmp_5 = call i32 (...)* @_ssdm_op_SpecRegionBegin([12 x i8]* @p_str14)" [C:/Xilinx/Vivado/2018.2/common/technology/autopilot/hls/hls_video_core.h:617->C:/Xilinx/Vivado/2018.2/common/technology/autopilot/hls/hls_video_core.h:656->C:/Xilinx/Vivado/2018.2/common/technology/autopilot/hls/hls_video_arithm.h:1439]   --->   Operation 24 'specregionbegin' 'tmp_5' <Predicate = (!exitcond)> <Delay = 0.00>
ST_4 : Operation 25 [1/1] (0.00ns)   --->   "call void (...)* @_ssdm_op_SpecProtocol(i32 0, [1 x i8]* @p_str3) nounwind" [C:/Xilinx/Vivado/2018.2/common/technology/autopilot/hls/hls_video_core.h:621->C:/Xilinx/Vivado/2018.2/common/technology/autopilot/hls/hls_video_core.h:656->C:/Xilinx/Vivado/2018.2/common/technology/autopilot/hls/hls_video_arithm.h:1439]   --->   Operation 25 'specprotocol' <Predicate = (!exitcond)> <Delay = 0.00>
ST_4 : Operation 26 [1/1] (3.63ns)   --->   "%tmp_1 = call i8 @_ssdm_op_Read.ap_fifo.volatile.i8P(i8* %src_data_stream_V)" [C:/Xilinx/Vivado/2018.2/common/technology/autopilot/hls/hls_video_core.h:624->C:/Xilinx/Vivado/2018.2/common/technology/autopilot/hls/hls_video_core.h:656->C:/Xilinx/Vivado/2018.2/common/technology/autopilot/hls/hls_video_arithm.h:1439]   --->   Operation 26 'read' 'tmp_1' <Predicate = (!exitcond)> <Delay = 3.63> <Core = "FIFO">   --->   Core 32 'FIFO' <Latency = 0> <II = 1> <Delay = 3.63> <Storage> <Opcode : 'read' 'write' 'nbread' 'nbwrite'> <Ports = 0> <Width = 8> <Depth = 2> <FIFO>
ST_4 : Operation 27 [1/1] (0.00ns)   --->   "%empty = call i32 (...)* @_ssdm_op_SpecRegionEnd([12 x i8]* @p_str14, i32 %tmp_5)" [C:/Xilinx/Vivado/2018.2/common/technology/autopilot/hls/hls_video_core.h:626->C:/Xilinx/Vivado/2018.2/common/technology/autopilot/hls/hls_video_core.h:656->C:/Xilinx/Vivado/2018.2/common/technology/autopilot/hls/hls_video_arithm.h:1439]   --->   Operation 27 'specregionend' 'empty' <Predicate = (!exitcond)> <Delay = 0.00>
ST_4 : Operation 28 [1/1] (1.55ns)   --->   "%tmp_6 = icmp ugt i8 %tmp_1, 120" [C:/Xilinx/Vivado/2018.2/common/technology/autopilot/hls/hls_video_arithm.h:1443]   --->   Operation 28 'icmp' 'tmp_6' <Predicate = (!exitcond)> <Delay = 1.55> <Core = "Cmp">   --->   Core 25 'Cmp' <Latency = 0> <II = 1> <Delay = 1.77> <FuncUnit> <Opcode : 'icmp'> <InPorts = 2> <OutPorts = 1>

State 5 <SV = 4> <Delay = 4.62>
ST_5 : Operation 29 [1/1] (0.00ns)   --->   "call void (...)* @_ssdm_op_SpecLoopName([11 x i8]* @p_str10) nounwind" [C:/Xilinx/Vivado/2018.2/common/technology/autopilot/hls/hls_video_arithm.h:1436]   --->   Operation 29 'specloopname' <Predicate = (!exitcond)> <Delay = 0.00>
ST_5 : Operation 30 [1/1] (0.00ns)   --->   "%tmp_4 = call i32 (...)* @_ssdm_op_SpecRegionBegin([11 x i8]* @p_str10)" [C:/Xilinx/Vivado/2018.2/common/technology/autopilot/hls/hls_video_arithm.h:1436]   --->   Operation 30 'specregionbegin' 'tmp_4' <Predicate = (!exitcond)> <Delay = 0.00>
ST_5 : Operation 31 [1/1] (0.00ns)   --->   "call void (...)* @_ssdm_op_SpecPipeline(i32 1, i32 1, i32 1, i32 0, [1 x i8]* @p_str3) nounwind" [C:/Xilinx/Vivado/2018.2/common/technology/autopilot/hls/hls_video_arithm.h:1438]   --->   Operation 31 'specpipeline' <Predicate = (!exitcond)> <Delay = 0.00>
ST_5 : Operation 32 [1/1] (0.99ns)   --->   "%tmp_2 = select i1 %tmp_6, i8 -1, i8 0" [C:/Xilinx/Vivado/2018.2/common/technology/autopilot/hls/hls_video_arithm.h:1443]   --->   Operation 32 'select' 'tmp_2' <Predicate = (!exitcond)> <Delay = 0.99> <Core = "Sel">   --->   Core 26 'Sel' <Latency = 0> <II = 1> <Delay = 0.99> <FuncUnit> <Opcode : 'select'> <InPorts = 3> <OutPorts = 1>
ST_5 : Operation 33 [1/1] (0.00ns)   --->   "%tmp_7 = call i32 (...)* @_ssdm_op_SpecRegionBegin([12 x i8]* @p_str19)" [C:/Xilinx/Vivado/2018.2/common/technology/autopilot/hls/hls_video_core.h:641->C:/Xilinx/Vivado/2018.2/common/technology/autopilot/hls/hls_video_core.h:662->C:/Xilinx/Vivado/2018.2/common/technology/autopilot/hls/hls_video_arithm.h:1462]   --->   Operation 33 'specregionbegin' 'tmp_7' <Predicate = (!exitcond)> <Delay = 0.00>
ST_5 : Operation 34 [1/1] (0.00ns)   --->   "call void (...)* @_ssdm_op_SpecProtocol(i32 0, [1 x i8]* @p_str3) nounwind" [C:/Xilinx/Vivado/2018.2/common/technology/autopilot/hls/hls_video_core.h:645->C:/Xilinx/Vivado/2018.2/common/technology/autopilot/hls/hls_video_core.h:662->C:/Xilinx/Vivado/2018.2/common/technology/autopilot/hls/hls_video_arithm.h:1462]   --->   Operation 34 'specprotocol' <Predicate = (!exitcond)> <Delay = 0.00>
ST_5 : Operation 35 [1/1] (3.63ns)   --->   "call void @_ssdm_op_Write.ap_fifo.volatile.i8P(i8* %dst_data_stream_V, i8 %tmp_2)" [C:/Xilinx/Vivado/2018.2/common/technology/autopilot/hls/hls_video_core.h:648->C:/Xilinx/Vivado/2018.2/common/technology/autopilot/hls/hls_video_core.h:662->C:/Xilinx/Vivado/2018.2/common/technology/autopilot/hls/hls_video_arithm.h:1462]   --->   Operation 35 'write' <Predicate = (!exitcond)> <Delay = 3.63> <Core = "FIFO">   --->   Core 32 'FIFO' <Latency = 0> <II = 1> <Delay = 3.63> <Storage> <Opcode : 'read' 'write' 'nbread' 'nbwrite'> <Ports = 0> <Width = 8> <Depth = 2> <FIFO>
ST_5 : Operation 36 [1/1] (0.00ns)   --->   "%empty_35 = call i32 (...)* @_ssdm_op_SpecRegionEnd([12 x i8]* @p_str19, i32 %tmp_7)" [C:/Xilinx/Vivado/2018.2/common/technology/autopilot/hls/hls_video_core.h:650->C:/Xilinx/Vivado/2018.2/common/technology/autopilot/hls/hls_video_core.h:662->C:/Xilinx/Vivado/2018.2/common/technology/autopilot/hls/hls_video_arithm.h:1462]   --->   Operation 36 'specregionend' 'empty_35' <Predicate = (!exitcond)> <Delay = 0.00>
ST_5 : Operation 37 [1/1] (0.00ns)   --->   "%empty_36 = call i32 (...)* @_ssdm_op_SpecRegionEnd([11 x i8]* @p_str10, i32 %tmp_4)" [C:/Xilinx/Vivado/2018.2/common/technology/autopilot/hls/hls_video_arithm.h:1463]   --->   Operation 37 'specregionend' 'empty_36' <Predicate = (!exitcond)> <Delay = 0.00>
ST_5 : Operation 38 [1/1] (0.00ns)   --->   "br label %2" [C:/Xilinx/Vivado/2018.2/common/technology/autopilot/hls/hls_video_arithm.h:1436]   --->   Operation 38 'br' <Predicate = (!exitcond)> <Delay = 0.00>

State 6 <SV = 3> <Delay = 0.00>
ST_6 : Operation 39 [1/1] (0.00ns)   --->   "%empty_37 = call i32 (...)* @_ssdm_op_SpecRegionEnd([12 x i8]* @p_str9, i32 %tmp)" [C:/Xilinx/Vivado/2018.2/common/technology/autopilot/hls/hls_video_arithm.h:1464]   --->   Operation 39 'specregionend' 'empty_37' <Predicate = true> <Delay = 0.00>
ST_6 : Operation 40 [1/1] (0.00ns)   --->   "br label %0" [C:/Xilinx/Vivado/2018.2/common/technology/autopilot/hls/hls_video_arithm.h:1435]   --->   Operation 40 'br' <Predicate = true> <Delay = 0.00>


============================================================
+ Verbose Summary: Timing violations
============================================================
Target clock period: 10ns, clock uncertainty: 1.25ns.

 <State 1>: 1.77ns
The critical path consists of the following:
	multiplexor before 'phi' operation ('i.V') with incoming values : ('i.V', C:/Xilinx/Vivado/2018.2/common/technology/autopilot/hls/hls_video_arithm.h:1435) [7]  (1.77 ns)

 <State 2>: 2.75ns
The critical path consists of the following:
	'icmp' operation ('exitcond1', C:/Xilinx/Vivado/2018.2/common/technology/autopilot/hls/hls_video_arithm.h:1435) [8]  (1.77 ns)
	blocking operation 0.978 ns on control path)

 <State 3>: 1.88ns
The critical path consists of the following:
	'phi' operation ('j.V') with incoming values : ('j.V', C:/Xilinx/Vivado/2018.2/common/technology/autopilot/hls/hls_video_arithm.h:1436) [17]  (0 ns)
	'icmp' operation ('exitcond', C:/Xilinx/Vivado/2018.2/common/technology/autopilot/hls/hls_video_arithm.h:1436) [18]  (1.88 ns)

 <State 4>: 5.18ns
The critical path consists of the following:
	fifo read on port 'src_data_stream_V' (C:/Xilinx/Vivado/2018.2/common/technology/autopilot/hls/hls_video_core.h:624->C:/Xilinx/Vivado/2018.2/common/technology/autopilot/hls/hls_video_core.h:656->C:/Xilinx/Vivado/2018.2/common/technology/autopilot/hls/hls_video_arithm.h:1439) [28]  (3.63 ns)
	'icmp' operation ('tmp_6', C:/Xilinx/Vivado/2018.2/common/technology/autopilot/hls/hls_video_arithm.h:1443) [30]  (1.55 ns)

 <State 5>: 4.63ns
The critical path consists of the following:
	'select' operation ('tmp', C:/Xilinx/Vivado/2018.2/common/technology/autopilot/hls/hls_video_arithm.h:1443) [31]  (0.993 ns)
	fifo write on port 'dst_data_stream_V' (C:/Xilinx/Vivado/2018.2/common/technology/autopilot/hls/hls_video_core.h:648->C:/Xilinx/Vivado/2018.2/common/technology/autopilot/hls/hls_video_core.h:662->C:/Xilinx/Vivado/2018.2/common/technology/autopilot/hls/hls_video_arithm.h:1462) [34]  (3.63 ns)

 <State 6>: 0ns
The critical path consists of the following:


============================================================
+ Verbose Summary: Binding
============================================================
N/A
* FSMD analyzer results:
  - Output states:
 - Input state : 
  - Chain level:
	State 1
	State 2
	State 3
	State 4
	State 5
	State 6


============================================================
+ Verbose Summary: Datapath Resource usage 
============================================================
N/A
