

================================================================
== Vivado HLS Report for 'Threshold'
================================================================
* Date:           Fri Apr  5 23:47:06 2019

* Version:        2018.2 (Build 2258646 on Thu Jun 14 20:25:20 MDT 2018)
* Project:        threshold1
* Solution:       solution1
* Product family: zynq
* Target device:  xc7z020clg400-1


================================================================
== Performance Estimates
================================================================
+ Timing (ns): 
    * Summary: 
    +--------+-------+----------+------------+
    |  Clock | Target| Estimated| Uncertainty|
    +--------+-------+----------+------------+
    |ap_clk  |  10.00|     5.185|        1.25|
    +--------+-------+----------+------------+

+ Latency (clock cycles): 
    * Summary: 
    +--------+--------+--------+--------+---------+
    |     Latency     |     Interval    | Pipeline|
    |   min  |   max  |   min  |   max  |   Type  |
    +--------+--------+--------+--------+---------+
    |  924481|  924481|  924481|  924481|   none  |
    +--------+--------+--------+--------+---------+

    + Detail: 
        * Instance: 
        N/A

        * Loop: 
        +---------------+--------+--------+----------+-----------+-----------+------+----------+
        |               |     Latency     | Iteration|  Initiation Interval  | Trip |          |
        |   Loop Name   |   min  |   max  |  Latency |  achieved |   target  | Count| Pipelined|
        +---------------+--------+--------+----------+-----------+-----------+------+----------+
        |- loop_height  |  924480|  924480|      1284|          -|          -|   720|    no    |
        | + loop_width  |    1281|    1281|         3|          1|          1|  1280|    yes   |
        +---------------+--------+--------+----------+-----------+-----------+------+----------+

============================================================
+ Verbose Summary: Synthesis Manager
============================================================
InlineROM: 1
ExposeGlobal: 0
============================================================
+ Verbose Summary: CDFG Model
============================================================
IsTopModel: 0
ResetActiveHigh: 1
IsCombinational: 2
IsDatapathOnly: 0
HasWiredReturn: 1
HasMFsm: 0
HasVarLatency: 1
IsPipeline: 0
IsRtlPipelined: 0
IsInstanceOverlapped: 0
IsDontTouch: 0
HasImplIP: 0
IsGatedGlobalClock: 0

+ Individual pipeline summary: 
  * Pipeline-0: initiation interval (II) = 1, depth = 3


============================================================
+ Verbose Summary: Schedule
============================================================
* Number of FSM states : 6
* Pipeline : 1
  Pipeline-0 : II = 1, D = 3, States = { 3 4 5 }
* Dataflow Pipeline: 0

* FSM state transitions: 
1 --> 
	2  / true
2 --> 
	3  / (!exitcond1)
3 --> 
	6  / (exitcond)
	4  / (!exitcond)
4 --> 
	5  / true
5 --> 
	3  / true
6 --> 
	2  / true

* FSM state operations: 

State 1 <SV = 0> <Delay = 1.76>
ST_1 : Operation 7 [1/1] (0.00ns)   --->   "call void (...)* @_ssdm_op_SpecInterface(i8* %dst_data_stream_V, [8 x i8]* @ap_fifo_str, i32 0, i32 0, [1 x i8]* @p_str101, i32 0, i32 0, [1 x i8]* @p_str102, [1 x i8]* @p_str103, [1 x i8]* @p_str104, i32 2, i32 2, i32 16, i32 16, [1 x i8]* @p_str105, [1 x i8]* @p_str106)"   --->   Operation 7 'specinterface' <Predicate = true> <Delay = 0.00>
ST_1 : Operation 8 [1/1] (0.00ns)   --->   "call void (...)* @_ssdm_op_SpecInterface(i8* %src_data_stream_V, [8 x i8]* @ap_fifo_str, i32 0, i32 0, [1 x i8]* @p_str94, i32 0, i32 0, [1 x i8]* @p_str95, [1 x i8]* @p_str96, [1 x i8]* @p_str97, i32 2, i32 2, i32 16, i32 16, [1 x i8]* @p_str98, [1 x i8]* @p_str99)"   --->   Operation 8 'specinterface' <Predicate = true> <Delay = 0.00>
ST_1 : Operation 9 [1/1] (1.76ns)   --->   "br label %0" [C:/Xilinx/Vivado/2018.2/common/technology/autopilot/hls/hls_video_arithm.h:1435]   --->   Operation 9 'br' <Predicate = true> <Delay = 1.76>

State 2 <SV = 1> <Delay = 2.74>
ST_2 : Operation 10 [1/1] (0.00ns)   --->   "%t_V = phi i10 [ 0, %._crit_edge1 ], [ %i_V, %3 ]"   --->   Operation 10 'phi' 't_V' <Predicate = true> <Delay = 0.00>
ST_2 : Operation 11 [1/1] (1.77ns)   --->   "%exitcond1 = icmp eq i10 %t_V, -304" [C:/Xilinx/Vivado/2018.2/common/technology/autopilot/hls/hls_video_arithm.h:1435]   --->   Operation 11 'icmp' 'exitcond1' <Predicate = true> <Delay = 1.77> <Core = "Cmp">   --->   Core 25 'Cmp' <Latency = 0> <II = 1> <Delay = 1.55> <FuncUnit> <Opcode : 'icmp'> <InPorts = 2> <OutPorts = 1>
ST_2 : Operation 12 [1/1] (0.00ns)   --->   "call void (...)* @_ssdm_op_SpecLoopTripCount(i64 720, i64 720, i64 720)"   --->   Operation 12 'speclooptripcount' <Predicate = true> <Delay = 0.00>
ST_2 : Operation 13 [1/1] (1.73ns)   --->   "%i_V = add i10 %t_V, 1" [C:/Xilinx/Vivado/2018.2/common/technology/autopilot/hls/hls_video_arithm.h:1435]   --->   Operation 13 'add' 'i_V' <Predicate = true> <Delay = 1.73> <Core = "AddSub">   --->   Core 14 'AddSub' <Latency = 0> <II = 1> <Delay = 1.63> <FuncUnit> <Opcode : 'add' 'sub'> <InPorts = 2> <OutPorts = 1>
ST_2 : Operation 14 [1/1] (0.00ns)   --->   "br i1 %exitcond1, label %4, label %1" [C:/Xilinx/Vivado/2018.2/common/technology/autopilot/hls/hls_video_arithm.h:1435]   --->   Operation 14 'br' <Predicate = true> <Delay = 0.00>
ST_2 : Operation 15 [1/1] (0.00ns)   --->   "call void (...)* @_ssdm_op_SpecLoopName([12 x i8]* @p_str9) nounwind" [C:/Xilinx/Vivado/2018.2/common/technology/autopilot/hls/hls_video_arithm.h:1435]   --->   Operation 15 'specloopname' <Predicate = (!exitcond1)> <Delay = 0.00>
ST_2 : Operation 16 [1/1] (0.00ns)   --->   "%tmp = call i32 (...)* @_ssdm_op_SpecRegionBegin([12 x i8]* @p_str9)" [C:/Xilinx/Vivado/2018.2/common/technology/autopilot/hls/hls_video_arithm.h:1435]   --->   Operation 16 'specregionbegin' 'tmp' <Predicate = (!exitcond1)> <Delay = 0.00>
ST_2 : Operation 17 [1/1] (1.76ns)   --->   "br label %2" [C:/Xilinx/Vivado/2018.2/common/technology/autopilot/hls/hls_video_arithm.h:1436]   --->   Operation 17 'br' <Predicate = (!exitcond1)> <Delay = 1.76>
ST_2 : Operation 18 [1/1] (0.00ns)   --->   "ret void" [C:/Xilinx/Vivado/2018.2/common/technology/autopilot/hls/hls_video_arithm.h:1465]   --->   Operation 18 'ret' <Predicate = (exitcond1)> <Delay = 0.00>

State 3 <SV = 2> <Delay = 1.88>
ST_3 : Operation 19 [1/1] (0.00ns)   --->   "%t_V_1 = phi i11 [ 0, %1 ], [ %j_V, %.critedge ]"   --->   Operation 19 'phi' 't_V_1' <Predicate = true> <Delay = 0.00>
ST_3 : Operation 20 [1/1] (1.88ns)   --->   "%exitcond = icmp eq i11 %t_V_1, -768" [C:/Xilinx/Vivado/2018.2/common/technology/autopilot/hls/hls_video_arithm.h:1436]   --->   Operation 20 'icmp' 'exitcond' <Predicate = true> <Delay = 1.88> <Core = "Cmp">   --->   Core 25 'Cmp' <Latency = 0> <II = 1> <Delay = 1.55> <FuncUnit> <Opcode : 'icmp'> <InPorts = 2> <OutPorts = 1>
ST_3 : Operation 21 [1/1] (0.00ns)   --->   "call void (...)* @_ssdm_op_SpecLoopTripCount(i64 1280, i64 1280, i64 1280)"   --->   Operation 21 'speclooptripcount' <Predicate = true> <Delay = 0.00>
ST_3 : Operation 22 [1/1] (1.63ns)   --->   "%j_V = add i11 %t_V_1, 1" [C:/Xilinx/Vivado/2018.2/common/technology/autopilot/hls/hls_video_arithm.h:1436]   --->   Operation 22 'add' 'j_V' <Predicate = true> <Delay = 1.63> <Core = "AddSub">   --->   Core 14 'AddSub' <Latency = 0> <II = 1> <Delay = 1.63> <FuncUnit> <Opcode : 'add' 'sub'> <InPorts = 2> <OutPorts = 1>
ST_3 : Operation 23 [1/1] (0.00ns)   --->   "br i1 %exitcond, label %3, label %.critedge" [C:/Xilinx/Vivado/2018.2/common/technology/autopilot/hls/hls_video_arithm.h:1436]   --->   Operation 23 'br' <Predicate = true> <Delay = 0.00>

State 4 <SV = 3> <Delay = 5.18>
ST_4 : Operation 24 [1/1] (0.00ns)   --->   "%tmp_5 = call i32 (...)* @_ssdm_op_SpecRegionBegin([12 x i8]* @p_str14)" [C:/Xilinx/Vivado/2018.2/common/technology/autopilot/hls/hls_video_core.h:617->C:/Xilinx/Vivado/2018.2/common/technology/autopilot/hls/hls_video_core.h:656->C:/Xilinx/Vivado/2018.2/common/technology/autopilot/hls/hls_video_arithm.h:1439]   --->   Operation 24 'specregionbegin' 'tmp_5' <Predicate = (!exitcond)> <Delay = 0.00>
ST_4 : Operation 25 [1/1] (0.00ns)   --->   "call void (...)* @_ssdm_op_SpecProtocol(i32 0, [1 x i8]* @p_str3) nounwind" [C:/Xilinx/Vivado/2018.2/common/technology/autopilot/hls/hls_video_core.h:621->C:/Xilinx/Vivado/2018.2/common/technology/autopilot/hls/hls_video_core.h:656->C:/Xilinx/Vivado/2018.2/common/technology/autopilot/hls/hls_video_arithm.h:1439]   --->   Operation 25 'specprotocol' <Predicate = (!exitcond)> <Delay = 0.00>
ST_4 : Operation 26 [1/1] (3.63ns)   --->   "%tmp_1 = call i8 @_ssdm_op_Read.ap_fifo.volatile.i8P(i8* %src_data_stream_V)" [C:/Xilinx/Vivado/2018.2/common/technology/autopilot/hls/hls_video_core.h:624->C:/Xilinx/Vivado/2018.2/common/technology/autopilot/hls/hls_video_core.h:656->C:/Xilinx/Vivado/2018.2/common/technology/autopilot/hls/hls_video_arithm.h:1439]   --->   Operation 26 'read' 'tmp_1' <Predicate = (!exitcond)> <Delay = 3.63> <Core = "FIFO">   --->   Core 32 'FIFO' <Latency = 0> <II = 1> <Delay = 3.63> <Storage> <Opcode : 'read' 'write' 'nbread' 'nbwrite'> <Ports = 0> <Width = 8> <Depth = 2> <FIFO>
ST_4 : Operation 27 [1/1] (0.00ns)   --->   "%empty = call i32 (...)* @_ssdm_op_SpecRegionEnd([12 x i8]* @p_str14, i32 %tmp_5)" [C:/Xilinx/Vivado/2018.2/common/technology/autopilot/hls/hls_video_core.h:626->C:/Xilinx/Vivado/2018.2/common/technology/autopilot/hls/hls_video_core.h:656->C:/Xilinx/Vivado/2018.2/common/technology/autopilot/hls/hls_video_arithm.h:1439]   --->   Operation 27 'specregionend' 'empty' <Predicate = (!exitcond)> <Delay = 0.00>
ST_4 : Operation 28 [1/1] (1.55ns)   --->   "%tmp_6 = icmp ugt i8 %tmp_1, 120" [C:/Xilinx/Vivado/2018.2/common/technology/autopilot/hls/hls_video_arithm.h:1443]   --->   Operation 28 'icmp' 'tmp_6' <Predicate = (!exitcond)> <Delay = 1.55> <Core = "Cmp">   --->   Core 25 'Cmp' <Latency = 0> <II = 1> <Delay = 1.55> <FuncUnit> <Opcode : 'icmp'> <InPorts = 2> <OutPorts = 1>

State 5 <SV = 4> <Delay = 4.62>
ST_5 : Operation 29 [1/1] (0.00ns)   --->   "call void (...)* @_ssdm_op_SpecLoopName([11 x i8]* @p_str10) nounwind" [C:/Xilinx/Vivado/2018.2/common/technology/autopilot/hls/hls_video_arithm.h:1436]   --->   Operation 29 'specloopname' <Predicate = (!exitcond)> <Delay = 0.00>
ST_5 : Operation 30 [1/1] (0.00ns)   --->   "%tmp_4 = call i32 (...)* @_ssdm_op_SpecRegionBegin([11 x i8]* @p_str10)" [C:/Xilinx/Vivado/2018.2/common/technology/autopilot/hls/hls_video_arithm.h:1436]   --->   Operation 30 'specregionbegin' 'tmp_4' <Predicate = (!exitcond)> <Delay = 0.00>
ST_5 : Operation 31 [1/1] (0.00ns)   --->   "call void (...)* @_ssdm_op_SpecPipeline(i32 1, i32 1, i32 1, i32 0, [1 x i8]* @p_str3) nounwind" [C:/Xilinx/Vivado/2018.2/common/technology/autopilot/hls/hls_video_arithm.h:1438]   --->   Operation 31 'specpipeline' <Predicate = (!exitcond)> <Delay = 0.00>
ST_5 : Operation 32 [1/1] (0.99ns)   --->   "%tmp_2 = select i1 %tmp_6, i8 -1, i8 0" [C:/Xilinx/Vivado/2018.2/common/technology/autopilot/hls/hls_video_arithm.h:1443]   --->   Operation 32 'select' 'tmp_2' <Predicate = (!exitcond)> <Delay = 0.99> <Core = "Sel">   --->   Core 26 'Sel' <Latency = 0> <II = 1> <Delay = 0.99> <FuncUnit> <Opcode : 'select'> <InPorts = 3> <OutPorts = 1>
ST_5 : Operation 33 [1/1] (0.00ns)   --->   "%tmp_7 = call i32 (...)* @_ssdm_op_SpecRegionBegin([12 x i8]* @p_str19)" [C:/Xilinx/Vivado/2018.2/common/technology/autopilot/hls/hls_video_core.h:641->C:/Xilinx/Vivado/2018.2/common/technology/autopilot/hls/hls_video_core.h:662->C:/Xilinx/Vivado/2018.2/common/technology/autopilot/hls/hls_video_arithm.h:1462]   --->   Operation 33 'specregionbegin' 'tmp_7' <Predicate = (!exitcond)> <Delay = 0.00>
ST_5 : Operation 34 [1/1] (0.00ns)   --->   "call void (...)* @_ssdm_op_SpecProtocol(i32 0, [1 x i8]* @p_str3) nounwind" [C:/Xilinx/Vivado/2018.2/common/technology/autopilot/hls/hls_video_core.h:645->C:/Xilinx/Vivado/2018.2/common/technology/autopilot/hls/hls_video_core.h:662->C:/Xilinx/Vivado/2018.2/common/technology/autopilot/hls/hls_video_arithm.h:1462]   --->   Operation 34 'specprotocol' <Predicate = (!exitcond)> <Delay = 0.00>
ST_5 : Operation 35 [1/1] (3.63ns)   --->   "call void @_ssdm_op_Write.ap_fifo.volatile.i8P(i8* %dst_data_stream_V, i8 %tmp_2)" [C:/Xilinx/Vivado/2018.2/common/technology/autopilot/hls/hls_video_core.h:648->C:/Xilinx/Vivado/2018.2/common/technology/autopilot/hls/hls_video_core.h:662->C:/Xilinx/Vivado/2018.2/common/technology/autopilot/hls/hls_video_arithm.h:1462]   --->   Operation 35 'write' <Predicate = (!exitcond)> <Delay = 3.63> <Core = "FIFO">   --->   Core 32 'FIFO' <Latency = 0> <II = 1> <Delay = 3.63> <Storage> <Opcode : 'read' 'write' 'nbread' 'nbwrite'> <Ports = 0> <Width = 8> <Depth = 2> <FIFO>
ST_5 : Operation 36 [1/1] (0.00ns)   --->   "%empty_35 = call i32 (...)* @_ssdm_op_SpecRegionEnd([12 x i8]* @p_str19, i32 %tmp_7)" [C:/Xilinx/Vivado/2018.2/common/technology/autopilot/hls/hls_video_core.h:650->C:/Xilinx/Vivado/2018.2/common/technology/autopilot/hls/hls_video_core.h:662->C:/Xilinx/Vivado/2018.2/common/technology/autopilot/hls/hls_video_arithm.h:1462]   --->   Operation 36 'specregionend' 'empty_35' <Predicate = (!exitcond)> <Delay = 0.00>
ST_5 : Operation 37 [1/1] (0.00ns)   --->   "%empty_36 = call i32 (...)* @_ssdm_op_SpecRegionEnd([11 x i8]* @p_str10, i32 %tmp_4)" [C:/Xilinx/Vivado/2018.2/common/technology/autopilot/hls/hls_video_arithm.h:1463]   --->   Operation 37 'specregionend' 'empty_36' <Predicate = (!exitcond)> <Delay = 0.00>
ST_5 : Operation 38 [1/1] (0.00ns)   --->   "br label %2" [C:/Xilinx/Vivado/2018.2/common/technology/autopilot/hls/hls_video_arithm.h:1436]   --->   Operation 38 'br' <Predicate = (!exitcond)> <Delay = 0.00>

State 6 <SV = 3> <Delay = 0.00>
ST_6 : Operation 39 [1/1] (0.00ns)   --->   "%empty_37 = call i32 (...)* @_ssdm_op_SpecRegionEnd([12 x i8]* @p_str9, i32 %tmp)" [C:/Xilinx/Vivado/2018.2/common/technology/autopilot/hls/hls_video_arithm.h:1464]   --->   Operation 39 'specregionend' 'empty_37' <Predicate = true> <Delay = 0.00>
ST_6 : Operation 40 [1/1] (0.00ns)   --->   "br label %0" [C:/Xilinx/Vivado/2018.2/common/technology/autopilot/hls/hls_video_arithm.h:1435]   --->   Operation 40 'br' <Predicate = true> <Delay = 0.00>


============================================================
+ Verbose Summary: Binding
============================================================
STG Binding: 
---------------- STG Properties BEGIN ----------------
- Is combinational: 0
- Is one-state seq: 0
- Is datapath-only: 0
- Is pipelined: 0
- Is top level: 0
Port [ Return ] is wired: 1; IO mode=ap_ctrl_hs:ce=0
Port [ src_data_stream_V]:  wired=1; compound=1; hidden=0; nouse=0; global=0; static=0; extern=0; dir=0; type=3; pingpong=0; private_global=0; IO mode=ap_fifo:ce=0
Port [ dst_data_stream_V]:  wired=1; compound=1; hidden=0; nouse=0; global=0; static=0; extern=0; dir=1; type=3; pingpong=0; private_global=0; IO mode=ap_fifo:ce=0
---------------- STG Properties END ------------------

---------------- Datapath Model BEGIN ----------------

<LifeTime>
<method=bitvector/>
StgValue_7  (specinterface    ) [ 0000000]
StgValue_8  (specinterface    ) [ 0000000]
StgValue_9  (br               ) [ 0111111]
t_V         (phi              ) [ 0010000]
exitcond1   (icmp             ) [ 0011111]
StgValue_12 (speclooptripcount) [ 0000000]
i_V         (add              ) [ 0111111]
StgValue_14 (br               ) [ 0000000]
StgValue_15 (specloopname     ) [ 0000000]
tmp         (specregionbegin  ) [ 0001111]
StgValue_17 (br               ) [ 0011111]
StgValue_18 (ret              ) [ 0000000]
t_V_1       (phi              ) [ 0001000]
exitcond    (icmp             ) [ 0011111]
StgValue_21 (speclooptripcount) [ 0000000]
j_V         (add              ) [ 0011111]
StgValue_23 (br               ) [ 0000000]
tmp_5       (specregionbegin  ) [ 0000000]
StgValue_25 (specprotocol     ) [ 0000000]
tmp_1       (read             ) [ 0000000]
empty       (specregionend    ) [ 0000000]
tmp_6       (icmp             ) [ 0001010]
StgValue_29 (specloopname     ) [ 0000000]
tmp_4       (specregionbegin  ) [ 0000000]
StgValue_31 (specpipeline     ) [ 0000000]
tmp_2       (select           ) [ 0000000]
tmp_7       (specregionbegin  ) [ 0000000]
StgValue_34 (specprotocol     ) [ 0000000]
StgValue_35 (write            ) [ 0000000]
empty_35    (specregionend    ) [ 0000000]
empty_36    (specregionend    ) [ 0000000]
StgValue_38 (br               ) [ 0011111]
empty_37    (specregionend    ) [ 0000000]
StgValue_40 (br               ) [ 0111111]
</LifeTime>

<model>

<comp_list>
<comp id="0" class="1000" name="src_data_stream_V">
<pin_list>
<pin id="1" dir="1" index="0" bw="1" slack="0"/>
</pin_list>
<bind>
<StgValue><ssdm name="src_data_stream_V"/></StgValue>
</bind>
</comp>

<comp id="2" class="1000" name="dst_data_stream_V">
<pin_list>
<pin id="3" dir="1" index="0" bw="1" slack="0"/>
</pin_list>
<bind>
<StgValue><ssdm name="dst_data_stream_V"/></StgValue>
</bind>
</comp>

<comp id="4" class="1001" name="const_4">
<pin_list>
<pin id="5" dir="1" index="0" bw="1" slack="2147483647"/>
</pin_list>
<bind>
<StgValue><ssdm name="_ssdm_op_SpecInterface"/></StgValue>
</bind>
</comp>

<comp id="6" class="1001" name="const_6">
<pin_list>
<pin id="7" dir="1" index="0" bw="1" slack="2147483647"/>
</pin_list>
<bind>
<StgValue><ssdm name="ap_fifo_str"/></StgValue>
</bind>
</comp>

<comp id="8" class="1001" name="const_8">
<pin_list>
<pin id="9" dir="1" index="0" bw="1" slack="2147483647"/>
</pin_list>
<bind>
<StgValue><ssdm name=""/></StgValue>
</bind>
</comp>

<comp id="10" class="1001" name="const_10">
<pin_list>
<pin id="11" dir="1" index="0" bw="1" slack="2147483647"/>
</pin_list>
<bind>
<StgValue><ssdm name="p_str101"/></StgValue>
</bind>
</comp>

<comp id="12" class="1001" name="const_12">
<pin_list>
<pin id="13" dir="1" index="0" bw="1" slack="2147483647"/>
</pin_list>
<bind>
<StgValue><ssdm name="p_str102"/></StgValue>
</bind>
</comp>

<comp id="14" class="1001" name="const_14">
<pin_list>
<pin id="15" dir="1" index="0" bw="1" slack="2147483647"/>
</pin_list>
<bind>
<StgValue><ssdm name="p_str103"/></StgValue>
</bind>
</comp>

<comp id="16" class="1001" name="const_16">
<pin_list>
<pin id="17" dir="1" index="0" bw="1" slack="2147483647"/>
</pin_list>
<bind>
<StgValue><ssdm name="p_str104"/></StgValue>
</bind>
</comp>

<comp id="18" class="1001" name="const_18">
<pin_list>
<pin id="19" dir="1" index="0" bw="1" slack="2147483647"/>
</pin_list>
<bind>
<StgValue><ssdm name=""/></StgValue>
</bind>
</comp>

<comp id="20" class="1001" name="const_20">
<pin_list>
<pin id="21" dir="1" index="0" bw="1" slack="2147483647"/>
</pin_list>
<bind>
<StgValue><ssdm name=""/></StgValue>
</bind>
</comp>

<comp id="22" class="1001" name="const_22">
<pin_list>
<pin id="23" dir="1" index="0" bw="1" slack="2147483647"/>
</pin_list>
<bind>
<StgValue><ssdm name="p_str105"/></StgValue>
</bind>
</comp>

<comp id="24" class="1001" name="const_24">
<pin_list>
<pin id="25" dir="1" index="0" bw="1" slack="2147483647"/>
</pin_list>
<bind>
<StgValue><ssdm name="p_str106"/></StgValue>
</bind>
</comp>

<comp id="26" class="1001" name="const_26">
<pin_list>
<pin id="27" dir="1" index="0" bw="1" slack="2147483647"/>
</pin_list>
<bind>
<StgValue><ssdm name="p_str94"/></StgValue>
</bind>
</comp>

<comp id="28" class="1001" name="const_28">
<pin_list>
<pin id="29" dir="1" index="0" bw="1" slack="2147483647"/>
</pin_list>
<bind>
<StgValue><ssdm name="p_str95"/></StgValue>
</bind>
</comp>

<comp id="30" class="1001" name="const_30">
<pin_list>
<pin id="31" dir="1" index="0" bw="1" slack="2147483647"/>
</pin_list>
<bind>
<StgValue><ssdm name="p_str96"/></StgValue>
</bind>
</comp>

<comp id="32" class="1001" name="const_32">
<pin_list>
<pin id="33" dir="1" index="0" bw="1" slack="2147483647"/>
</pin_list>
<bind>
<StgValue><ssdm name="p_str97"/></StgValue>
</bind>
</comp>

<comp id="34" class="1001" name="const_34">
<pin_list>
<pin id="35" dir="1" index="0" bw="1" slack="2147483647"/>
</pin_list>
<bind>
<StgValue><ssdm name="p_str98"/></StgValue>
</bind>
</comp>

<comp id="36" class="1001" name="const_36">
<pin_list>
<pin id="37" dir="1" index="0" bw="1" slack="2147483647"/>
</pin_list>
<bind>
<StgValue><ssdm name="p_str99"/></StgValue>
</bind>
</comp>

<comp id="38" class="1001" name="const_38">
<pin_list>
<pin id="39" dir="1" index="0" bw="1" slack="1"/>
</pin_list>
<bind>
<StgValue><ssdm name=""/></StgValue>
</bind>
</comp>

<comp id="40" class="1001" name="const_40">
<pin_list>
<pin id="41" dir="1" index="0" bw="1" slack="0"/>
</pin_list>
<bind>
<StgValue><ssdm name=""/></StgValue>
</bind>
</comp>

<comp id="42" class="1001" name="const_42">
<pin_list>
<pin id="43" dir="1" index="0" bw="1" slack="2147483647"/>
</pin_list>
<bind>
<StgValue><ssdm name="_ssdm_op_SpecLoopTripCount"/></StgValue>
</bind>
</comp>

<comp id="44" class="1001" name="const_44">
<pin_list>
<pin id="45" dir="1" index="0" bw="1" slack="2147483647"/>
</pin_list>
<bind>
<StgValue><ssdm name=""/></StgValue>
</bind>
</comp>

<comp id="46" class="1001" name="const_46">
<pin_list>
<pin id="47" dir="1" index="0" bw="1" slack="0"/>
</pin_list>
<bind>
<StgValue><ssdm name=""/></StgValue>
</bind>
</comp>

<comp id="48" class="1001" name="const_48">
<pin_list>
<pin id="49" dir="1" index="0" bw="1" slack="2147483647"/>
</pin_list>
<bind>
<StgValue><ssdm name="_ssdm_op_SpecLoopName"/></StgValue>
</bind>
</comp>

<comp id="50" class="1001" name="const_50">
<pin_list>
<pin id="51" dir="1" index="0" bw="1" slack="2147483647"/>
</pin_list>
<bind>
<StgValue><ssdm name="p_str9"/></StgValue>
</bind>
</comp>

<comp id="52" class="1001" name="const_52">
<pin_list>
<pin id="53" dir="1" index="0" bw="1" slack="2147483647"/>
</pin_list>
<bind>
<StgValue><ssdm name="_ssdm_op_SpecRegionBegin"/></StgValue>
</bind>
</comp>

<comp id="54" class="1001" name="const_54">
<pin_list>
<pin id="55" dir="1" index="0" bw="1" slack="1"/>
</pin_list>
<bind>
<StgValue><ssdm name=""/></StgValue>
</bind>
</comp>

<comp id="56" class="1001" name="const_56">
<pin_list>
<pin id="57" dir="1" index="0" bw="1" slack="0"/>
</pin_list>
<bind>
<StgValue><ssdm name=""/></StgValue>
</bind>
</comp>

<comp id="58" class="1001" name="const_58">
<pin_list>
<pin id="59" dir="1" index="0" bw="1" slack="2147483647"/>
</pin_list>
<bind>
<StgValue><ssdm name=""/></StgValue>
</bind>
</comp>

<comp id="60" class="1001" name="const_60">
<pin_list>
<pin id="61" dir="1" index="0" bw="1" slack="0"/>
</pin_list>
<bind>
<StgValue><ssdm name=""/></StgValue>
</bind>
</comp>

<comp id="62" class="1001" name="const_62">
<pin_list>
<pin id="63" dir="1" index="0" bw="1" slack="2147483647"/>
</pin_list>
<bind>
<StgValue><ssdm name="p_str14"/></StgValue>
</bind>
</comp>

<comp id="64" class="1001" name="const_64">
<pin_list>
<pin id="65" dir="1" index="0" bw="1" slack="2147483647"/>
</pin_list>
<bind>
<StgValue><ssdm name="_ssdm_op_SpecProtocol"/></StgValue>
</bind>
</comp>

<comp id="66" class="1001" name="const_66">
<pin_list>
<pin id="67" dir="1" index="0" bw="1" slack="2147483647"/>
</pin_list>
<bind>
<StgValue><ssdm name="p_str3"/></StgValue>
</bind>
</comp>

<comp id="68" class="1001" name="const_68">
<pin_list>
<pin id="69" dir="1" index="0" bw="1" slack="0"/>
</pin_list>
<bind>
<StgValue><ssdm name="_ssdm_op_Read.ap_fifo.volatile.i8P"/></StgValue>
</bind>
</comp>

<comp id="70" class="1001" name="const_70">
<pin_list>
<pin id="71" dir="1" index="0" bw="1" slack="2147483647"/>
</pin_list>
<bind>
<StgValue><ssdm name="_ssdm_op_SpecRegionEnd"/></StgValue>
</bind>
</comp>

<comp id="72" class="1001" name="const_72">
<pin_list>
<pin id="73" dir="1" index="0" bw="1" slack="0"/>
</pin_list>
<bind>
<StgValue><ssdm name=""/></StgValue>
</bind>
</comp>

<comp id="74" class="1001" name="const_74">
<pin_list>
<pin id="75" dir="1" index="0" bw="1" slack="2147483647"/>
</pin_list>
<bind>
<StgValue><ssdm name="p_str10"/></StgValue>
</bind>
</comp>

<comp id="76" class="1001" name="const_76">
<pin_list>
<pin id="77" dir="1" index="0" bw="1" slack="2147483647"/>
</pin_list>
<bind>
<StgValue><ssdm name="_ssdm_op_SpecPipeline"/></StgValue>
</bind>
</comp>

<comp id="78" class="1001" name="const_78">
<pin_list>
<pin id="79" dir="1" index="0" bw="1" slack="2147483647"/>
</pin_list>
<bind>
<StgValue><ssdm name=""/></StgValue>
</bind>
</comp>

<comp id="80" class="1001" name="const_80">
<pin_list>
<pin id="81" dir="1" index="0" bw="1" slack="0"/>
</pin_list>
<bind>
<StgValue><ssdm name=""/></StgValue>
</bind>
</comp>

<comp id="82" class="1001" name="const_82">
<pin_list>
<pin id="83" dir="1" index="0" bw="1" slack="0"/>
</pin_list>
<bind>
<StgValue><ssdm name=""/></StgValue>
</bind>
</comp>

<comp id="84" class="1001" name="const_84">
<pin_list>
<pin id="85" dir="1" index="0" bw="1" slack="2147483647"/>
</pin_list>
<bind>
<StgValue><ssdm name="p_str19"/></StgValue>
</bind>
</comp>

<comp id="86" class="1001" name="const_86">
<pin_list>
<pin id="87" dir="1" index="0" bw="1" slack="0"/>
</pin_list>
<bind>
<StgValue><ssdm name="_ssdm_op_Write.ap_fifo.volatile.i8P"/></StgValue>
</bind>
</comp>

<comp id="88" class="1004" name="tmp_1_read_fu_88">
<pin_list>
<pin id="89" dir="0" index="0" bw="8" slack="0"/>
<pin id="90" dir="0" index="1" bw="8" slack="0"/>
<pin id="91" dir="1" index="2" bw="8" slack="0"/>
</pin_list>
<bind>
<opcode="read(1150) " fcode="read"/>
<opset="tmp_1/4 "/>
</bind>
</comp>

<comp id="94" class="1004" name="StgValue_35_write_fu_94">
<pin_list>
<pin id="95" dir="0" index="0" bw="0" slack="0"/>
<pin id="96" dir="0" index="1" bw="8" slack="0"/>
<pin id="97" dir="0" index="2" bw="8" slack="0"/>
<pin id="98" dir="1" index="3" bw="0" slack="2147483647"/>
</pin_list>
<bind>
<opcode="write(1151) " fcode="write"/>
<opset="StgValue_35/5 "/>
</bind>
</comp>

<comp id="101" class="1005" name="t_V_reg_101">
<pin_list>
<pin id="102" dir="0" index="0" bw="10" slack="1"/>
<pin id="103" dir="1" index="1" bw="10" slack="1"/>
</pin_list>
<bind>
<opset="t_V (phireg) "/>
</bind>
</comp>

<comp id="105" class="1004" name="t_V_phi_fu_105">
<pin_list>
<pin id="106" dir="0" index="0" bw="1" slack="1"/>
<pin id="107" dir="0" index="1" bw="0" slack="2147483647"/>
<pin id="108" dir="0" index="2" bw="10" slack="0"/>
<pin id="109" dir="0" index="3" bw="0" slack="2147483647"/>
<pin id="110" dir="1" index="4" bw="10" slack="0"/>
</pin_list>
<bind>
<opcode="phi(47) " fcode="phi"/>
<opset="t_V/2 "/>
</bind>
</comp>

<comp id="112" class="1005" name="t_V_1_reg_112">
<pin_list>
<pin id="113" dir="0" index="0" bw="11" slack="1"/>
<pin id="114" dir="1" index="1" bw="11" slack="1"/>
</pin_list>
<bind>
<opset="t_V_1 (phireg) "/>
</bind>
</comp>

<comp id="116" class="1004" name="t_V_1_phi_fu_116">
<pin_list>
<pin id="117" dir="0" index="0" bw="1" slack="1"/>
<pin id="118" dir="0" index="1" bw="0" slack="2147483647"/>
<pin id="119" dir="0" index="2" bw="11" slack="0"/>
<pin id="120" dir="0" index="3" bw="0" slack="2147483647"/>
<pin id="121" dir="1" index="4" bw="11" slack="0"/>
</pin_list>
<bind>
<opcode="phi(47) " fcode="phi"/>
<opset="t_V_1/3 "/>
</bind>
</comp>

<comp id="123" class="1004" name="exitcond1_fu_123">
<pin_list>
<pin id="124" dir="0" index="0" bw="10" slack="0"/>
<pin id="125" dir="0" index="1" bw="10" slack="0"/>
<pin id="126" dir="1" index="2" bw="1" slack="1"/>
</pin_list>
<bind>
<opcode="icmp(45) " fcode="icmp"/>
<opset="exitcond1/2 "/>
</bind>
</comp>

<comp id="129" class="1004" name="i_V_fu_129">
<pin_list>
<pin id="130" dir="0" index="0" bw="10" slack="0"/>
<pin id="131" dir="0" index="1" bw="1" slack="0"/>
<pin id="132" dir="1" index="2" bw="10" slack="0"/>
</pin_list>
<bind>
<opcode="add(8) " fcode="add"/>
<opset="i_V/2 "/>
</bind>
</comp>

<comp id="135" class="1004" name="exitcond_fu_135">
<pin_list>
<pin id="136" dir="0" index="0" bw="11" slack="0"/>
<pin id="137" dir="0" index="1" bw="11" slack="0"/>
<pin id="138" dir="1" index="2" bw="1" slack="1"/>
</pin_list>
<bind>
<opcode="icmp(45) " fcode="icmp"/>
<opset="exitcond/3 "/>
</bind>
</comp>

<comp id="141" class="1004" name="j_V_fu_141">
<pin_list>
<pin id="142" dir="0" index="0" bw="11" slack="0"/>
<pin id="143" dir="0" index="1" bw="1" slack="0"/>
<pin id="144" dir="1" index="2" bw="11" slack="0"/>
</pin_list>
<bind>
<opcode="add(8) " fcode="add"/>
<opset="j_V/3 "/>
</bind>
</comp>

<comp id="147" class="1004" name="tmp_6_fu_147">
<pin_list>
<pin id="148" dir="0" index="0" bw="8" slack="0"/>
<pin id="149" dir="0" index="1" bw="8" slack="0"/>
<pin id="150" dir="1" index="2" bw="1" slack="1"/>
</pin_list>
<bind>
<opcode="icmp(45) " fcode="icmp"/>
<opset="tmp_6/4 "/>
</bind>
</comp>

<comp id="153" class="1004" name="tmp_2_fu_153">
<pin_list>
<pin id="154" dir="0" index="0" bw="1" slack="1"/>
<pin id="155" dir="0" index="1" bw="1" slack="0"/>
<pin id="156" dir="0" index="2" bw="1" slack="0"/>
<pin id="157" dir="1" index="3" bw="8" slack="0"/>
</pin_list>
<bind>
<opcode="select(49) " fcode="select"/>
<opset="tmp_2/5 "/>
</bind>
</comp>

<comp id="161" class="1005" name="exitcond1_reg_161">
<pin_list>
<pin id="162" dir="0" index="0" bw="1" slack="1"/>
<pin id="163" dir="1" index="1" bw="1" slack="2147483647"/>
</pin_list>
<bind>
<opset="exitcond1 "/>
</bind>
</comp>

<comp id="165" class="1005" name="i_V_reg_165">
<pin_list>
<pin id="166" dir="0" index="0" bw="10" slack="0"/>
<pin id="167" dir="1" index="1" bw="10" slack="0"/>
</pin_list>
<bind>
<opset="i_V "/>
</bind>
</comp>

<comp id="170" class="1005" name="exitcond_reg_170">
<pin_list>
<pin id="171" dir="0" index="0" bw="1" slack="1"/>
<pin id="172" dir="1" index="1" bw="1" slack="2147483647"/>
</pin_list>
<bind>
<opset="exitcond "/>
</bind>
</comp>

<comp id="174" class="1005" name="j_V_reg_174">
<pin_list>
<pin id="175" dir="0" index="0" bw="11" slack="0"/>
<pin id="176" dir="1" index="1" bw="11" slack="0"/>
</pin_list>
<bind>
<opset="j_V "/>
</bind>
</comp>

<comp id="179" class="1005" name="tmp_6_reg_179">
<pin_list>
<pin id="180" dir="0" index="0" bw="1" slack="1"/>
<pin id="181" dir="1" index="1" bw="1" slack="1"/>
</pin_list>
<bind>
<opset="tmp_6 "/>
</bind>
</comp>

</comp_list>

<net_list>
<net id="92"><net_src comp="68" pin="0"/><net_sink comp="88" pin=0"/></net>

<net id="93"><net_src comp="0" pin="0"/><net_sink comp="88" pin=1"/></net>

<net id="99"><net_src comp="86" pin="0"/><net_sink comp="94" pin=0"/></net>

<net id="100"><net_src comp="2" pin="0"/><net_sink comp="94" pin=1"/></net>

<net id="104"><net_src comp="38" pin="0"/><net_sink comp="101" pin=0"/></net>

<net id="111"><net_src comp="101" pin="1"/><net_sink comp="105" pin=0"/></net>

<net id="115"><net_src comp="54" pin="0"/><net_sink comp="112" pin=0"/></net>

<net id="122"><net_src comp="112" pin="1"/><net_sink comp="116" pin=0"/></net>

<net id="127"><net_src comp="105" pin="4"/><net_sink comp="123" pin=0"/></net>

<net id="128"><net_src comp="40" pin="0"/><net_sink comp="123" pin=1"/></net>

<net id="133"><net_src comp="105" pin="4"/><net_sink comp="129" pin=0"/></net>

<net id="134"><net_src comp="46" pin="0"/><net_sink comp="129" pin=1"/></net>

<net id="139"><net_src comp="116" pin="4"/><net_sink comp="135" pin=0"/></net>

<net id="140"><net_src comp="56" pin="0"/><net_sink comp="135" pin=1"/></net>

<net id="145"><net_src comp="116" pin="4"/><net_sink comp="141" pin=0"/></net>

<net id="146"><net_src comp="60" pin="0"/><net_sink comp="141" pin=1"/></net>

<net id="151"><net_src comp="88" pin="2"/><net_sink comp="147" pin=0"/></net>

<net id="152"><net_src comp="72" pin="0"/><net_sink comp="147" pin=1"/></net>

<net id="158"><net_src comp="80" pin="0"/><net_sink comp="153" pin=1"/></net>

<net id="159"><net_src comp="82" pin="0"/><net_sink comp="153" pin=2"/></net>

<net id="160"><net_src comp="153" pin="3"/><net_sink comp="94" pin=2"/></net>

<net id="164"><net_src comp="123" pin="2"/><net_sink comp="161" pin=0"/></net>

<net id="168"><net_src comp="129" pin="2"/><net_sink comp="165" pin=0"/></net>

<net id="169"><net_src comp="165" pin="1"/><net_sink comp="105" pin=2"/></net>

<net id="173"><net_src comp="135" pin="2"/><net_sink comp="170" pin=0"/></net>

<net id="177"><net_src comp="141" pin="2"/><net_sink comp="174" pin=0"/></net>

<net id="178"><net_src comp="174" pin="1"/><net_sink comp="116" pin=2"/></net>

<net id="182"><net_src comp="147" pin="2"/><net_sink comp="179" pin=0"/></net>

<net id="183"><net_src comp="179" pin="1"/><net_sink comp="153" pin=0"/></net>

</net_list>

</model> 
---------------- Datapath Model END ------------------

* FSMD analyzer results:
  - Output states:
	Port: dst_data_stream_V | {5 }
 - Input state : 
	Port: Threshold : src_data_stream_V | {4 }
  - Chain level:
	State 1
	State 2
		exitcond1 : 1
		i_V : 1
		StgValue_14 : 2
	State 3
		exitcond : 1
		j_V : 1
		StgValue_23 : 2
	State 4
		empty : 1
	State 5
		StgValue_35 : 1
		empty_35 : 1
		empty_36 : 1
	State 6


============================================================
+ Verbose Summary: Datapath Resource usage 
============================================================

* Functional unit list:
|----------|-------------------------|---------|---------|
| Operation|     Functional Unit     |    FF   |   LUT   |
|----------|-------------------------|---------|---------|
|          |     exitcond1_fu_123    |    0    |    13   |
|   icmp   |     exitcond_fu_135     |    0    |    13   |
|          |       tmp_6_fu_147      |    0    |    11   |
|----------|-------------------------|---------|---------|
|    add   |        i_V_fu_129       |    0    |    14   |
|          |        j_V_fu_141       |    0    |    13   |
|----------|-------------------------|---------|---------|
|  select  |       tmp_2_fu_153      |    0    |    2    |
|----------|-------------------------|---------|---------|
|   read   |     tmp_1_read_fu_88    |    0    |    0    |
|----------|-------------------------|---------|---------|
|   write  | StgValue_35_write_fu_94 |    0    |    0    |
|----------|-------------------------|---------|---------|
|   Total  |                         |    0    |    66   |
|----------|-------------------------|---------|---------|

Memories:
N/A

* Register list:
+-----------------+--------+
|                 |   FF   |
+-----------------+--------+
|exitcond1_reg_161|    1   |
| exitcond_reg_170|    1   |
|   i_V_reg_165   |   10   |
|   j_V_reg_174   |   11   |
|  t_V_1_reg_112  |   11   |
|   t_V_reg_101   |   10   |
|  tmp_6_reg_179  |    1   |
+-----------------+--------+
|      Total      |   45   |
+-----------------+--------+

* Multiplexer (MUX) list: 
|--------|------|------|------|--------|
|  Comp  |  Pin | Size |  BW  | S x BW |
|--------|------|------|------|--------|
|  Total |      |      |      |    0   |
|--------|------|------|------|--------|



* Summary:
+-----------+--------+--------+
|           |   FF   |   LUT  |
+-----------+--------+--------+
|  Function |    0   |   66   |
|   Memory  |    -   |    -   |
|Multiplexer|    -   |    -   |
|  Register |   45   |    -   |
+-----------+--------+--------+
|   Total   |   45   |   66   |
+-----------+--------+--------+
